#
# There is insufficient memory for the Java Runtime Environment to continue.
# Native memory allocation (malloc) failed to allocate 1032976 bytes for Chunk::new
# Possible reasons:
#   The system is out of physical RAM or swap space
#   The process is running with CompressedOops enabled, and the Java Heap may be blocking the growth of the native heap
# Possible solutions:
#   Reduce memory load on the system
#   Increase physical memory or swap space
#   Check if swap backing store is full
#   Decrease Java heap size (-Xmx/-Xms)
#   Decrease number of Java threads
#   Decrease Java thread stack sizes (-Xss)
#   Set larger code cache with -XX:ReservedCodeCacheSize=
#   JVM is running with Zero Based Compressed Oops mode in which the Java heap is
#     placed in the first 32GB address space. The Java Heap base address is the
#     maximum limit for the native heap growth. Please use -XX:HeapBaseMinAddress
#     to set the Java Heap base and to place the Java Heap above 32GB virtual address.
# This output file may be truncated or incomplete.
#
#  Out of Memory Error (arena.cpp:168), pid=16940, tid=26072
#
# JRE version: Java(TM) SE Runtime Environment (21.0.2+13) (build 21.0.2+13-LTS-58)
# Java VM: Java HotSpot(TM) 64-Bit Server VM (21.0.2+13-LTS-58, mixed mode, sharing, tiered, compressed oops, compressed class ptrs, g1 gc, windows-amd64)
# No core dump will be written. Minidumps are not enabled by default on client versions of Windows
#

---------------  S U M M A R Y ------------

Command Line: -javaagent:D:\Intellij\IntelliJ IDEA Community Edition 2023.3.4\lib\idea_rt.jar=50221:D:\Intellij\IntelliJ IDEA Community Edition 2023.3.4\bin -Dfile.encoding=UTF-8 -Dsun.stdout.encoding=UTF-8 -Dsun.stderr.encoding=UTF-8 com.NTTT.EmailService.EmailServiceApplication

Host: Intel(R) Core(TM) i5-10300H CPU @ 2.50GHz, 8 cores, 15G,  Windows 11 , 64 bit Build 22621 (10.0.22621.3527)
Time: Tue May 14 22:25:15 2024 SE Asia Standard Time elapsed time: 11727.669083 seconds (0d 3h 15m 27s)

---------------  T H R E A D  ---------------

Current thread (0x000001a25b568c70):  JavaThread "C2 CompilerThread0" daemon [_thread_in_native, id=26072, stack(0x0000001ecf700000,0x0000001ecf800000) (1024K)]


Current CompileTask:
C2:11727669 11934   !   4       jdk.internal.loader.Resource::getBytes (244 bytes)

Stack: [0x0000001ecf700000,0x0000001ecf800000]
Native frames: (J=compiled Java code, j=interpreted, Vv=VM code, C=native code)
V  [jvm.dll+0x6cade9]
V  [jvm.dll+0x8569c1]
V  [jvm.dll+0x858d2e]
V  [jvm.dll+0x859413]
V  [jvm.dll+0x280e56]
V  [jvm.dll+0xc3f3d]
V  [jvm.dll+0xc4473]
V  [jvm.dll+0x3b5bf2]
V  [jvm.dll+0x382855]
V  [jvm.dll+0x381cca]
V  [jvm.dll+0x249bd0]
V  [jvm.dll+0x2491b1]
V  [jvm.dll+0x1c9634]
V  [jvm.dll+0x258859]
V  [jvm.dll+0x256e3a]
V  [jvm.dll+0x3ef6c6]
V  [jvm.dll+0x7ff568]
V  [jvm.dll+0x6c953d]
C  [ucrtbase.dll+0x29333]
C  [KERNEL32.DLL+0x1257d]
C  [ntdll.dll+0x5aa48]


---------------  P R O C E S S  ---------------

Threads class SMR info:
_java_thread_list=0x000001a2a1f6aa10, length=54, elements={
0x000001a25b53fa60, 0x000001a25b540930, 0x000001a25b542e50, 0x000001a25b544320,
0x000001a25b565890, 0x000001a25b567050, 0x000001a25b568c70, 0x000001a25b570c80,
0x000001a25b86a9f0, 0x000001a2a1364910, 0x000001a2a1364f80, 0x000001a2a4abc320,
0x000001a2a481f900, 0x000001a2a2bada20, 0x000001a25b86b460, 0x000001a2a50464a0,
0x000001a2a5046b30, 0x000001a2a5047ee0, 0x000001a2a50471c0, 0x000001a2a5045780,
0x000001a2a5047850, 0x000001a2a5044a60, 0x000001a2a50450f0, 0x000001a2a758e8f0,
0x000001a2a758a0c0, 0x000001a2a758dbd0, 0x000001a2a758a750, 0x000001a2a75893a0,
0x000001a2a758e260, 0x000001a2a7589a30, 0x000001a2a758ade0, 0x000001a2a758d540,
0x000001a2a758c190, 0x000001a2a758b470, 0x000001a2a758ceb0, 0x000001a2a758c820,
0x000001a2a758ef80, 0x000001a2a758bb00, 0x000001a2a758f610, 0x000001a2a7588680,
0x000001a2a7588d10, 0x000001a2a64ce250, 0x000001a2a64cef70, 0x000001a2a64cf600,
0x000001a2a64cd530, 0x000001a2a64cfc90, 0x000001a2a64cdbc0, 0x000001a2a64ccea0,
0x000001a2a64ce8e0, 0x000001a2a19be350, 0x000001a2a19bdcc0, 0x000001a2a19c0ab0,
0x000001a2a19be9e0, 0x000001a2a43e14c0
}

Java Threads: ( => current thread )
  0x000001a25b53fa60 JavaThread "Reference Handler"          daemon [_thread_blocked, id=26688, stack(0x0000001ecf100000,0x0000001ecf200000) (1024K)]
  0x000001a25b540930 JavaThread "Finalizer"                  daemon [_thread_blocked, id=17212, stack(0x0000001ecf200000,0x0000001ecf300000) (1024K)]
  0x000001a25b542e50 JavaThread "Signal Dispatcher"          daemon [_thread_blocked, id=7680, stack(0x0000001ecf300000,0x0000001ecf400000) (1024K)]
  0x000001a25b544320 JavaThread "Attach Listener"            daemon [_thread_blocked, id=27596, stack(0x0000001ecf400000,0x0000001ecf500000) (1024K)]
  0x000001a25b565890 JavaThread "Service Thread"             daemon [_thread_blocked, id=28100, stack(0x0000001ecf500000,0x0000001ecf600000) (1024K)]
  0x000001a25b567050 JavaThread "Monitor Deflation Thread"   daemon [_thread_blocked, id=20500, stack(0x0000001ecf600000,0x0000001ecf700000) (1024K)]
=>0x000001a25b568c70 JavaThread "C2 CompilerThread0"         daemon [_thread_in_native, id=26072, stack(0x0000001ecf700000,0x0000001ecf800000) (1024K)]
  0x000001a25b570c80 JavaThread "C1 CompilerThread0"         daemon [_thread_blocked, id=9464, stack(0x0000001ecf800000,0x0000001ecf900000) (1024K)]
  0x000001a25b86a9f0 JavaThread "Common-Cleaner"             daemon [_thread_blocked, id=25924, stack(0x0000001ecf900000,0x0000001ecfa00000) (1024K)]
  0x000001a2a1364910 JavaThread "Monitor Ctrl-Break"         daemon [_thread_in_native, id=14308, stack(0x0000001ecfb00000,0x0000001ecfc00000) (1024K)]
  0x000001a2a1364f80 JavaThread "Notification Thread"        daemon [_thread_blocked, id=15124, stack(0x0000001ecfc00000,0x0000001ecfd00000) (1024K)]
  0x000001a2a4abc320 JavaThread "Catalina-utility-1"                [_thread_blocked, id=13952, stack(0x0000001ed0600000,0x0000001ed0700000) (1024K)]
  0x000001a2a481f900 JavaThread "Catalina-utility-2"                [_thread_blocked, id=4136, stack(0x0000001ed0700000,0x0000001ed0800000) (1024K)]
  0x000001a2a2bada20 JavaThread "container-0"                       [_thread_blocked, id=25988, stack(0x0000001ed0800000,0x0000001ed0900000) (1024K)]
  0x000001a25b86b460 JavaThread "spring.cloud.inetutils"     daemon [_thread_blocked, id=16668, stack(0x0000001ed0900000,0x0000001ed0a00000) (1024K)]
  0x000001a2a50464a0 JavaThread "AsyncResolver-bootstrap-0"  daemon [_thread_blocked, id=24824, stack(0x0000001ed0a00000,0x0000001ed0b00000) (1024K)]
  0x000001a2a5046b30 JavaThread "idle-connection-evictor-1"  daemon [_thread_blocked, id=16876, stack(0x0000001ed0b00000,0x0000001ed0c00000) (1024K)]
  0x000001a2a5047ee0 JavaThread "DiscoveryClient-0"          daemon [_thread_blocked, id=20652, stack(0x0000001ecfa00000,0x0000001ecfb00000) (1024K)]
  0x000001a2a50471c0 JavaThread "DiscoveryClient-1"          daemon [_thread_blocked, id=27712, stack(0x0000001ed0500000,0x0000001ed0600000) (1024K)]
  0x000001a2a5045780 JavaThread "DiscoveryClient-InstanceInfoReplicator-0" daemon [_thread_blocked, id=20160, stack(0x0000001ed0d00000,0x0000001ed0e00000) (1024K)]
  0x000001a2a5047850 JavaThread "http-nio-8082-exec-1"       daemon [_thread_blocked, id=20672, stack(0x0000001ed0e00000,0x0000001ed0f00000) (1024K)]
  0x000001a2a5044a60 JavaThread "http-nio-8082-exec-2"       daemon [_thread_blocked, id=21964, stack(0x0000001ed0f00000,0x0000001ed1000000) (1024K)]
  0x000001a2a50450f0 JavaThread "http-nio-8082-exec-3"       daemon [_thread_blocked, id=3144, stack(0x0000001ed1000000,0x0000001ed1100000) (1024K)]
  0x000001a2a758e8f0 JavaThread "http-nio-8082-exec-4"       daemon [_thread_blocked, id=14168, stack(0x0000001ed1100000,0x0000001ed1200000) (1024K)]
  0x000001a2a758a0c0 JavaThread "http-nio-8082-exec-5"       daemon [_thread_blocked, id=7692, stack(0x0000001ed1200000,0x0000001ed1300000) (1024K)]
  0x000001a2a758dbd0 JavaThread "http-nio-8082-exec-6"       daemon [_thread_blocked, id=22820, stack(0x0000001ed1300000,0x0000001ed1400000) (1024K)]
  0x000001a2a758a750 JavaThread "http-nio-8082-exec-7"       daemon [_thread_blocked, id=9432, stack(0x0000001ed1400000,0x0000001ed1500000) (1024K)]
  0x000001a2a75893a0 JavaThread "http-nio-8082-exec-8"       daemon [_thread_blocked, id=21156, stack(0x0000001ed1500000,0x0000001ed1600000) (1024K)]
  0x000001a2a758e260 JavaThread "http-nio-8082-exec-9"       daemon [_thread_blocked, id=26596, stack(0x0000001ed1600000,0x0000001ed1700000) (1024K)]
  0x000001a2a7589a30 JavaThread "http-nio-8082-exec-10"      daemon [_thread_blocked, id=2304, stack(0x0000001ed1700000,0x0000001ed1800000) (1024K)]
  0x000001a2a758ade0 JavaThread "http-nio-8082-Poller"       daemon [_thread_in_native, id=12216, stack(0x0000001ed1800000,0x0000001ed1900000) (1024K)]
  0x000001a2a758d540 JavaThread "http-nio-8082-Acceptor"     daemon [_thread_in_native, id=22856, stack(0x0000001ed1900000,0x0000001ed1a00000) (1024K)]
  0x000001a2a758c190 JavaThread "ThreadPoolTaskScheduler-1"         [_thread_blocked, id=19256, stack(0x0000001ed1b00000,0x0000001ed1c00000) (1024K)]
  0x000001a2a758b470 JavaThread "notification-0-C-1"                [_thread_in_native, id=10624, stack(0x0000001ed1c00000,0x0000001ed1d00000) (1024K)]
  0x000001a2a758ceb0 JavaThread "ThreadPoolTaskScheduler-1"         [_thread_blocked, id=11308, stack(0x0000001ed1d00000,0x0000001ed1e00000) (1024K)]
  0x000001a2a758c820 JavaThread "otp-0-C-1"                         [_thread_in_native, id=15548, stack(0x0000001ed1e00000,0x0000001ed1f00000) (1024K)]
  0x000001a2a758ef80 JavaThread "grpc-nio-worker-ELG-1-1"    daemon [_thread_in_native, id=19540, stack(0x0000001ed1f00000,0x0000001ed2000000) (1024K)]
  0x000001a2a758bb00 JavaThread "grpc-nio-worker-ELG-1-2"    daemon [_thread_in_native, id=2984, stack(0x0000001ed2100000,0x0000001ed2200000) (1024K)]
  0x000001a2a758f610 JavaThread "grpc-nio-worker-ELG-1-3"    daemon [_thread_in_native, id=21196, stack(0x0000001ed2200000,0x0000001ed2300000) (1024K)]
  0x000001a2a7588680 JavaThread "kafka-coordinator-heartbeat-thread | otp" daemon [_thread_blocked, id=9848, stack(0x0000001ed2300000,0x0000001ed2400000) (1024K)]
  0x000001a2a7588d10 JavaThread "kafka-coordinator-heartbeat-thread | notification" daemon [_thread_blocked, id=19612, stack(0x0000001ed2400000,0x0000001ed2500000) (1024K)]
  0x000001a2a64ce250 JavaThread "grpc-nio-worker-ELG-1-4"    daemon [_thread_in_native, id=8544, stack(0x0000001ed2500000,0x0000001ed2600000) (1024K)]
  0x000001a2a64cef70 JavaThread "axon-connector-16940@DESKTOP-SPOIOQD-0"        [_thread_blocked, id=14708, stack(0x0000001ed2600000,0x0000001ed2700000) (1024K)]
  0x000001a2a64cf600 JavaThread "axon-connector-16940@DESKTOP-SPOIOQD-1"        [_thread_blocked, id=6116, stack(0x0000001ed2700000,0x0000001ed2800000) (1024K)]
  0x000001a2a64cd530 JavaThread "grpc-default-executor-1"    daemon [_thread_blocked, id=7572, stack(0x0000001ed2800000,0x0000001ed2900000) (1024K)]
  0x000001a2a64cfc90 JavaThread "DestroyJavaVM"                     [_thread_blocked, id=4012, stack(0x0000001ece800000,0x0000001ece900000) (1024K)]
  0x000001a2a64cdbc0 JavaThread "DiscoveryClient-HeartbeatExecutor-0" daemon [_thread_blocked, id=26064, stack(0x0000001ed2a00000,0x0000001ed2b00000) (1024K)]
  0x000001a2a64ccea0 JavaThread "DiscoveryClient-CacheRefreshExecutor-0" daemon [_thread_blocked, id=23792, stack(0x0000001ed2b00000,0x0000001ed2c00000) (1024K)]
  0x000001a2a64ce8e0 JavaThread "AsyncResolver-bootstrap-executor-0" daemon [_thread_blocked, id=19460, stack(0x0000001ece600000,0x0000001ece700000) (1024K)]
  0x000001a2a19be350 JavaThread "grpc-nio-worker-ELG-1-5"    daemon [_thread_in_native, id=30944, stack(0x0000001ed1a00000,0x0000001ed1b00000) (1024K)]
  0x000001a2a19bdcc0 JavaThread "grpc-nio-worker-ELG-1-6"    daemon [_thread_in_native, id=30964, stack(0x0000001ed2000000,0x0000001ed2100000) (1024K)]
  0x000001a2a19c0ab0 JavaThread "grpc-nio-worker-ELG-1-7"    daemon [_thread_in_native, id=30968, stack(0x0000001ed2900000,0x0000001ed2a00000) (1024K)]
  0x000001a2a19be9e0 JavaThread "grpc-nio-worker-ELG-1-8"    daemon [_thread_in_native, id=30972, stack(0x0000001ed2c00000,0x0000001ed2d00000) (1024K)]
  0x000001a2a43e14c0 JavaThread "C2 CompilerThread1"         daemon [_thread_blocked, id=23524, stack(0x0000001ecf000000,0x0000001ecf100000) (1024K)]
Total: 54

Other Threads:
  0x000001a25b5213d0 VMThread "VM Thread"                           [id=19708, stack(0x0000001ecef00000,0x0000001ecf000000) (1024K)]
  0x000001a25b5087a0 WatcherThread "VM Periodic Task Thread"        [id=20232, stack(0x0000001ecee00000,0x0000001ecef00000) (1024K)]
  0x000001a23c497400 WorkerThread "GC Thread#0"                     [id=24468, stack(0x0000001ece900000,0x0000001ecea00000) (1024K)]
  0x000001a2a176dae0 WorkerThread "GC Thread#1"                     [id=14788, stack(0x0000001ecfd00000,0x0000001ecfe00000) (1024K)]
  0x000001a2a179e120 WorkerThread "GC Thread#2"                     [id=18836, stack(0x0000001ecfe00000,0x0000001ecff00000) (1024K)]
  0x000001a2a179e4c0 WorkerThread "GC Thread#3"                     [id=28664, stack(0x0000001ecff00000,0x0000001ed0000000) (1024K)]
  0x000001a2a179ec60 WorkerThread "GC Thread#4"                     [id=22360, stack(0x0000001ed0000000,0x0000001ed0100000) (1024K)]
  0x000001a2a1724630 WorkerThread "GC Thread#5"                     [id=27680, stack(0x0000001ed0100000,0x0000001ed0200000) (1024K)]
  0x000001a2a1db20b0 WorkerThread "GC Thread#6"                     [id=8136, stack(0x0000001ed0300000,0x0000001ed0400000) (1024K)]
  0x000001a2a1d0b9b0 WorkerThread "GC Thread#7"                     [id=18940, stack(0x0000001ed0400000,0x0000001ed0500000) (1024K)]
  0x000001a23c4a7a60 ConcurrentGCThread "G1 Main Marker"            [id=24808, stack(0x0000001ecea00000,0x0000001eceb00000) (1024K)]
  0x000001a23a25e580 WorkerThread "G1 Conc#0"                       [id=24700, stack(0x0000001eceb00000,0x0000001ecec00000) (1024K)]
  0x000001a2a285b010 WorkerThread "G1 Conc#1"                       [id=15160, stack(0x0000001ed0200000,0x0000001ed0300000) (1024K)]
  0x000001a23c4deb90 ConcurrentGCThread "G1 Refine#0"               [id=18708, stack(0x0000001ecec00000,0x0000001eced00000) (1024K)]
  0x000001a25b3dc9f0 ConcurrentGCThread "G1 Service"                [id=6004, stack(0x0000001eced00000,0x0000001ecee00000) (1024K)]
Total: 15

Threads with active compile tasks:
C2 CompilerThread0  11727714 11934   !   4       jdk.internal.loader.Resource::getBytes (244 bytes)
Total: 1

VM state: not at safepoint (normal execution)

VM Mutex/Monitor currently owned by a thread: None

Heap address: 0x0000000702800000, size: 4056 MB, Compressed Oops mode: Zero based, Oop shift amount: 3

CDS archive(s) mapped at: [0x000001a25c000000-0x000001a25cc90000-0x000001a25cc90000), size 13172736, SharedBaseAddress: 0x000001a25c000000, ArchiveRelocationMode: 1.
Compressed class space mapped at: 0x000001a25d000000-0x000001a29d000000, reserved size: 1073741824
Narrow klass base: 0x000001a25c000000, Narrow klass shift: 0, Narrow klass range: 0x100000000

GC Precious Log:
 CardTable entry size: 512
 Card Set container configuration: InlinePtr #cards 4 size 8 Array Of Cards #cards 16 size 48 Howl #buckets 8 coarsen threshold 3686 Howl Bitmap #cards 512 size 80 coarsen threshold 460 Card regions per heap region 1 cards per card region 4096
 CPUs: 8 total, 8 available
 Memory: 16220M
 Large Page Support: Disabled
 NUMA Support: Disabled
 Compressed Oops: Enabled (Zero based)
 Heap Region Size: 2M
 Heap Min Capacity: 8M
 Heap Initial Capacity: 254M
 Heap Max Capacity: 4056M
 Pre-touch: Disabled
 Parallel Workers: 8
 Concurrent Workers: 2
 Concurrent Refinement Workers: 8
 Periodic GC: Disabled

Heap:
 garbage-first heap   total 75776K, used 40735K [0x0000000702800000, 0x0000000800000000)
  region size 2048K, 5 young (10240K), 1 survivors (2048K)
 Metaspace       used 71441K, committed 72256K, reserved 1114112K
  class space    used 8523K, committed 9024K, reserved 1048576K

Heap Regions: E=young(eden), S=young(survivor), O=old, HS=humongous(starts), HC=humongous(continues), CS=collection set, F=free, TAMS=top-at-mark-start, PB=parsable bottom
|   0|0x0000000702800000, 0x0000000702a00000, 0x0000000702a00000|100%| O|  |TAMS 0x0000000702800000| PB 0x0000000702800000| Untracked 
|   1|0x0000000702a00000, 0x0000000702c00000, 0x0000000702c00000|100%| O|  |TAMS 0x0000000702a00000| PB 0x0000000702a00000| Untracked 
|   2|0x0000000702c00000, 0x0000000702e00000, 0x0000000702e00000|100%| O|  |TAMS 0x0000000702c00000| PB 0x0000000702c00000| Untracked 
|   3|0x0000000702e00000, 0x0000000703000000, 0x0000000703000000|100%| O|  |TAMS 0x0000000702e00000| PB 0x0000000702e00000| Untracked 
|   4|0x0000000703000000, 0x0000000703200000, 0x0000000703200000|100%| O|  |TAMS 0x0000000703000000| PB 0x0000000703000000| Untracked 
|   5|0x0000000703200000, 0x000000070333cce0, 0x0000000703400000| 61%| O|  |TAMS 0x0000000703200000| PB 0x0000000703200000| Untracked 
|   6|0x0000000703400000, 0x0000000703600000, 0x0000000703600000|100%| O|  |TAMS 0x0000000703400000| PB 0x0000000703400000| Untracked 
|   7|0x0000000703600000, 0x0000000703800000, 0x0000000703800000|100%| O|  |TAMS 0x0000000703600000| PB 0x0000000703600000| Untracked 
|   8|0x0000000703800000, 0x0000000703a00000, 0x0000000703a00000|100%| O|  |TAMS 0x0000000703800000| PB 0x0000000703800000| Untracked 
|   9|0x0000000703a00000, 0x0000000703c00000, 0x0000000703c00000|100%| O|  |TAMS 0x0000000703a00000| PB 0x0000000703a00000| Untracked 
|  10|0x0000000703c00000, 0x0000000703e00000, 0x0000000703e00000|100%| O|  |TAMS 0x0000000703c00000| PB 0x0000000703c00000| Untracked 
|  11|0x0000000703e00000, 0x0000000704000000, 0x0000000704000000|100%| O|  |TAMS 0x0000000703e00000| PB 0x0000000703e00000| Untracked 
|  12|0x0000000704000000, 0x0000000704200000, 0x0000000704200000|100%| O|  |TAMS 0x0000000704000000| PB 0x0000000704000000| Untracked 
|  13|0x0000000704200000, 0x0000000704400000, 0x0000000704400000|100%| O|  |TAMS 0x0000000704200000| PB 0x0000000704200000| Untracked 
|  14|0x0000000704400000, 0x0000000704600000, 0x0000000704600000|100%| O|  |TAMS 0x0000000704400000| PB 0x0000000704400000| Untracked 
|  15|0x0000000704600000, 0x0000000704600000, 0x0000000704800000|  0%| F|  |TAMS 0x0000000704600000| PB 0x0000000704600000| Untracked 
|  16|0x0000000704800000, 0x0000000704800000, 0x0000000704a00000|  0%| F|  |TAMS 0x0000000704800000| PB 0x0000000704800000| Untracked 
|  17|0x0000000704a00000, 0x0000000704c00000, 0x0000000704c00000|100%| O|  |TAMS 0x0000000704a00000| PB 0x0000000704a00000| Untracked 
|  18|0x0000000704c00000, 0x0000000704c00000, 0x0000000704e00000|  0%| F|  |TAMS 0x0000000704c00000| PB 0x0000000704c00000| Untracked 
|  19|0x0000000704e00000, 0x0000000705000000, 0x0000000705000000|100%| O|  |TAMS 0x0000000704e00000| PB 0x0000000704e00000| Untracked 
|  20|0x0000000705000000, 0x0000000705000000, 0x0000000705200000|  0%| F|  |TAMS 0x0000000705000000| PB 0x0000000705000000| Untracked 
|  21|0x0000000705200000, 0x000000070528b070, 0x0000000705400000| 27%| S|CS|TAMS 0x0000000705200000| PB 0x0000000705200000| Complete 
|  22|0x0000000705400000, 0x0000000705400000, 0x0000000705600000|  0%| F|  |TAMS 0x0000000705400000| PB 0x0000000705400000| Untracked 
|  23|0x0000000705600000, 0x0000000705600000, 0x0000000705800000|  0%| F|  |TAMS 0x0000000705600000| PB 0x0000000705600000| Untracked 
|  24|0x0000000705800000, 0x0000000705800000, 0x0000000705a00000|  0%| F|  |TAMS 0x0000000705800000| PB 0x0000000705800000| Untracked 
|  25|0x0000000705a00000, 0x0000000705a00000, 0x0000000705c00000|  0%| F|  |TAMS 0x0000000705a00000| PB 0x0000000705a00000| Untracked 
|  26|0x0000000705c00000, 0x0000000705c00000, 0x0000000705e00000|  0%| F|  |TAMS 0x0000000705c00000| PB 0x0000000705c00000| Untracked 
|  27|0x0000000705e00000, 0x0000000705e00000, 0x0000000706000000|  0%| F|  |TAMS 0x0000000705e00000| PB 0x0000000705e00000| Untracked 
|  28|0x0000000706000000, 0x0000000706000000, 0x0000000706200000|  0%| F|  |TAMS 0x0000000706000000| PB 0x0000000706000000| Untracked 
|  29|0x0000000706200000, 0x0000000706200000, 0x0000000706400000|  0%| F|  |TAMS 0x0000000706200000| PB 0x0000000706200000| Untracked 
|  30|0x0000000706400000, 0x0000000706400000, 0x0000000706600000|  0%| F|  |TAMS 0x0000000706400000| PB 0x0000000706400000| Untracked 
|  91|0x000000070de00000, 0x000000070de00000, 0x000000070e000000|  0%| F|  |TAMS 0x000000070de00000| PB 0x000000070de00000| Untracked 
|  92|0x000000070e000000, 0x000000070e000000, 0x000000070e200000|  0%| F|  |TAMS 0x000000070e000000| PB 0x000000070e000000| Untracked 
|  93|0x000000070e200000, 0x000000070e3ac080, 0x000000070e400000| 83%| E|  |TAMS 0x000000070e200000| PB 0x000000070e200000| Complete 
|  94|0x000000070e400000, 0x000000070e600000, 0x000000070e600000|100%| E|CS|TAMS 0x000000070e400000| PB 0x000000070e400000| Complete 
| 125|0x0000000712200000, 0x0000000712400000, 0x0000000712400000|100%| E|CS|TAMS 0x0000000712200000| PB 0x0000000712200000| Complete 
| 126|0x0000000712400000, 0x0000000712600000, 0x0000000712600000|100%| E|CS|TAMS 0x0000000712400000| PB 0x0000000712400000| Complete 

Card table byte_map: [0x000001a2543a0000,0x000001a254b90000] _byte_map_base: 0x000001a250b8c000

Marking Bits: (CMBitMap*) 0x000001a23a25d810
 Bits: [0x000001a254b90000, 0x000001a258af0000)

Polling page: 0x000001a23a370000

Metaspace:

Usage:
  Non-class:     61.44 MB used.
      Class:      8.32 MB used.
       Both:     69.77 MB used.

Virtual space:
  Non-class space:       64.00 MB reserved,      61.75 MB ( 96%) committed,  1 nodes.
      Class space:        1.00 GB reserved,       8.81 MB ( <1%) committed,  1 nodes.
             Both:        1.06 GB reserved,      70.56 MB (  6%) committed. 

Chunk freelists:
   Non-Class:  2.22 MB
       Class:  7.38 MB
        Both:  9.60 MB

MaxMetaspaceSize: unlimited
CompressedClassSpaceSize: 1.00 GB
Initial GC threshold: 21.00 MB
Current GC threshold: 117.44 MB
CDS: on
 - commit_granule_bytes: 65536.
 - commit_granule_words: 8192.
 - virtual_space_node_default_size: 8388608.
 - enlarge_chunks_in_place: 1.
 - use_allocation_guard: 0.


Internal statistics:

num_allocs_failed_limit: 17.
num_arena_births: 1226.
num_arena_deaths: 514.
num_vsnodes_births: 2.
num_vsnodes_deaths: 0.
num_space_committed: 1129.
num_space_uncommitted: 0.
num_chunks_returned_to_freelist: 595.
num_chunks_taken_from_freelist: 3892.
num_chunk_merges: 162.
num_chunk_splits: 2660.
num_chunks_enlarged: 2047.
num_inconsistent_stats: 0.

CodeHeap 'non-profiled nmethods': size=120000Kb used=4024Kb max_used=5248Kb free=115975Kb
 bounds [0x000001a24c350000, 0x000001a24c880000, 0x000001a253880000]
CodeHeap 'profiled nmethods': size=120000Kb used=9917Kb max_used=15490Kb free=110082Kb
 bounds [0x000001a244880000, 0x000001a2457b0000, 0x000001a24bdb0000]
CodeHeap 'non-nmethods': size=5760Kb used=1720Kb max_used=1808Kb free=4039Kb
 bounds [0x000001a24bdb0000, 0x000001a24c020000, 0x000001a24c350000]
 total_blobs=5809 nmethods=5056 adapters=656
 compilation: enabled
              stopped_count=0, restarted_count=0
 full_count=0

Compilation events (20 events):
Event: 11727.649 Thread 0x000001a25b570c80 nmethod 11941 0x000001a2450be010 code [0x000001a2450be1c0, 0x000001a2450be338]
Event: 11727.651 Thread 0x000001a25b570c80 11943       2       java.lang.ClassLoader::defineClass (43 bytes)
Event: 11727.652 Thread 0x000001a25b570c80 nmethod 11943 0x000001a245370690 code [0x000001a245370860, 0x000001a245370ae0]
Event: 11727.659 Thread 0x000001a2a43e14c0 11939       4       java.util.jar.Manifest$FastInputStream::readLine (296 bytes)
Event: 11727.659 Thread 0x000001a25b570c80 11945       3       jdk.internal.org.objectweb.asm.SymbolTable$Entry::<init> (20 bytes)
Event: 11727.659 Thread 0x000001a25b570c80 nmethod 11945 0x000001a24545ab10 code [0x000001a24545acc0, 0x000001a24545ae18]
Event: 11727.660 Thread 0x000001a25b570c80 11946       2       jdk.internal.org.objectweb.asm.Attribute::computeAttributesSize (62 bytes)
Event: 11727.660 Thread 0x000001a25b570c80 nmethod 11946 0x000001a2456eea90 code [0x000001a2456eec60, 0x000001a2456eee50]
Event: 11727.660 Thread 0x000001a25b570c80 11947       2       jdk.internal.org.objectweb.asm.AnnotationWriter::computeAnnotationsSize (66 bytes)
Event: 11727.660 Thread 0x000001a25b570c80 nmethod 11947 0x000001a245756310 code [0x000001a2457564e0, 0x000001a2457566e0]
Event: 11727.660 Thread 0x000001a25b570c80 11950       2       jdk.internal.org.objectweb.asm.Attribute::putAttributes (78 bytes)
Event: 11727.660 Thread 0x000001a25b570c80 nmethod 11950 0x000001a245755990 code [0x000001a245755bc0, 0x000001a245755ef8]
Event: 11727.661 Thread 0x000001a25b570c80 11949       3       jdk.internal.org.objectweb.asm.SymbolTable::addConstantNameAndType (137 bytes)
Event: 11727.661 Thread 0x000001a25b570c80 nmethod 11949 0x000001a244f61790 code [0x000001a244f61a00, 0x000001a244f62140]
Event: 11727.661 Thread 0x000001a25b570c80 11951       3       jdk.internal.misc.VM::isSystemDomainLoader (17 bytes)
Event: 11727.661 Thread 0x000001a25b570c80 nmethod 11951 0x000001a244f7e310 code [0x000001a244f7e4e0, 0x000001a244f7e858]
Event: 11727.661 Thread 0x000001a25b570c80 11952       3       java.lang.System$2::defineClass (21 bytes)
Event: 11727.661 Thread 0x000001a25b570c80 nmethod 11952 0x000001a244f7df10 code [0x000001a244f7e0c0, 0x000001a244f7e238]
Event: 11727.661 Thread 0x000001a25b570c80 11948       3       jdk.internal.loader.ClassLoaders::appClassLoader (4 bytes)
Event: 11727.662 Thread 0x000001a25b570c80 nmethod 11948 0x000001a244d02390 code [0x000001a244d02520, 0x000001a244d02618]

GC Heap History (20 events):
Event: 6231.786 GC heap before
{Heap before GC invocations=34 (full 0):
 garbage-first heap   total 75776K, used 64662K [0x0000000702800000, 0x0000000800000000)
  region size 2048K, 15 young (30720K), 1 survivors (2048K)
 Metaspace       used 70869K, committed 71872K, reserved 1114112K
  class space    used 8505K, committed 9024K, reserved 1048576K
}
Event: 6231.795 GC heap after
{Heap after GC invocations=35 (full 0):
 garbage-first heap   total 75776K, used 35321K [0x0000000702800000, 0x0000000800000000)
  region size 2048K, 1 young (2048K), 1 survivors (2048K)
 Metaspace       used 70869K, committed 71872K, reserved 1114112K
  class space    used 8505K, committed 9024K, reserved 1048576K
}
Event: 6689.629 GC heap before
{Heap before GC invocations=35 (full 0):
 garbage-first heap   total 75776K, used 66041K [0x0000000702800000, 0x0000000800000000)
  region size 2048K, 16 young (32768K), 1 survivors (2048K)
 Metaspace       used 70935K, committed 71936K, reserved 1114112K
  class space    used 8505K, committed 9024K, reserved 1048576K
}
Event: 6689.634 GC heap after
{Heap after GC invocations=36 (full 0):
 garbage-first heap   total 75776K, used 35441K [0x0000000702800000, 0x0000000800000000)
  region size 2048K, 1 young (2048K), 1 survivors (2048K)
 Metaspace       used 70935K, committed 71936K, reserved 1114112K
  class space    used 8505K, committed 9024K, reserved 1048576K
}
Event: 7139.089 GC heap before
{Heap before GC invocations=37 (full 0):
 garbage-first heap   total 75776K, used 64113K [0x0000000702800000, 0x0000000800000000)
  region size 2048K, 15 young (30720K), 1 survivors (2048K)
 Metaspace       used 70912K, committed 71936K, reserved 1114112K
  class space    used 8497K, committed 9024K, reserved 1048576K
}
Event: 7139.097 GC heap after
{Heap after GC invocations=38 (full 0):
 garbage-first heap   total 75776K, used 35536K [0x0000000702800000, 0x0000000800000000)
  region size 2048K, 1 young (2048K), 1 survivors (2048K)
 Metaspace       used 70912K, committed 71936K, reserved 1114112K
  class space    used 8497K, committed 9024K, reserved 1048576K
}
Event: 7565.403 GC heap before
{Heap before GC invocations=38 (full 0):
 garbage-first heap   total 75776K, used 64208K [0x0000000702800000, 0x0000000800000000)
  region size 2048K, 15 young (30720K), 1 survivors (2048K)
 Metaspace       used 70995K, committed 72000K, reserved 1114112K
  class space    used 8497K, committed 9024K, reserved 1048576K
}
Event: 7565.411 GC heap after
{Heap after GC invocations=39 (full 0):
 garbage-first heap   total 75776K, used 35010K [0x0000000702800000, 0x0000000800000000)
  region size 2048K, 1 young (2048K), 1 survivors (2048K)
 Metaspace       used 70995K, committed 72000K, reserved 1114112K
  class space    used 8497K, committed 9024K, reserved 1048576K
}
Event: 8034.463 GC heap before
{Heap before GC invocations=39 (full 0):
 garbage-first heap   total 75776K, used 65730K [0x0000000702800000, 0x0000000800000000)
  region size 2048K, 16 young (32768K), 1 survivors (2048K)
 Metaspace       used 71131K, committed 72064K, reserved 1114112K
  class space    used 8497K, committed 9024K, reserved 1048576K
}
Event: 8034.466 GC heap after
{Heap after GC invocations=40 (full 0):
 garbage-first heap   total 75776K, used 35225K [0x0000000702800000, 0x0000000800000000)
  region size 2048K, 1 young (2048K), 1 survivors (2048K)
 Metaspace       used 71131K, committed 72064K, reserved 1114112K
  class space    used 8497K, committed 9024K, reserved 1048576K
}
Event: 8505.903 GC heap before
{Heap before GC invocations=41 (full 0):
 garbage-first heap   total 75776K, used 65945K [0x0000000702800000, 0x0000000800000000)
  region size 2048K, 16 young (32768K), 1 survivors (2048K)
 Metaspace       used 71175K, committed 72128K, reserved 1114112K
  class space    used 8498K, committed 9024K, reserved 1048576K
}
Event: 8505.905 GC heap after
{Heap after GC invocations=42 (full 0):
 garbage-first heap   total 75776K, used 35210K [0x0000000702800000, 0x0000000800000000)
  region size 2048K, 1 young (2048K), 1 survivors (2048K)
 Metaspace       used 71175K, committed 72128K, reserved 1114112K
  class space    used 8498K, committed 9024K, reserved 1048576K
}
Event: 8977.751 GC heap before
{Heap before GC invocations=42 (full 0):
 garbage-first heap   total 75776K, used 65930K [0x0000000702800000, 0x0000000800000000)
  region size 2048K, 16 young (32768K), 1 survivors (2048K)
 Metaspace       used 71175K, committed 72128K, reserved 1114112K
  class space    used 8498K, committed 9024K, reserved 1048576K
}
Event: 8977.758 GC heap after
{Heap after GC invocations=43 (full 0):
 garbage-first heap   total 75776K, used 34749K [0x0000000702800000, 0x0000000800000000)
  region size 2048K, 1 young (2048K), 1 survivors (2048K)
 Metaspace       used 71175K, committed 72128K, reserved 1114112K
  class space    used 8498K, committed 9024K, reserved 1048576K
}
Event: 9436.739 GC heap before
{Heap before GC invocations=43 (full 0):
 garbage-first heap   total 75776K, used 65469K [0x0000000702800000, 0x0000000800000000)
  region size 2048K, 16 young (32768K), 1 survivors (2048K)
 Metaspace       used 71216K, committed 72128K, reserved 1114112K
  class space    used 8498K, committed 9024K, reserved 1048576K
}
Event: 9436.742 GC heap after
{Heap after GC invocations=44 (full 0):
 garbage-first heap   total 75776K, used 34878K [0x0000000702800000, 0x0000000800000000)
  region size 2048K, 1 young (2048K), 1 survivors (2048K)
 Metaspace       used 71216K, committed 72128K, reserved 1114112K
  class space    used 8498K, committed 9024K, reserved 1048576K
}
Event: 9907.723 GC heap before
{Heap before GC invocations=45 (full 0):
 garbage-first heap   total 75776K, used 65598K [0x0000000702800000, 0x0000000800000000)
  region size 2048K, 16 young (32768K), 1 survivors (2048K)
 Metaspace       used 71247K, committed 72128K, reserved 1114112K
  class space    used 8498K, committed 9024K, reserved 1048576K
}
Event: 9907.730 GC heap after
{Heap after GC invocations=46 (full 0):
 garbage-first heap   total 75776K, used 34880K [0x0000000702800000, 0x0000000800000000)
  region size 2048K, 1 young (2048K), 1 survivors (2048K)
 Metaspace       used 71247K, committed 72128K, reserved 1114112K
  class space    used 8498K, committed 9024K, reserved 1048576K
}
Event: 10367.502 GC heap before
{Heap before GC invocations=46 (full 0):
 garbage-first heap   total 75776K, used 65600K [0x0000000702800000, 0x0000000800000000)
  region size 2048K, 16 young (32768K), 1 survivors (2048K)
 Metaspace       used 71307K, committed 72192K, reserved 1114112K
  class space    used 8498K, committed 9024K, reserved 1048576K
}
Event: 10367.513 GC heap after
{Heap after GC invocations=47 (full 0):
 garbage-first heap   total 75776K, used 34591K [0x0000000702800000, 0x0000000800000000)
  region size 2048K, 1 young (2048K), 1 survivors (2048K)
 Metaspace       used 71307K, committed 72192K, reserved 1114112K
  class space    used 8498K, committed 9024K, reserved 1048576K
}

Dll operation events (14 events):
Event: 0.011 Loaded shared library C:\Program Files\Java\jdk-21\bin\java.dll
Event: 0.054 Loaded shared library C:\Program Files\Java\jdk-21\bin\jsvml.dll
Event: 0.245 Loaded shared library C:\Program Files\Java\jdk-21\bin\zip.dll
Event: 0.249 Loaded shared library C:\Program Files\Java\jdk-21\bin\instrument.dll
Event: 0.256 Loaded shared library C:\Program Files\Java\jdk-21\bin\net.dll
Event: 0.258 Loaded shared library C:\Program Files\Java\jdk-21\bin\nio.dll
Event: 0.263 Loaded shared library C:\Program Files\Java\jdk-21\bin\zip.dll
Event: 0.498 Loaded shared library D:\Intellij\IntelliJ IDEA Community Edition 2023.3.4\bin\breakgen64.dll
Event: 0.507 Loaded shared library C:\Program Files\Java\jdk-21\bin\extnet.dll
Event: 0.545 Loaded shared library C:\Program Files\Java\jdk-21\bin\jimage.dll
Event: 2.106 Loaded shared library C:\Program Files\Java\jdk-21\bin\sunmscapi.dll
Event: 3.444 Loaded shared library C:\Program Files\Java\jdk-21\bin\verify.dll
Event: 4.734 Loaded shared library C:\Program Files\Java\jdk-21\bin\management.dll
Event: 4.737 Loaded shared library C:\Program Files\Java\jdk-21\bin\management_ext.dll

Deoptimization events (20 events):
Event: 11723.658 Thread 0x000001a2a19c0ab0 Uncommon trap: trap_request=0xffffffc6 fr.pc=0x000001a24c42edf0 relative=0x0000000000000210
Event: 11723.658 Thread 0x000001a2a19c0ab0 Uncommon trap: reason=bimorphic_or_optimized_type_check action=maybe_recompile pc=0x000001a24c42edf0 method=io.grpc.netty.shaded.io.netty.buffer.AbstractByteBuf.readByte()B @ 12 c2
Event: 11723.658 Thread 0x000001a2a19c0ab0 DEOPT PACKING pc=0x000001a24c42edf0 sp=0x0000001ed29fe260
Event: 11723.658 Thread 0x000001a2a19c0ab0 DEOPT UNPACKING pc=0x000001a24be046a2 sp=0x0000001ed29fe1f8 mode 2
Event: 11723.658 Thread 0x000001a2a19c0ab0 Uncommon trap: trap_request=0xffffffc6 fr.pc=0x000001a24c42edf0 relative=0x0000000000000210
Event: 11723.658 Thread 0x000001a2a19c0ab0 Uncommon trap: reason=bimorphic_or_optimized_type_check action=maybe_recompile pc=0x000001a24c42edf0 method=io.grpc.netty.shaded.io.netty.buffer.AbstractByteBuf.readByte()B @ 12 c2
Event: 11723.658 Thread 0x000001a2a19c0ab0 DEOPT PACKING pc=0x000001a24c42edf0 sp=0x0000001ed29fe260
Event: 11723.658 Thread 0x000001a2a19c0ab0 DEOPT UNPACKING pc=0x000001a24be046a2 sp=0x0000001ed29fe1f8 mode 2
Event: 11723.658 Thread 0x000001a2a19c0ab0 Uncommon trap: trap_request=0xffffffc6 fr.pc=0x000001a24c42edf0 relative=0x0000000000000210
Event: 11723.658 Thread 0x000001a2a19c0ab0 Uncommon trap: reason=bimorphic_or_optimized_type_check action=maybe_recompile pc=0x000001a24c42edf0 method=io.grpc.netty.shaded.io.netty.buffer.AbstractByteBuf.readByte()B @ 12 c2
Event: 11723.658 Thread 0x000001a2a19c0ab0 DEOPT PACKING pc=0x000001a24c42edf0 sp=0x0000001ed29fe260
Event: 11723.658 Thread 0x000001a2a19c0ab0 DEOPT UNPACKING pc=0x000001a24be046a2 sp=0x0000001ed29fe1f8 mode 2
Event: 11723.658 Thread 0x000001a2a19c0ab0 Uncommon trap: trap_request=0xffffffc6 fr.pc=0x000001a24c42edf0 relative=0x0000000000000210
Event: 11723.658 Thread 0x000001a2a19c0ab0 Uncommon trap: reason=bimorphic_or_optimized_type_check action=maybe_recompile pc=0x000001a24c42edf0 method=io.grpc.netty.shaded.io.netty.buffer.AbstractByteBuf.readByte()B @ 12 c2
Event: 11723.658 Thread 0x000001a2a19c0ab0 DEOPT PACKING pc=0x000001a24c42edf0 sp=0x0000001ed29fe260
Event: 11723.658 Thread 0x000001a2a19c0ab0 DEOPT UNPACKING pc=0x000001a24be046a2 sp=0x0000001ed29fe1f8 mode 2
Event: 11727.487 Thread 0x000001a2a64cef70 Uncommon trap: trap_request=0xffffffde fr.pc=0x000001a24c48f024 relative=0x0000000000001ac4
Event: 11727.487 Thread 0x000001a2a64cef70 Uncommon trap: reason=class_check action=maybe_recompile pc=0x000001a24c48f024 method=java.util.concurrent.FutureTask.run()V @ 39 c2
Event: 11727.487 Thread 0x000001a2a64cef70 DEOPT PACKING pc=0x000001a24c48f024 sp=0x0000001ed26ff150
Event: 11727.487 Thread 0x000001a2a64cef70 DEOPT UNPACKING pc=0x000001a24be046a2 sp=0x0000001ed26ff0d0 mode 2

Classes loaded (20 events):
Event: 9.722 Loading class java/util/UUID$Holder
Event: 9.722 Loading class java/util/UUID$Holder done
Event: 9.723 Loading class java/util/concurrent/CompletableFuture$UniWhenComplete
Event: 9.723 Loading class java/util/concurrent/CompletableFuture$UniCompletion
Event: 9.723 Loading class java/util/concurrent/CompletableFuture$UniCompletion done
Event: 9.723 Loading class java/util/concurrent/CompletableFuture$UniWhenComplete done
Event: 9.736 Loading class java/util/function/IntUnaryOperator
Event: 9.736 Loading class java/util/function/IntUnaryOperator done
Event: 9.754 Loading class java/util/IdentityHashMap$KeySpliterator
Event: 9.754 Loading class java/util/IdentityHashMap$IdentityHashMapSpliterator
Event: 9.754 Loading class java/util/IdentityHashMap$IdentityHashMapSpliterator done
Event: 9.754 Loading class java/util/IdentityHashMap$KeySpliterator done
Event: 38.716 Loading class java/lang/invoke/BoundMethodHandle$Species_LLLLLLLLLLL
Event: 38.716 Loading class java/lang/invoke/BoundMethodHandle$Species_LLLLLLLLLLL done
Event: 66.716 Loading class java/util/concurrent/ConcurrentHashMap$TreeBin
Event: 66.716 Loading class java/util/concurrent/ConcurrentHashMap$TreeBin done
Event: 188.819 Loading class java/util/concurrent/locks/ReentrantReadWriteLock$Sync$HoldCounter
Event: 188.819 Loading class java/util/concurrent/locks/ReentrantReadWriteLock$Sync$HoldCounter done
Event: 549.734 Loading class java/util/ArrayDeque$DescendingIterator
Event: 549.734 Loading class java/util/ArrayDeque$DescendingIterator done

Classes unloaded (20 events):
Event: 5349.596 Thread 0x000001a25b5213d0 Unloading class 0x000001a25d01b000 'java/lang/invoke/LambdaForm$MH+0x000001a25d01b000'
Event: 5349.596 Thread 0x000001a25b5213d0 Unloading class 0x000001a25d01a800 'java/lang/invoke/LambdaForm$MH+0x000001a25d01a800'
Event: 5349.596 Thread 0x000001a25b5213d0 Unloading class 0x000001a25d01a400 'java/lang/invoke/LambdaForm$MH+0x000001a25d01a400'
Event: 6689.661 Thread 0x000001a25b5213d0 Unloading class 0x000001a25d8d2400 'java/lang/invoke/LambdaForm$BMH+0x000001a25d8d2400'
Event: 6689.661 Thread 0x000001a25b5213d0 Unloading class 0x000001a25d8d1400 'java/lang/invoke/LambdaForm$MH+0x000001a25d8d1400'
Event: 6689.661 Thread 0x000001a25b5213d0 Unloading class 0x000001a25d8d1000 'java/lang/invoke/LambdaForm$MH+0x000001a25d8d1000'
Event: 6689.661 Thread 0x000001a25b5213d0 Unloading class 0x000001a25d8d0c00 'java/lang/invoke/LambdaForm$MH+0x000001a25d8d0c00'
Event: 6689.661 Thread 0x000001a25b5213d0 Unloading class 0x000001a25d8d0800 'java/lang/invoke/LambdaForm$MH+0x000001a25d8d0800'
Event: 6689.661 Thread 0x000001a25b5213d0 Unloading class 0x000001a25d8d0400 'java/lang/invoke/LambdaForm$MH+0x000001a25d8d0400'
Event: 6689.661 Thread 0x000001a25b5213d0 Unloading class 0x000001a25d8d0000 'java/lang/invoke/LambdaForm$MH+0x000001a25d8d0000'
Event: 6689.661 Thread 0x000001a25b5213d0 Unloading class 0x000001a25d8cfc00 'java/lang/invoke/LambdaForm$MH+0x000001a25d8cfc00'
Event: 6689.661 Thread 0x000001a25b5213d0 Unloading class 0x000001a25d8cf800 'java/lang/invoke/LambdaForm$MH+0x000001a25d8cf800'
Event: 6689.661 Thread 0x000001a25b5213d0 Unloading class 0x000001a25d8cf400 'java/lang/invoke/LambdaForm$MH+0x000001a25d8cf400'
Event: 6689.661 Thread 0x000001a25b5213d0 Unloading class 0x000001a25d8cf000 'java/lang/invoke/LambdaForm$BMH+0x000001a25d8cf000'
Event: 6689.661 Thread 0x000001a25b5213d0 Unloading class 0x000001a25d8cdc00 'java/lang/invoke/LambdaForm$MH+0x000001a25d8cdc00'
Event: 6689.661 Thread 0x000001a25b5213d0 Unloading class 0x000001a25d8cd800 'java/lang/invoke/LambdaForm$MH+0x000001a25d8cd800'
Event: 6689.661 Thread 0x000001a25b5213d0 Unloading class 0x000001a25d8cd400 'java/lang/invoke/LambdaForm$BMH+0x000001a25d8cd400'
Event: 6689.661 Thread 0x000001a25b5213d0 Unloading class 0x000001a25d8cc400 'java/lang/invoke/LambdaForm$MH+0x000001a25d8cc400'
Event: 6689.661 Thread 0x000001a25b5213d0 Unloading class 0x000001a25d8c5000 'java/lang/invoke/LambdaForm$DMH+0x000001a25d8c5000'
Event: 6689.661 Thread 0x000001a25b5213d0 Unloading class 0x000001a25d8c4400 'java/lang/invoke/LambdaForm$DMH+0x000001a25d8c4400'

Classes redefined (0 events):
No events

Internal exceptions (20 events):
Event: 10.147 Thread 0x000001a2a758c820 Exception <a 'java/lang/NoSuchMethodError'{0x0000000712590d40}: 'java.lang.Object java.lang.invoke.DirectMethodHandle$Holder.newInvokeSpecial(java.lang.Object, int, java.lang.Object, java.lang.Object)'> (0x0000000712590d40) 
thrown [s\open\src\hotspot\share\interpreter\linkResolver.cpp, line 773]
Event: 38.714 Thread 0x000001a2a64ccea0 Exception <a 'java/lang/NoSuchMethodError'{0x000000070e5dba60}: 'java.lang.Object java.lang.invoke.DelegatingMethodHandle$Holder.reinvoke_L(java.lang.Object, int, int, long, java.lang.Object, long, long, long)'> (0x000000070e5dba60) 
thrown [s\open\src\hotspot\share\interpreter\linkResolver.cpp, line 773]
Event: 38.715 Thread 0x000001a2a64ccea0 Exception <a 'java/lang/NoSuchMethodError'{0x000000070e5ff390}: 'java.lang.Object java.lang.invoke.DelegatingMethodHandle$Holder.reinvoke_L(java.lang.Object, java.lang.Object, java.lang.Object, java.lang.Object, java.lang.Object, java.lang.Object, java.lang.Object, java.lang.Object, java.lang.Object, java.lang.Object, java.lang.Object, java.lang.Object, java.lang.Object, java.lang.Object, int, java.lang.Object, java.lang.Object, java.lang.Object, java.lang.Object, java.lang.Object, java.lang.Object, java.l
Event: 38.717 Thread 0x000001a2a64ccea0 Exception <a 'java/lang/NoSuchMethodError'{0x000000070e25c138}: 'java.lang.Object java.lang.invoke.DirectMethodHandle$Holder.invokeStatic(java.lang.Object, java.lang.Object, java.lang.Object, java.lang.Object, java.lang.Object, java.lang.Object, java.lang.Object, java.lang.Object, java.lang.Object, java.lang.Object, java.lang.Object, java.lang.Object, java.lang.Object, java.lang.Object)'> (0x000000070e25c138) 
thrown [s\open\src\hotspot\share\interpreter\linkResolver.cpp, line 773]
Event: 38.718 Thread 0x000001a2a64ccea0 Exception <a 'java/lang/NoSuchMethodError'{0x000000070e271d30}: 'java.lang.Object java.lang.invoke.DelegatingMethodHandle$Holder.reinvoke_L(java.lang.Object, java.lang.Object, java.lang.Object, java.lang.Object, java.lang.Object, java.lang.Object, java.lang.Object, java.lang.Object, java.lang.Object, java.lang.Object, java.lang.Object, java.lang.Object, java.lang.Object, java.lang.Object, java.lang.Object, java.lang.Object, java.lang.Object, java.lang.Object, java.lang.Object, java.lang.Object, java.lang.O
Event: 1808.070 Thread 0x000001a2a5046b30 Exception <a 'java/lang/NoSuchMethodError'{0x000000070e0f4260}: 'void java.lang.invoke.DirectMethodHandle$Holder.invokeStatic(java.lang.Object, long, java.lang.Object)'> (0x000000070e0f4260) 
thrown [s\open\src\hotspot\share\interpreter\linkResolver.cpp, line 773]
Event: 8303.692 Thread 0x000001a2a7588680 Implicit null exception at 0x000001a24c663f8f to 0x000001a24c66c550
Event: 11721.971 Thread 0x000001a2a758b470 Exception <a 'java/net/SocketException'{0x00000007125fba28}: Connection reset by peer: shutdown> (0x00000007125fba28) 
thrown [s\open\src\hotspot\share\prims\jni.cpp, line 539]
Event: 11722.085 Thread 0x000001a2a758c820 Implicit null exception at 0x000001a24c7c64e0 to 0x000001a24c7c64f8
Event: 11722.098 Thread 0x000001a2a758c820 Implicit null exception at 0x000001a24c63bd09 to 0x000001a24c63c670
Event: 11722.099 Thread 0x000001a2a758c820 Implicit null exception at 0x000001a24c601b83 to 0x000001a24c6068e8
Event: 11722.365 Thread 0x000001a2a758b470 Implicit null exception at 0x000001a24c54da20 to 0x000001a24c54db31
Event: 11722.502 Thread 0x000001a2a64cd530 Implicit null exception at 0x000001a24c3f9a26 to 0x000001a24c3fae3c
Event: 11722.536 Thread 0x000001a2a64cd530 Exception <a 'java/lang/NoSuchMethodError'{0x000000070e4c8ec0}: 'int java.lang.invoke.DirectMethodHandle$Holder.invokeStatic(java.lang.Object)'> (0x000000070e4c8ec0) 
thrown [s\open\src\hotspot\share\interpreter\linkResolver.cpp, line 773]
Event: 11722.544 Thread 0x000001a2a64cd530 Exception <a 'java/lang/NoSuchMethodError'{0x000000070e4ccb98}: 'int java.lang.invoke.DelegatingMethodHandle$Holder.reinvoke_L(java.lang.Object)'> (0x000000070e4ccb98) 
thrown [s\open\src\hotspot\share\interpreter\linkResolver.cpp, line 773]
Event: 11722.553 Thread 0x000001a2a64cd530 Implicit null exception at 0x000001a24c5689cb to 0x000001a24c568d64
Event: 11722.701 Thread 0x000001a2a19be350 Implicit null exception at 0x000001a24c61432a to 0x000001a24c61563c
Event: 11722.776 Thread 0x000001a2a19c0ab0 Implicit null exception at 0x000001a24c74dea0 to 0x000001a24c74fa38
Event: 11722.784 Thread 0x000001a2a19c0ab0 Implicit null exception at 0x000001a24c3ca531 to 0x000001a24c3ca7b1
Event: 11722.784 Thread 0x000001a2a19c0ab0 Implicit null exception at 0x000001a24c694200 to 0x000001a24c696c68

ZGC Phase Switch (0 events):
No events

VM Operations (20 events):
Event: 10328.636 Executing VM operation: Cleanup
Event: 10328.636 Executing VM operation: Cleanup done
Event: 10341.600 Executing VM operation: HandshakeAllThreads (HandshakeForDeflation)
Event: 10341.600 Executing VM operation: HandshakeAllThreads (HandshakeForDeflation) done
Event: 10341.600 Executing VM operation: RendezvousGCThreads
Event: 10341.600 Executing VM operation: RendezvousGCThreads done
Event: 10367.502 Executing VM operation: G1CollectForAllocation (G1 Evacuation Pause)
Event: 10367.513 Executing VM operation: G1CollectForAllocation (G1 Evacuation Pause) done
Event: 11721.900 Executing VM operation: Cleanup
Event: 11721.918 Executing VM operation: Cleanup done
Event: 11722.923 Executing VM operation: Cleanup
Event: 11722.924 Executing VM operation: Cleanup done
Event: 11723.934 Executing VM operation: Cleanup
Event: 11723.934 Executing VM operation: Cleanup done
Event: 11724.941 Executing VM operation: Cleanup
Event: 11724.941 Executing VM operation: Cleanup done
Event: 11725.953 Executing VM operation: Cleanup
Event: 11725.953 Executing VM operation: Cleanup done
Event: 11726.955 Executing VM operation: Cleanup
Event: 11726.955 Executing VM operation: Cleanup done

Events (20 events):
Event: 9436.769 Thread 0x000001a25b5213d0 flushing nmethod 0x000001a24c372a10
Event: 9436.769 Thread 0x000001a25b5213d0 flushing nmethod 0x000001a24c372710
Event: 9436.769 Thread 0x000001a25b5213d0 flushing nmethod 0x000001a24c37e810
Event: 9436.769 Thread 0x000001a25b5213d0 flushing nmethod 0x000001a24c376090
Event: 9436.769 Thread 0x000001a25b5213d0 flushing nmethod 0x000001a24c375490
Event: 9436.769 Thread 0x000001a25b5213d0 flushing nmethod 0x000001a24c36b310
Event: 9436.769 Thread 0x000001a25b5213d0 flushing nmethod 0x000001a24c370090
Event: 9436.769 Thread 0x000001a25b5213d0 flushing nmethod 0x000001a24c35c810
Event: 9436.769 Thread 0x000001a25b5213d0 flushing nmethod 0x000001a24c351890
Event: 10187.357 Thread 0x000001a2a43e14c0 Thread added: 0x000001a2a43e14c0
Event: 10192.372 Thread 0x000001a2a43e14c0 Thread exited: 0x000001a2a43e14c0
Event: 11721.936 Thread 0x000001a2a43e14c0 Thread added: 0x000001a2a43e14c0
Event: 11721.938 Thread 0x000001a25b8c6fc0 Thread added: 0x000001a25b8c6fc0
Event: 11722.501 Thread 0x000001a2a19be350 Thread added: 0x000001a2a19be350
Event: 11722.532 Thread 0x000001a2a19bdcc0 Thread added: 0x000001a2a19bdcc0
Event: 11722.557 Thread 0x000001a2a19c0ab0 Thread added: 0x000001a2a19c0ab0
Event: 11722.563 Thread 0x000001a2a19be9e0 Thread added: 0x000001a2a19be9e0
Event: 11724.065 Thread 0x000001a25b8c6fc0 Thread exited: 0x000001a25b8c6fc0
Event: 11724.621 Thread 0x000001a2a43e14c0 Thread exited: 0x000001a2a43e14c0
Event: 11727.649 Thread 0x000001a2a43e14c0 Thread added: 0x000001a2a43e14c0


Dynamic libraries:
0x00007ff6e87d0000 - 0x00007ff6e87e0000 	C:\Program Files\Java\jdk-21\bin\java.exe
0x00007ff977750000 - 0x00007ff977967000 	C:\Windows\SYSTEM32\ntdll.dll
0x00007ff976ca0000 - 0x00007ff976d64000 	C:\Windows\System32\KERNEL32.DLL
0x00007ff974e90000 - 0x00007ff975237000 	C:\Windows\System32\KERNELBASE.dll
0x00007ff974b30000 - 0x00007ff974c41000 	C:\Windows\System32\ucrtbase.dll
0x00007ff95aae0000 - 0x00007ff95aaf9000 	C:\Program Files\Java\jdk-21\bin\jli.dll
0x00007ff9767d0000 - 0x00007ff976882000 	C:\Windows\System32\ADVAPI32.dll
0x00007ff9771c0000 - 0x00007ff977267000 	C:\Windows\System32\msvcrt.dll
0x00007ff976720000 - 0x00007ff9767c8000 	C:\Windows\System32\sechost.dll
0x00007ff974c50000 - 0x00007ff974c78000 	C:\Windows\System32\bcrypt.dll
0x00007ff975480000 - 0x00007ff975595000 	C:\Windows\System32\RPCRT4.dll
0x00007ff9756c0000 - 0x00007ff97586e000 	C:\Windows\System32\USER32.dll
0x00007ff9752c0000 - 0x00007ff9752e6000 	C:\Windows\System32\win32u.dll
0x00007ff975e10000 - 0x00007ff975e39000 	C:\Windows\System32\GDI32.dll
0x00007ff9752f0000 - 0x00007ff975409000 	C:\Windows\System32\gdi32full.dll
0x00007ff974df0000 - 0x00007ff974e8a000 	C:\Windows\System32\msvcp_win.dll
0x00007ff95fdb0000 - 0x00007ff95fdcb000 	C:\Program Files\Java\jdk-21\bin\VCRUNTIME140.dll
0x00007ff95c670000 - 0x00007ff95c903000 	C:\Windows\WinSxS\amd64_microsoft.windows.common-controls_6595b64144ccf1df_6.0.22621.3527_none_270e469b73872a76\COMCTL32.dll
0x00007ff96a590000 - 0x00007ff96a59a000 	C:\Windows\SYSTEM32\VERSION.dll
0x00007ff975870000 - 0x00007ff9758a1000 	C:\Windows\System32\IMM32.DLL
0x00007ff96cee0000 - 0x00007ff96ceec000 	C:\Program Files\Java\jdk-21\bin\vcruntime140_1.dll
0x00007ff932040000 - 0x00007ff9320ce000 	C:\Program Files\Java\jdk-21\bin\msvcp140.dll
0x00007ff91efc0000 - 0x00007ff91fcd7000 	C:\Program Files\Java\jdk-21\bin\server\jvm.dll
0x00007ff975d90000 - 0x00007ff975e01000 	C:\Windows\System32\WS2_32.dll
0x00007ff9738b0000 - 0x00007ff9738fd000 	C:\Windows\SYSTEM32\POWRPROF.dll
0x00007ff96cd20000 - 0x00007ff96cd54000 	C:\Windows\SYSTEM32\WINMM.dll
0x00007ff973890000 - 0x00007ff9738a3000 	C:\Windows\SYSTEM32\UMPDC.dll
0x00007ff973b40000 - 0x00007ff973b58000 	C:\Windows\SYSTEM32\kernel.appcore.dll
0x00007ff9627f0000 - 0x00007ff9627fa000 	C:\Program Files\Java\jdk-21\bin\jimage.dll
0x00007ff971cf0000 - 0x00007ff971f23000 	C:\Windows\SYSTEM32\DBGHELP.DLL
0x00007ff976e30000 - 0x00007ff9771b8000 	C:\Windows\System32\combase.dll
0x00007ff976bc0000 - 0x00007ff976c97000 	C:\Windows\System32\OLEAUT32.dll
0x00007ff953d90000 - 0x00007ff953dc2000 	C:\Windows\SYSTEM32\dbgcore.DLL
0x00007ff975240000 - 0x00007ff9752b9000 	C:\Windows\System32\bcryptPrimitives.dll
0x00007ff962860000 - 0x00007ff96286f000 	C:\Program Files\Java\jdk-21\bin\instrument.dll
0x00007ff95a720000 - 0x00007ff95a73f000 	C:\Program Files\Java\jdk-21\bin\java.dll
0x00007ff975ec0000 - 0x00007ff97671c000 	C:\Windows\System32\SHELL32.dll
0x00007ff972970000 - 0x00007ff973266000 	C:\Windows\SYSTEM32\windows.storage.dll
0x00007ff972830000 - 0x00007ff97296e000 	C:\Windows\SYSTEM32\wintypes.dll
0x00007ff976890000 - 0x00007ff976985000 	C:\Windows\System32\SHCORE.dll
0x00007ff977270000 - 0x00007ff9772ce000 	C:\Windows\System32\shlwapi.dll
0x00007ff9749a0000 - 0x00007ff9749c1000 	C:\Windows\SYSTEM32\profapi.dll
0x00007ff931bf0000 - 0x00007ff931cc7000 	C:\Program Files\Java\jdk-21\bin\jsvml.dll
0x00007ff950b00000 - 0x00007ff950b18000 	C:\Program Files\Java\jdk-21\bin\zip.dll
0x00007ff95fda0000 - 0x00007ff95fdb0000 	C:\Program Files\Java\jdk-21\bin\net.dll
0x00007ff96d980000 - 0x00007ff96dab6000 	C:\Windows\SYSTEM32\WINHTTP.dll
0x00007ff973fb0000 - 0x00007ff974019000 	C:\Windows\system32\mswsock.dll
0x00007ff958a40000 - 0x00007ff958a56000 	C:\Program Files\Java\jdk-21\bin\nio.dll
0x00007ff960e20000 - 0x00007ff960e3a000 	D:\Intellij\IntelliJ IDEA Community Edition 2023.3.4\bin\breakgen64.dll
0x00007ff95e6f0000 - 0x00007ff95e6f9000 	C:\Program Files\Java\jdk-21\bin\extnet.dll
0x00007ff973540000 - 0x00007ff97356d000 	C:\Windows\SYSTEM32\IPHLPAPI.DLL
0x00007ff976e20000 - 0x00007ff976e29000 	C:\Windows\System32\NSI.dll
0x00007ff9735b0000 - 0x00007ff9736a9000 	C:\Windows\SYSTEM32\DNSAPI.dll
0x00007ff95e100000 - 0x00007ff95e10a000 	C:\Windows\System32\rasadhlp.dll
0x00007ff96cf50000 - 0x00007ff96cfd3000 	C:\Windows\System32\fwpuclnt.dll
0x00007ff95aad0000 - 0x00007ff95aade000 	C:\Program Files\Java\jdk-21\bin\sunmscapi.dll
0x00007ff974c80000 - 0x00007ff974de7000 	C:\Windows\System32\CRYPT32.dll
0x00007ff9743f0000 - 0x00007ff97441e000 	C:\Windows\SYSTEM32\ncrypt.dll
0x00007ff9743b0000 - 0x00007ff9743e7000 	C:\Windows\SYSTEM32\NTASN1.dll
0x00007ff95d100000 - 0x00007ff95d110000 	C:\Program Files\Java\jdk-21\bin\verify.dll
0x00007ff9741d0000 - 0x00007ff9741eb000 	C:\Windows\SYSTEM32\CRYPTSP.dll
0x00007ff973aa0000 - 0x00007ff973ad5000 	C:\Windows\system32\rsaenh.dll
0x00007ff974050000 - 0x00007ff974078000 	C:\Windows\SYSTEM32\USERENV.dll
0x00007ff9741f0000 - 0x00007ff9741fc000 	C:\Windows\SYSTEM32\CRYPTBASE.dll
0x00007ff971970000 - 0x00007ff97197a000 	C:\Program Files\Java\jdk-21\bin\management.dll
0x00007ff971960000 - 0x00007ff97196b000 	C:\Program Files\Java\jdk-21\bin\management_ext.dll
0x00007ff975630000 - 0x00007ff975638000 	C:\Windows\System32\PSAPI.DLL
0x00007ff94ddc0000 - 0x00007ff94ddd7000 	C:\Windows\system32\napinsp.dll
0x00007ff94dd70000 - 0x00007ff94dd8b000 	C:\Windows\system32\pnrpnsp.dll
0x00007ff94dc70000 - 0x00007ff94dc81000 	C:\Windows\System32\winrnr.dll
0x00007ff96c920000 - 0x00007ff96c935000 	C:\Windows\system32\wshbth.dll
0x00007ff94dc40000 - 0x00007ff94dc61000 	C:\Windows\system32\nlansp_c.dll
0x00007ff9627b0000 - 0x00007ff9627b8000 	C:\Windows\system32\wshunix.dll

dbghelp: loaded successfully - version: 4.0.5 - missing functions: none
symbol engine: initialized successfully - sym options: 0x614 - pdb path: .;C:\Program Files\Java\jdk-21\bin;C:\Windows\SYSTEM32;C:\Windows\WinSxS\amd64_microsoft.windows.common-controls_6595b64144ccf1df_6.0.22621.3527_none_270e469b73872a76;C:\Program Files\Java\jdk-21\bin\server;D:\Intellij\IntelliJ IDEA Community Edition 2023.3.4\bin

VM Arguments:
jvm_args: -javaagent:D:\Intellij\IntelliJ IDEA Community Edition 2023.3.4\lib\idea_rt.jar=50221:D:\Intellij\IntelliJ IDEA Community Edition 2023.3.4\bin -Dfile.encoding=UTF-8 -Dsun.stdout.encoding=UTF-8 -Dsun.stderr.encoding=UTF-8 
java_command: com.NTTT.EmailService.EmailServiceApplication
java_class_path (initial): C:\Users\Phu\Desktop\NTT-Source-Code\Back-End\EmailService\target\classes;C:\Users\Phu\.m2\repository\org\springframework\boot\spring-boot-starter-mail\3.2.5\spring-boot-starter-mail-3.2.5.jar;C:\Users\Phu\.m2\repository\org\springframework\boot\spring-boot-starter\3.2.5\spring-boot-starter-3.2.5.jar;C:\Users\Phu\.m2\repository\org\springframework\boot\spring-boot\3.2.5\spring-boot-3.2.5.jar;C:\Users\Phu\.m2\repository\org\springframework\boot\spring-boot-autoconfigure\3.2.5\spring-boot-autoconfigure-3.2.5.jar;C:\Users\Phu\.m2\repository\org\springframework\boot\spring-boot-starter-logging\3.2.5\spring-boot-starter-logging-3.2.5.jar;C:\Users\Phu\.m2\repository\org\apache\logging\log4j\log4j-to-slf4j\2.21.1\log4j-to-slf4j-2.21.1.jar;C:\Users\Phu\.m2\repository\org\apache\logging\log4j\log4j-api\2.21.1\log4j-api-2.21.1.jar;C:\Users\Phu\.m2\repository\org\slf4j\jul-to-slf4j\2.0.13\jul-to-slf4j-2.0.13.jar;C:\Users\Phu\.m2\repository\jakarta\annotation\jakarta.annotation-api\2.1.1\jakarta.annotation-api-2.1.1.jar;C:\Users\Phu\.m2\repository\org\yaml\snakeyaml\2.2\snakeyaml-2.2.jar;C:\Users\Phu\.m2\repository\org\springframework\spring-context-support\6.1.6\spring-context-support-6.1.6.jar;C:\Users\Phu\.m2\repository\org\springframework\spring-beans\6.1.6\spring-beans-6.1.6.jar;C:\Users\Phu\.m2\repository\org\eclipse\angus\jakarta.mail\2.0.3\jakarta.mail-2.0.3.jar;C:\Users\Phu\.m2\repository\jakarta\activation\jakarta.activation-api\2.1.3\jakarta.activation-api-2.1.3.jar;C:\Users\Phu\.m2\repository\org\eclipse\angus\angus-activation\2.0.2\angus-activation-2.0.2.jar;C:\Users\Phu\.m2\repository\org\springframework\boot\spring-boot-starter-web\3.2.5\spring-boot-starter-web-3.2.5.jar;C:\Users\Phu\.m2\repository\org\springframework\boot\spring-boot-starter-json\3.2.5\spring-boot-starter-json-3.2.5.jar;C:\Users\Phu\.m2\repository\com\fasterxml\jackson\datatype\jackson-datatype-jdk8\2.15.4\jackson-datatype-jdk8-2.15.4.jar;C:\Users\Phu\.m2\repository\com\fasterxml\jackson\module\jackson-module-parameter-names\2.15.4\jackson-module-parameter-names-2.15.4.jar;C:\Users\Phu\.m2\repository\org\springframework\boot\spring-boot-starter-tomcat\3.2.5\spring-boot-starter-tomcat-3.2.5.jar;C:\Users\Phu\.m2\repository\org\apache\tomcat\embed\tomcat-embed-core\10.1.20\tomcat-embed-core-10.1.20.jar;C:\Users\Phu\.m2\repository\org\apache\tomcat\embed\tomcat-embed-el\10.1.20\tomcat-embed-el-10.1.20.jar;C:\Users\Phu\.m2\repository\org\apache\tomcat\embed\tomcat-embed-websocket\10.1.20\tomcat-embed-websocket-10.1.20.jar;C:\Users\Phu\.m2\repository\org\springframework\spring-web\6.1.6\spring-web-6.1.6.jar;C:\Users\Phu\.m2\repository\org\springframework\spring-webmvc\6.1.6\spring-webmvc-6.1.6.jar;C:\Users\Phu\.m2\repository\org\springframework\spring-aop\6.1.6\spring-aop-6.1.6.jar;C:\Users\Phu\.m2\repository\org\springframework\spring-expression\6.1.6\spring-expression-6.1.6.jar;C:\Users\Phu\.m2\repository\org\projectlombok\lombok\1.18.32\lombok-1.18.32.jar;C:\Users\Phu\.m2\repository\org\slf4j\slf4j-api\2.0.13\slf4j-api-2.0.13.jar;C:\Users\Phu\.m2\repository\org\springframework\spring-core\6.1.6\spring-core-6.1.6.jar;C:\Users\Phu\.m2\repository\org\springframework\spring-jcl\6.1.6\spring-jcl-6.1.6.jar;C:\Users\Phu\.m2\repository\org\springframework\cloud\spring-cloud-starter-netflix-eureka-client\4.1.1\spring-cloud-starter-netflix-eureka-client-4.1.1.jar;C:\Users\Phu\.m2\repository\org\springframework\cloud\spring-cloud-starter\4.1.2\spring-cloud-starter-4.1.2.jar;C:\Users\Phu\.m2\repository\org\springframework\cloud\spring-cloud-context\4.1.2\spring-cloud-context-4.1.2.jar;C:\Users\Phu\.m2\repository\org\springframework\security\spring-security-rsa\1.1.2\spring-security-rsa-1.1.2.jar;C:\Users\Phu\.m2\repository\org\bouncycastle\bcprov-jdk18on\1.77\bcprov-jdk18on-1.77.jar;C:\Users\Phu\.m2\repository\org\springframework\cloud\spring-cloud-netflix-eureka-client\4.1.1\spring-cloud-netflix-eureka-client-4.1.1.jar;C:\Users\Phu\.m2\repository\org\apache\httpcomponents\client5\httpclient5\5.2.3\httpclient5-5.2.3.jar;C:\Users\Phu\.m2\repository\org\apache\httpcomponents\core5\httpcore5\5.2.4\httpcore5-5.2.4.jar;C:\Users\Phu\.m2\repository\org\apache\httpcomponents\core5\httpcore5-h2\5.2.4\httpcore5-h2-5.2.4.jar;C:\Users\Phu\.m2\repository\com\netflix\eureka\eureka-client\2.0.2\eureka-client-2.0.2.jar;C:\Users\Phu\.m2\repository\com\netflix\netflix-commons\netflix-eventbus\0.3.0\netflix-eventbus-0.3.0.jar;C:\Users\Phu\.m2\repository\com\netflix\netflix-commons\netflix-infix\0.3.0\netflix-infix-0.3.0.jar;C:\Users\Phu\.m2\repository\commons-jxpath\commons-jxpath\1.3\commons-jxpath-1.3.jar;C:\Users\Phu\.m2\repository\joda-time\joda-time\2.3\joda-time-2.3.jar;C:\Users\Phu\.m2\repository\org\antlr\antlr-runtime\3.4\antlr-runtime-3.4.jar;C:\Users\Phu\.m2\repository\org\antlr\stringtemplate\3.2.1\stringtemplate-3.2.1.jar;C:\Users\Phu\.m2\repository\antlr\antlr\2.7.7\antlr-2.7.7.jar;C:\Users\Phu\.m2\repository\com\google\code\gson\gson\2.10.1\gson-2.10.1.jar;C:\Users\Phu\.m2\repository\org\apache\commons\commons-math\2.2\commons-math-2.2.jar;C:\Users\Phu\.m2\repository\com\thoughtworks\xstream\xstream\1.4.19\xstream-1.4.19.jar;C:\Users\Phu\.m2\repository\io\github\x-stream\mxparser\1.2.2\mxparser-1.2.2.jar;C:\Users\Phu\.m2\repository\xmlpull\xmlpull\1.1.3.1\xmlpull-1.1.3.1.jar;C:\Users\Phu\.m2\repository\jakarta\ws\rs\jakarta.ws.rs-api\3.1.0\jakarta.ws.rs-api-3.1.0.jar;C:\Users\Phu\.m2\repository\jakarta\inject\jakarta.inject-api\2.0.1\jakarta.inject-api-2.0.1.jar;C:\Users\Phu\.m2\repository\com\netflix\servo\servo-core\0.12.21\servo-core-0.12.21.jar;C:\Users\Phu\.m2\repository\commons-configuration\commons-configuration\1.10\commons-configuration-1.10.jar;C:\Users\Phu\.m2\repository\commons-lang\commons-lang\2.6\commons-lang-2.6.jar;C:\Users\Phu\.m2\repository\org\codehaus\jettison\jettison\1.5.4\jettison-1.5.4.jar;C:\Users\Phu\.m2\repository\com\netflix\eureka\eureka-core\2.0.2\eureka-core-2.0.2.jar;C:\Users\Phu\.m2\repository\com\fasterxml\woodstox\woodstox-core\6.2.1\woodstox-core-6.2.1.jar;C:\Users\Phu\.m2\repository\org\codehaus\woodstox\stax2-api\4.2.1\stax2-api-4.2.1.jar;C:\Users\Phu\.m2\repository\org\springframework\cloud\spring-cloud-starter-loadbalancer\4.1.2\spring-cloud-starter-loadbalancer-4.1.2.jar;C:\Users\Phu\.m2\repository\org\springframework\cloud\spring-cloud-loadbalancer\4.1.2\spring-cloud-loadbalancer-4.1.2.jar;C:\Users\Phu\.m2\repository\io\projectreactor\reactor-core\3.6.5\reactor-core-3.6.5.jar;C:\Users\Phu\.m2\repository\io\projectreactor\addons\reactor-extra\3.5.1\reactor-extra-3.5.1.jar;C:\Users\Phu\.m2\repository\org\springframework\boot\spring-boot-starter-cache\3.2.5\spring-boot-starter-cache-3.2.5.jar;C:\Users\Phu\.m2\repository\com\stoyanr\evictor\1.0.0\evictor-1.0.0.jar;C:\Users\Phu\.m2\repository\org\springframework\cloud\spring-cloud-starter-openfeign\4.1.1\spring-cloud-starter-openfeign-4.1.1.jar;C:\Users\Phu\.m2\repository\org\springframework\cloud\spring-cloud-openfeign-core\4.1.1\spring-cloud-openfeign-core-4.1.1.jar;C:\Users\Phu\.m2\repository\org\springframework\boot\spring-boot-starter-aop\3.2.5\spring-boot-starter-aop-3.2.5.jar;C:\Users\Phu\.m2\repository\org\aspectj\aspectjweaver\1.9.22\aspectjweaver-1.9.22.jar;C:\Users\Phu\.m2\repository\io\github\openfeign\form\feign-form-spring\3.8.0\feign-form-spring-3.8.0.jar;C:\Users\Phu\.m2\repository\io\github\openfeign\form\feign-form\3.8.0\feign-form-3.8.0.jar;C:\Users\Phu\.m2\repository\commons-fileupload\commons-fileupload\1.5\commons-fileupload-1.5.jar;C:\Users\Phu\.m2\repository\org\springframework\cloud\spring-cloud-commons\4.1.2\spring-cloud-commons-4.1.2.jar;C:\Users\Phu\.m2\repository\org\springframework\security\spring-security-crypto\6.2.4\spring-security-crypto-6.2.4.jar;C:\Users\Phu\.m2\repository\io\github\openfeign\feign-core\13.2.1\feign-core-13.2.1.jar;C:\Users\Phu\.m2\repository\io\github\openfeign\feign-slf4j\13.2.1\feign-slf4j-13.2.1.jar;C:\Users\Phu\.m2\repository\org\axonframework\axon-spring-boot-starter\4.9.3\axon-spring-boot-starter-4.9.3.jar;C:\Users\Phu\.m2\repository\org\axonframework\axon-spring-boot-autoconfigure\4.9.3\axon-spring-boot-autoconfigure-4.9.3.jar;C:\Users\Phu\.m2\repository\org\axonframework\axon-server-connector\4.9.3\axon-server-connector-4.9.3.jar;C:\Users\Phu\.m2\repository\io\axoniq\axonserver-connector-java\2023.2.0\axonserver-connector-java-2023.2.0.jar;C:\Users\Phu\.m2\repository\io\grpc\grpc-protobuf\1.59.1\grpc-protobuf-1.59.1.jar;C:\Users\Phu\.m2\repository\io\grpc\grpc-api\1.59.1\grpc-api-1.59.1.jar;C:\Users\Phu\.m2\repository\com\google\protobuf\protobuf-java\3.24.0\protobuf-java-3.24.0.jar;C:\Users\Phu\.m2\repository\com\google\api\grpc\proto-google-common-protos\2.22.0\proto-google-common-protos-2.22.0.jar;C:\Users\Phu\.m2\repository\io\grpc\grpc-protobuf-lite\1.59.1\grpc-protobuf-lite-1.59.1.jar;C:\Users\Phu\.m2\repository\io\grpc\grpc-stub\1.59.1\grpc-stub-1.59.1.jar;C:\Users\Phu\.m2\repository\io\grpc\grpc-netty-shaded\1.59.1\grpc-netty-shaded-1.59.1.jar;C:\Users\Phu\.m2\repository\io\perfmark\perfmark-api\0.26.0\perfmark-api-0.26.0.jar;C:\Users\Phu\.m2\repository\io\grpc\grpc-core\1.59.1\grpc-core-1.59.1.jar;C:\Users\Phu\.m2\repository\com\google\android\annotations\4.1.1.4\annotations-4.1.1.4.jar;C:\Users\Phu\.m2\repository\org\codehaus\mojo\animal-sniffer-annotations\1.23\animal-sniffer-annotations-1.23.jar;C:\Users\Phu\.m2\repository\io\grpc\grpc-context\1.59.1\grpc-context-1.59.1.jar;C:\Users\Phu\.m2\repository\io\grpc\grpc-util\1.59.1\grpc-util-1.59.1.jar;C:\Users\Phu\.m2\repository\org\axonframework\axon-spring\4.9.3\axon-spring-4.9.3.jar;C:\Users\Phu\.m2\repository\org\axonframework\axon-configuration\4.9.3\axon-configuration-4.9.3.jar;C:\Users\Phu\.m2\repository\org\axonframework\axon-disruptor\4.9.3\axon-disruptor-4.9.3.jar;C:\Users\Phu\.m2\repository\com\lmax\disruptor\3.4.4\disruptor-3.4.4.jar;C:\Users\Phu\.m2\repository\org\axonframework\axon-eventsourcing\4.9.3\axon-eventsourcing-4.9.3.jar;C:\Users\Phu\.m2\repository\org\axonframework\axon-modelling\4.9.3\axon-modelling-4.9.3.jar;C:\Users\Phu\.m2\repository\org\axonframework\axon-messaging\4.9.3\axon-messaging-4.9.3.jar;C:\Users\Phu\.m2\repository\org\reactivestreams\reactive-streams\1.0.4\reactive-streams-1.0.4.jar;C:\Users\Phu\.m2\repository\com\google\guava\guava\32.1.2-jre\guava-32.1.2-jre.jar;C:\Users\Phu\.m2\repository\com\google\guava\failureaccess\1.0.1\failureaccess-1.0.1.jar;C:\Users\Phu\.m2\repository\com\google\guava\listenablefuture\9999.0-empty-to-avoid-conflict-with-guava\listenablefuture-9999.0-empty-to-avoid-conflict-with-guava.jar;C:\Users\Phu\.m2\repository\com\google\code\findbugs\jsr305\3.0.2\jsr305-3.0.2.jar;C:\Users\Phu\.m2\repository\org\checkerframework\checker-qual\3.33.0\checker-qual-3.33.0.jar;C:\Users\Phu\.m2\repository\com\google\errorprone\error_prone_annotations\2.18.0\error_prone_annotations-2.18.0.jar;C:\Users\Phu\.m2\repository\com\google\j2objc\j2objc-annotations\2.8\j2objc-annotations-2.8.jar;C:\Users\Phu\.m2\repository\com\fasterxml\jackson\core\jackson-databind\2.15.2\jackson-databind-2.15.2.jar;C:\Users\Phu\.m2\repository\com\fasterxml\jackson\core\jackson-annotations\2.15.4\jackson-annotations-2.15.4.jar;C:\Users\Phu\.m2\repository\com\fasterxml\jackson\core\jackson-core\2.15.4\jackson-core-2.15.4.jar;C:\Users\Phu\.m2\repository\org\springframework\kafka\spring-kafka\3.1.4\spring-kafka-3.1.4.jar;C:\Users\Phu\.m2\repository\org\springframework\spring-context\6.1.6\spring-context-6.1.6.jar;C:\Users\Phu\.m2\repository\org\springframework\spring-messaging\6.1.6\spring-messaging-6.1.6.jar;C:\Users\Phu\.m2\repository\org\springframework\spring-tx\6.1.6\spring-tx-6.1.6.jar;C:\Users\Phu\.m2\repository\org\springframework\retry\spring-retry\2.0.5\spring-retry-2.0.5.jar;C:\Users\Phu\.m2\repository\org\apache\kafka\kafka-clients\3.6.2\kafka-clients-3.6.2.jar;C:\Users\Phu\.m2\repository\com\github\luben\zstd-jni\1.5.5-1\zstd-jni-1.5.5-1.jar;C:\Users\Phu\.m2\repository\org\lz4\lz4-java\1.8.0\lz4-java-1.8.0.jar;C:\Users\Phu\.m2\repository\org\xerial\snappy\snappy-java\1.1.10.5\snappy-java-1.1.10.5.jar;C:\Users\Phu\.m2\repository\io\micrometer\micrometer-observation\1.12.5\micrometer-observation-1.12.5.jar;C:\Users\Phu\.m2\repository\io\micrometer\micrometer-commons\1.12.5\micrometer-commons-1.12.5.jar;C:\Users\Phu\.m2\repository\com\twilio\sdk\twilio\8.1.0\twilio-8.1.0.jar;C:\Users\Phu\.m2\repository\commons-codec\commons-codec\1.16.1\commons-codec-1.16.1.jar;C:\Users\Phu\.m2\repository\commons-io\commons-io\2.7\commons-io-2.7.jar;C:\Users\Phu\.m2\repository\io\jsonwebtoken\jjwt-api\0.11.2\jjwt-api-0.11.2.jar;C:\Users\Phu\.m2\repository\io\jsonwebtoken\jjwt-jackson\0.11.2\jjwt-jackson-0.11.2.jar;C:\Users\Phu\.m2\repository\io\jsonwebtoken\jjwt-impl\0.11.2\jjwt-impl-0.11.2.jar;C:\Users\Phu\.m2\repository\org\apache\httpcomponents\httpclient\4.5.12\httpclient-4.5.12.jar;C:\Users\Phu\.m2\repository\commons-logging\commons-logging\1.2\commons-logging-1.2.jar;C:\Users\Phu\.m2\repository\org\apache\httpcomponents\httpcore\4.4.16\httpcore-4.4.16.jar;C:\Users\Phu\.m2\repository\com\fasterxml\jackson\datatype\jackson-datatype-jsr310\2.15.4\jackson-datatype-jsr310-2.15.4.jar;C:\Users\Phu\.m2\repository\javax\xml\bind\jaxb-api\2.3.1\jaxb-api-2.3.1.jar;C:\Users\Phu\.m2\repository\javax\activation\javax.activation-api\1.2.0\javax.activation-api-1.2.0.jar;C:\Users\Phu\.m2\repository\ch\qos\logback\logback-core\1.4.14\logback-core-1.4.14.jar;C:\Users\Phu\.m2\repository\ch\qos\logback\logback-classic\1.4.14\logback-classic-1.4.14.jar
Launcher Type: SUN_STANDARD

[Global flags]
     intx CICompilerCount                          = 4                                         {product} {ergonomic}
     uint ConcGCThreads                            = 2                                         {product} {ergonomic}
     uint G1ConcRefinementThreads                  = 8                                         {product} {ergonomic}
   size_t G1HeapRegionSize                         = 2097152                                   {product} {ergonomic}
    uintx GCDrainStackTargetSize                   = 64                                        {product} {ergonomic}
   size_t InitialHeapSize                          = 266338304                                 {product} {ergonomic}
   size_t MarkStackSize                            = 4194304                                   {product} {ergonomic}
   size_t MaxHeapSize                              = 4253024256                                {product} {ergonomic}
   size_t MaxNewSize                               = 2550136832                                {product} {ergonomic}
   size_t MinHeapDeltaBytes                        = 2097152                                   {product} {ergonomic}
   size_t MinHeapSize                              = 8388608                                   {product} {ergonomic}
    uintx NonNMethodCodeHeapSize                   = 5839372                                {pd product} {ergonomic}
    uintx NonProfiledCodeHeapSize                  = 122909434                              {pd product} {ergonomic}
    uintx ProfiledCodeHeapSize                     = 122909434                              {pd product} {ergonomic}
    uintx ReservedCodeCacheSize                    = 251658240                              {pd product} {ergonomic}
     bool SegmentedCodeCache                       = true                                      {product} {ergonomic}
   size_t SoftMaxHeapSize                          = 4253024256                             {manageable} {ergonomic}
     bool UseCompressedOops                        = true                           {product lp64_product} {ergonomic}
     bool UseG1GC                                  = true                                      {product} {ergonomic}
     bool UseLargePagesIndividualAllocation        = false                                  {pd product} {ergonomic}

Logging:
Log output configuration:
 #0: stdout all=warning uptime,level,tags foldmultilines=false
 #1: stderr all=off uptime,level,tags foldmultilines=false

Environment Variables:
PATH=C:\Program Files\Common Files\Oracle\Java\javapath;C:\Program Files (x86)\Common Files\Oracle\Java\java8path;C:\Program Files (x86)\Common Files\Oracle\Java\javapath;C:\Program Files\Microsoft MPI\Bin\;C:\Windows\system32;C:\Windows;C:\Windows\System32\Wbem;C:\Windows\System32\WindowsPowerShell\v1.0\;C:\Windows\System32\OpenSSH\;C:\Program Files\Azure Data Studio\bin;C:\Program Files\dotnet\;C:\Program Files\Microsoft SQL Server\Client SDK\ODBC\170\Tools\Binn\;C:\Program Files (x86)\Microsoft SQL Server\160\DTS\Binn\;C:\Program Files (x86)\Microsoft SQL Server\160\Tools\Binn\;C:\Program Files\Microsoft SQL Server\160\Tools\Binn\;C:\Program Files\Microsoft SQL Server\160\DTS\Binn\;C:\Program Files\Git\bin\git.exe;C:\Program Files\Git\cmd;C:\Program Files\nodejs\;C:\Program Files\Java\jdk-21\bin;C:\Program Files\Java\apache-maven-3.8.8\bin;C:\Program Files\Cloudflare\Cloudflare WARP\;C:\Users\Phu\Desktop\mongosh-2.2.3-win32-x64\bin;;C:\Program Files\Docker\Docker\resources\bin;C:\Program Files\Microsoft SQL Server\150\Tools\Binn\;C:\Users\Phu\AppData\Local\Microsoft\WindowsApps;;C:\Program Files\Azure Data Studio\bin;C:\Users\Phu\.dotnet\tools;C:\Users\Phu\AppData\Local\Programs\Microsoft VS Code\bin;C:\Users\Phu\AppData\Roaming\npm
USERNAME=Phu
OS=Windows_NT
PROCESSOR_IDENTIFIER=Intel64 Family 6 Model 165 Stepping 2, GenuineIntel
TMP=C:\Users\Phu\AppData\Local\Temp
TEMP=C:\Users\Phu\AppData\Local\Temp




Periodic native trim disabled

---------------  S Y S T E M  ---------------

OS:
 Windows 11 , 64 bit Build 22621 (10.0.22621.3527)
OS uptime: 4 days 14:07 hours
Hyper-V role detected

CPU: total 8 (initial active 8) (4 cores per cpu, 2 threads per core) family 6 model 165 stepping 2 microcode 0xe0, cx8, cmov, fxsr, ht, mmx, 3dnowpref, sse, sse2, sse3, ssse3, sse4.1, sse4.2, popcnt, lzcnt, tsc, tscinvbit, avx, avx2, aes, erms, clmul, bmi1, bmi2, adx, fma, vzeroupper, clflush, clflushopt, hv, rdtscp, f16c
Processor Information for all 8 processors :
  Max Mhz: 2496, Current Mhz: 2496, Mhz Limit: 2496

Memory: 4k page, system-wide physical 16220M (393M free)
TotalPageFile size 41163M (AvailPageFile size 0M)
current process WorkingSet (physical memory assigned to process): 186M, peak: 314M
current process commit charge ("private bytes"): 310M, peak: 421M

vm_info: Java HotSpot(TM) 64-Bit Server VM (21.0.2+13-LTS-58) for windows-amd64 JRE (21.0.2+13-LTS-58), built on 2024-01-05T18:32:24Z by "mach5one" with MS VC++ 17.1 (VS2022)

END.
