#
# There is insufficient memory for the Java Runtime Environment to continue.
# Native memory allocation (mmap) failed to map 266338304 bytes for G1 virtual space
# Possible reasons:
#   The system is out of physical RAM or swap space
#   The process is running with CompressedOops enabled, and the Java Heap may be blocking the growth of the native heap
# Possible solutions:
#   Reduce memory load on the system
#   Increase physical memory or swap space
#   Check if swap backing store is full
#   Decrease Java heap size (-Xmx/-Xms)
#   Decrease number of Java threads
#   Decrease Java thread stack sizes (-Xss)
#   Set larger code cache with -XX:ReservedCodeCacheSize=
#   JVM is running with Zero Based Compressed Oops mode in which the Java heap is
#     placed in the first 32GB address space. The Java Heap base address is the
#     maximum limit for the native heap growth. Please use -XX:HeapBaseMinAddress
#     to set the Java Heap base and to place the Java Heap above 32GB virtual address.
# This output file may be truncated or incomplete.
#
#  Out of Memory Error (os_windows.cpp:3825), pid=14028, tid=10476
#
# JRE version:  (17.0.10+1) (build )
# Java VM: OpenJDK 64-Bit Server VM (17.0.10+1-b1087.17, mixed mode, sharing, tiered, compressed oops, compressed class ptrs, g1 gc, windows-amd64)
# No core dump will be written. Minidumps are not enabled by default on client versions of Windows
#

---------------  S U M M A R Y ------------

Command Line: git4idea.http.GitAskPassApp Username for 'https://github.com': 

Host: Intel(R) Core(TM) i5-10300H CPU @ 2.50GHz, 8 cores, 15G,  Windows 11 , 64 bit Build 22621 (10.0.22621.3527)
Time: Tue May 14 22:25:17 2024 SE Asia Standard Time elapsed time: 0.164030 seconds (0d 0h 0m 0s)

---------------  T H R E A D  ---------------

Current thread (0x000001b37f35d030):  JavaThread "Unknown thread" [_thread_in_vm, id=10476, stack(0x0000006cec600000,0x0000006cec700000)]

Stack: [0x0000006cec600000,0x0000006cec700000]
Native frames: (J=compiled Java code, j=interpreted, Vv=VM code, C=native code)
V  [jvm.dll+0x688ac9]
V  [jvm.dll+0x84220a]
V  [jvm.dll+0x843e4e]
V  [jvm.dll+0x8444b3]
V  [jvm.dll+0x24ba8f]
V  [jvm.dll+0x685899]
V  [jvm.dll+0x67a14a]
V  [jvm.dll+0x30c7eb]
V  [jvm.dll+0x313c96]
V  [jvm.dll+0x363a2e]
V  [jvm.dll+0x363c5f]
V  [jvm.dll+0x2e25b8]
V  [jvm.dll+0x2e3524]
V  [jvm.dll+0x812d71]
V  [jvm.dll+0x3718e1]
V  [jvm.dll+0x7f18d6]
V  [jvm.dll+0x3f553f]
V  [jvm.dll+0x3f7171]
C  [jli.dll+0x528f]
C  [ucrtbase.dll+0x29333]
C  [KERNEL32.DLL+0x1257d]
C  [ntdll.dll+0x5aa48]


---------------  P R O C E S S  ---------------

Threads class SMR info:
_java_thread_list=0x00007ff92261ef58, length=0, elements={
}

Java Threads: ( => current thread )

Other Threads:
  0x000001b37f3c7940 GCTaskThread "GC Thread#0" [stack: 0x0000006cec800000,0x0000006cec900000] [id=30292]
  0x000001b37f3d8610 ConcurrentGCThread "G1 Main Marker" [stack: 0x0000006cec900000,0x0000006ceca00000] [id=19444]
  0x000001b37f3d9030 ConcurrentGCThread "G1 Conc#0" [stack: 0x0000006ceca00000,0x0000006cecb00000] [id=32756]

[error occurred during error reporting (printing all threads), id 0xc0000005, EXCEPTION_ACCESS_VIOLATION (0xc0000005) at pc=0x00007ff921dd3187]

VM state: not at safepoint (not fully initialized)

VM Mutex/Monitor currently owned by a thread:  ([mutex/lock_event])
[0x000001b37f3570c0] Heap_lock - owner thread: 0x000001b37f35d030

Heap address: 0x0000000702800000, size: 4056 MB, Compressed Oops mode: Zero based, Oop shift amount: 3

CDS archive(s) mapped at: [0x0000000000000000-0x0000000000000000-0x0000000000000000), size 0, SharedBaseAddress: 0x0000000800000000, ArchiveRelocationMode: 1.
Narrow klass base: 0x0000000000000000, Narrow klass shift: 0, Narrow klass range: 0x0

GC Precious Log:
<Empty>

Heap:
 garbage-first heap   total 0K, used 0K [0x0000000702800000, 0x0000000800000000)
  region size 2048K, 0 young (0K), 0 survivors (0K)
 Metaspace       used 0K, committed 0K, reserved 0K
  class space    used 0K, committed 0K, reserved 0K

Heap Regions: E=young(eden), S=young(survivor), O=old, HS=humongous(starts), HC=humongous(continues), CS=collection set, F=free, OA=open archive, CA=closed archive, TAMS=top-at-mark-start (previous, next)

Card table byte_map: [0x000001b3126c0000,0x000001b312eb0000] _byte_map_base: 0x000001b30eeac000

Marking Bits (Prev, Next): (CMBitMap*) 0x000001b37f3c7f60, (CMBitMap*) 0x000001b37f3c7fa0
 Prev Bits: [0x000001b3136a0000, 0x000001b317600000)
 Next Bits: [0x000001b317600000, 0x000001b31b560000)

GC Heap History (0 events):
No events

Dll operation events (1 events):
Event: 0.066 Loaded shared library D:\Intellij\IntelliJ IDEA Community Edition 2023.3.4\jbr\bin\java.dll

Deoptimization events (0 events):
No events

Classes unloaded (0 events):
No events

Classes redefined (0 events):
No events

Internal exceptions (0 events):
No events

VM Operations (0 events):
No events

Events (0 events):
No events


Dynamic libraries:
0x00007ff6793b0000 - 0x00007ff6793ba000 	D:\Intellij\IntelliJ IDEA Community Edition 2023.3.4\jbr\bin\java.exe
0x00007ff977750000 - 0x00007ff977967000 	C:\Windows\SYSTEM32\ntdll.dll
0x00007ff976ca0000 - 0x00007ff976d64000 	C:\Windows\System32\KERNEL32.DLL
0x00007ff974e90000 - 0x00007ff975237000 	C:\Windows\System32\KERNELBASE.dll
0x00007ff974b30000 - 0x00007ff974c41000 	C:\Windows\System32\ucrtbase.dll
0x00007ff961df0000 - 0x00007ff961e07000 	D:\Intellij\IntelliJ IDEA Community Edition 2023.3.4\jbr\bin\jli.dll
0x00007ff9756c0000 - 0x00007ff97586e000 	C:\Windows\System32\USER32.dll
0x00007ff9752c0000 - 0x00007ff9752e6000 	C:\Windows\System32\win32u.dll
0x00007ff975e10000 - 0x00007ff975e39000 	C:\Windows\System32\GDI32.dll
0x00007ff9752f0000 - 0x00007ff975409000 	C:\Windows\System32\gdi32full.dll
0x00007ff974df0000 - 0x00007ff974e8a000 	C:\Windows\System32\msvcp_win.dll
0x00007ff961950000 - 0x00007ff96196b000 	D:\Intellij\IntelliJ IDEA Community Edition 2023.3.4\jbr\bin\VCRUNTIME140.dll
0x00007ff95c670000 - 0x00007ff95c903000 	C:\Windows\WinSxS\amd64_microsoft.windows.common-controls_6595b64144ccf1df_6.0.22621.3527_none_270e469b73872a76\COMCTL32.dll
0x00007ff9771c0000 - 0x00007ff977267000 	C:\Windows\System32\msvcrt.dll
0x00007ff975870000 - 0x00007ff9758a1000 	C:\Windows\System32\IMM32.DLL
0x00007ff962440000 - 0x00007ff96244c000 	D:\Intellij\IntelliJ IDEA Community Edition 2023.3.4\jbr\bin\vcruntime140_1.dll
0x00007ff9456a0000 - 0x00007ff94572d000 	D:\Intellij\IntelliJ IDEA Community Edition 2023.3.4\jbr\bin\msvcp140.dll
0x00007ff921ae0000 - 0x00007ff922763000 	D:\Intellij\IntelliJ IDEA Community Edition 2023.3.4\jbr\bin\server\jvm.dll
0x00007ff9767d0000 - 0x00007ff976882000 	C:\Windows\System32\ADVAPI32.dll
0x00007ff976720000 - 0x00007ff9767c8000 	C:\Windows\System32\sechost.dll
0x00007ff974c50000 - 0x00007ff974c78000 	C:\Windows\System32\bcrypt.dll
0x00007ff975480000 - 0x00007ff975595000 	C:\Windows\System32\RPCRT4.dll
0x00007ff9738b0000 - 0x00007ff9738fd000 	C:\Windows\SYSTEM32\POWRPROF.dll
0x00007ff95fd90000 - 0x00007ff95fd99000 	C:\Windows\SYSTEM32\WSOCK32.dll
0x00007ff975d90000 - 0x00007ff975e01000 	C:\Windows\System32\WS2_32.dll
0x00007ff96cd20000 - 0x00007ff96cd54000 	C:\Windows\SYSTEM32\WINMM.dll
0x00007ff96a590000 - 0x00007ff96a59a000 	C:\Windows\SYSTEM32\VERSION.dll
0x00007ff973890000 - 0x00007ff9738a3000 	C:\Windows\SYSTEM32\UMPDC.dll
0x00007ff973b40000 - 0x00007ff973b58000 	C:\Windows\SYSTEM32\kernel.appcore.dll
0x00007ff971990000 - 0x00007ff97199a000 	D:\Intellij\IntelliJ IDEA Community Edition 2023.3.4\jbr\bin\jimage.dll
0x00007ff971cf0000 - 0x00007ff971f23000 	C:\Windows\SYSTEM32\DBGHELP.DLL
0x00007ff976e30000 - 0x00007ff9771b8000 	C:\Windows\System32\combase.dll
0x00007ff976bc0000 - 0x00007ff976c97000 	C:\Windows\System32\OLEAUT32.dll
0x00007ff953d90000 - 0x00007ff953dc2000 	C:\Windows\SYSTEM32\dbgcore.DLL
0x00007ff975240000 - 0x00007ff9752b9000 	C:\Windows\System32\bcryptPrimitives.dll
0x00007ff960a00000 - 0x00007ff960a25000 	D:\Intellij\IntelliJ IDEA Community Edition 2023.3.4\jbr\bin\java.dll

dbghelp: loaded successfully - version: 4.0.5 - missing functions: none
symbol engine: initialized successfully - sym options: 0x614 - pdb path: .;D:\Intellij\IntelliJ IDEA Community Edition 2023.3.4\jbr\bin;C:\Windows\SYSTEM32;C:\Windows\WinSxS\amd64_microsoft.windows.common-controls_6595b64144ccf1df_6.0.22621.3527_none_270e469b73872a76;D:\Intellij\IntelliJ IDEA Community Edition 2023.3.4\jbr\bin\server

VM Arguments:
java_command: git4idea.http.GitAskPassApp Username for 'https://github.com': 
java_class_path (initial): D:/Intellij/IntelliJ IDEA Community Edition 2023.3.4/plugins/vcs-git/lib/git4idea-rt.jar;D:/Intellij/IntelliJ IDEA Community Edition 2023.3.4/lib/externalProcess-rt.jar
Launcher Type: SUN_STANDARD

[Global flags]
     intx CICompilerCount                          = 4                                         {product} {ergonomic}
     uint ConcGCThreads                            = 2                                         {product} {ergonomic}
     uint G1ConcRefinementThreads                  = 8                                         {product} {ergonomic}
   size_t G1HeapRegionSize                         = 2097152                                   {product} {ergonomic}
    uintx GCDrainStackTargetSize                   = 64                                        {product} {ergonomic}
   size_t InitialHeapSize                          = 266338304                                 {product} {ergonomic}
   size_t MarkStackSize                            = 4194304                                   {product} {ergonomic}
   size_t MaxHeapSize                              = 4253024256                                {product} {ergonomic}
   size_t MinHeapDeltaBytes                        = 2097152                                   {product} {ergonomic}
   size_t MinHeapSize                              = 8388608                                   {product} {ergonomic}
    uintx NonNMethodCodeHeapSize                   = 5839372                                {pd product} {ergonomic}
    uintx NonProfiledCodeHeapSize                  = 122909434                              {pd product} {ergonomic}
    uintx ProfiledCodeHeapSize                     = 122909434                              {pd product} {ergonomic}
    uintx ReservedCodeCacheSize                    = 251658240                              {pd product} {ergonomic}
     bool SegmentedCodeCache                       = true                                      {product} {ergonomic}
   size_t SoftMaxHeapSize                          = 4253024256                             {manageable} {ergonomic}
     bool UseCompressedClassPointers               = true                           {product lp64_product} {ergonomic}
     bool UseCompressedOops                        = true                           {product lp64_product} {ergonomic}
     bool UseG1GC                                  = true                                      {product} {ergonomic}
     bool UseLargePagesIndividualAllocation        = false                                  {pd product} {ergonomic}

Logging:
Log output configuration:
 #0: stdout all=warning uptime,level,tags
 #1: stderr all=off uptime,level,tags

Environment Variables:
PATH=C:\Program Files\Git\mingw64\libexec\git-core;C:\Program Files\Git\mingw64\libexec\git-core;C:\Program Files\Git\mingw64\bin;C:\Program Files\Git\usr\bin;C:\Users\Phu\bin;C:\Program Files\Common Files\Oracle\Java\javapath;C:\Program Files (x86)\Common Files\Oracle\Java\java8path;C:\Program Files (x86)\Common Files\Oracle\Java\javapath;C:\Program Files\Microsoft MPI\Bin;C:\Windows\system32;C:\Windows;C:\Windows\System32\Wbem;C:\Windows\System32\WindowsPowerShell\v1.0;C:\Windows\System32\OpenSSH;C:\Program Files\Azure Data Studio\bin;C:\Program Files\dotnet;C:\Program Files\Microsoft SQL Server\Client SDK\ODBC\170\Tools\Binn;C:\Program Files (x86)\Microsoft SQL Server\160\DTS\Binn;C:\Program Files (x86)\Microsoft SQL Server\160\Tools\Binn;C:\Program Files\Microsoft SQL Server\160\Tools\Binn;C:\Program Files\Microsoft SQL Server\160\DTS\Binn;C:\Program Files\Git\usr\bin\git.exe;C:\Program Files\Git\cmd;C:\Program Files\nodejs;C:\Program Files\Java\jdk-21\bin;C:\Program Files\Java\apache-maven-3.8.8\bin;C:\Program Files\Cloudflare\Cloudflare WARP;C:\Users\Phu\Desktop\mongosh-2.2.3-win32-x64\bin;C:\Program Files\Docker\Docker\resources\bin;C:\Program Files\Microsoft SQL Server\150\Tools\Binn;C:\Users\Phu\AppData\Local\Microsoft\WindowsApps;C:\Program Files\Azure Data Studio\bin;C:\Users\Phu\.dotnet\tools;C:\Users\Phu\AppData\Local\Programs\Microsoft VS Code\bin;C:\Users\Phu\AppData\Roaming\npm
USERNAME=Phu
DISPLAY=:0.0
LC_ALL=en_US.UTF-8
TERM=xterm-256color
TMPDIR=C:\Users\Phu\AppData\Local\Temp
OS=Windows_NT
PROCESSOR_IDENTIFIER=Intel64 Family 6 Model 165 Stepping 2, GenuineIntel
TMP=C:\Users\Phu\AppData\Local\Temp
TEMP=C:\Users\Phu\AppData\Local\Temp



Periodic native trim disabled

JNI global refs:
JNI global refs: 0, weak refs: 0

JNI global refs memory usage: 0, weak refs: 0

OOME stack traces (most recent first):
Classloader memory used:


---------------  S Y S T E M  ---------------

OS:
 Windows 11 , 64 bit Build 22621 (10.0.22621.3527)
OS uptime: 4 days 14:07 hours
Hyper-V role detected

CPU: total 8 (initial active 8) (4 cores per cpu, 2 threads per core) family 6 model 165 stepping 2 microcode 0xe0, cx8, cmov, fxsr, ht, mmx, 3dnowpref, sse, sse2, sse3, ssse3, sse4.1, sse4.2, popcnt, lzcnt, tsc, tscinvbit, avx, avx2, aes, erms, clmul, bmi1, bmi2, adx, fma, vzeroupper, clflush, clflushopt, hv
Processor Information for all 8 processors :
  Max Mhz: 2496, Current Mhz: 2496, Mhz Limit: 2496

Memory: 4k page, system-wide physical 16220M (433M free)
TotalPageFile size 41163M (AvailPageFile size 84M)
current process WorkingSet (physical memory assigned to process): 11M, peak: 11M
current process commit charge ("private bytes"): 60M, peak: 314M

vm_info: OpenJDK 64-Bit Server VM (17.0.10+1-b1087.17) for windows-amd64 JRE (17.0.10+1-b1087.17), built on 2024-01-19 by "builduser" with MS VC++ 16.10 / 16.11 (VS2019)

END.
