#
# There is insufficient memory for the Java Runtime Environment to continue.
# Native memory allocation (mmap) failed to map 65536 bytes for Failed to commit metaspace.
# Possible reasons:
#   The system is out of physical RAM or swap space
#   The process is running with CompressedOops enabled, and the Java Heap may be blocking the growth of the native heap
# Possible solutions:
#   Reduce memory load on the system
#   Increase physical memory or swap space
#   Check if swap backing store is full
#   Decrease Java heap size (-Xmx/-Xms)
#   Decrease number of Java threads
#   Decrease Java thread stack sizes (-Xss)
#   Set larger code cache with -XX:ReservedCodeCacheSize=
#   JVM is running with Zero Based Compressed Oops mode in which the Java heap is
#     placed in the first 32GB address space. The Java Heap base address is the
#     maximum limit for the native heap growth. Please use -XX:HeapBaseMinAddress
#     to set the Java Heap base and to place the Java Heap above 32GB virtual address.
# This output file may be truncated or incomplete.
#
#  Out of Memory Error (virtualSpaceNode.cpp:110), pid=6008, tid=22856
#
# JRE version: OpenJDK Runtime Environment JBR-17.0.10+1-1087.17-jcef (17.0.10+1) (build 17.0.10+1-b1087.17)
# Java VM: OpenJDK 64-Bit Server VM JBR-17.0.10+1-1087.17-jcef (17.0.10+1-b1087.17, mixed mode, tiered, compressed oops, compressed class ptrs, g1 gc, windows-amd64)
# No core dump will be written. Minidumps are not enabled by default on client versions of Windows
#

---------------  S U M M A R Y ------------

Command Line: git4idea.http.GitAskPassApp Username for 'https://github.com': 

Host: Intel(R) Core(TM) i5-10300H CPU @ 2.50GHz, 8 cores, 15G,  Windows 11 , 64 bit Build 22621 (10.0.22621.3527)
Time: Mon May 13 13:40:30 2024 SE Asia Standard Time elapsed time: 0.416153 seconds (0d 0h 0m 0s)

---------------  T H R E A D  ---------------

Current thread (0x000001bdadfcb050):  JavaThread "main" [_thread_in_vm, id=22856, stack(0x0000004baaf00000,0x0000004bab000000)]

Stack: [0x0000004baaf00000,0x0000004bab000000]
Native frames: (J=compiled Java code, j=interpreted, Vv=VM code, C=native code)
V  [jvm.dll+0x688ac9]
V  [jvm.dll+0x84220a]
V  [jvm.dll+0x843e4e]
V  [jvm.dll+0x8444b3]
V  [jvm.dll+0x24ba8f]
V  [jvm.dll+0x83d1eb]
V  [jvm.dll+0x62d0e6]
V  [jvm.dll+0x1c284e]
V  [jvm.dll+0x62fa41]
V  [jvm.dll+0x62da86]
V  [jvm.dll+0x240b16]
V  [jvm.dll+0x1ef46b]
V  [jvm.dll+0x1e4d8c]
V  [jvm.dll+0x54d98c]
V  [jvm.dll+0x7bb7af]
V  [jvm.dll+0x7bb6f4]
V  [jvm.dll+0x416598]
V  [jvm.dll+0x429d1c]
C  [java.dll+0x1657]

Java frames: (J=compiled Java code, j=interpreted, Vv=VM code)
j  java.lang.ClassLoader.defineClass0(Ljava/lang/ClassLoader;Ljava/lang/Class;Ljava/lang/String;[BIILjava/security/ProtectionDomain;ZILjava/lang/Object;)Ljava/lang/Class;+0 java.base@17.0.10
j  java.lang.System$2.defineClass(Ljava/lang/ClassLoader;Ljava/lang/Class;Ljava/lang/String;[BLjava/security/ProtectionDomain;ZILjava/lang/Object;)Ljava/lang/Class;+17 java.base@17.0.10
j  java.lang.invoke.MethodHandles$Lookup$ClassDefiner.defineClass(ZLjava/lang/Object;)Ljava/lang/Class;+54 java.base@17.0.10
j  java.lang.invoke.InvokerBytecodeGenerator.loadMethod([B)Ljava/lang/invoke/MemberName;+16 java.base@17.0.10
j  java.lang.invoke.InvokerBytecodeGenerator.generateCustomizedCode(Ljava/lang/invoke/LambdaForm;Ljava/lang/invoke/MethodType;)Ljava/lang/invoke/MemberName;+30 java.base@17.0.10
j  java.lang.invoke.LambdaForm.compileToBytecode()V+69 java.base@17.0.10
j  java.lang.invoke.LambdaForm.prepare()V+21 java.base@17.0.10
j  java.lang.invoke.MethodHandle.<init>(Ljava/lang/invoke/MethodType;Ljava/lang/invoke/LambdaForm;)V+33 java.base@17.0.10
j  java.lang.invoke.BoundMethodHandle.<init>(Ljava/lang/invoke/MethodType;Ljava/lang/invoke/LambdaForm;)V+3 java.base@17.0.10
j  java.lang.invoke.BoundMethodHandle$Species_L.<init>(Ljava/lang/invoke/MethodType;Ljava/lang/invoke/LambdaForm;Ljava/lang/Object;)V+3 java.base@17.0.10
j  java.lang.invoke.BoundMethodHandle$Species_L.copyWith(Ljava/lang/invoke/MethodType;Ljava/lang/invoke/LambdaForm;)Ljava/lang/invoke/BoundMethodHandle;+10 java.base@17.0.10
j  java.lang.invoke.MethodHandles.dropArguments0(Ljava/lang/invoke/MethodHandle;ILjava/util/List;)Ljava/lang/invoke/MethodHandle;+105 java.base@17.0.10
j  java.lang.invoke.MethodHandles.dropArguments(Ljava/lang/invoke/MethodHandle;I[Ljava/lang/Class;)Ljava/lang/invoke/MethodHandle;+6 java.base@17.0.10
j  java.lang.invoke.StringConcatFactory.generateMHInlineCopy(Ljava/lang/invoke/MethodType;Ljava/util/List;)Ljava/lang/invoke/MethodHandle;+266 java.base@17.0.10
j  java.lang.invoke.StringConcatFactory.makeConcatWithConstants(Ljava/lang/invoke/MethodHandles$Lookup;Ljava/lang/String;Ljava/lang/invoke/MethodType;Ljava/lang/String;[Ljava/lang/Object;)Ljava/lang/invoke/CallSite;+220 java.base@17.0.10
j  java.lang.invoke.DirectMethodHandle$Holder.invokeStatic(Ljava/lang/Object;Ljava/lang/Object;Ljava/lang/Object;Ljava/lang/Object;Ljava/lang/Object;Ljava/lang/Object;)Ljava/lang/Object;+18 java.base@17.0.10
j  java.lang.invoke.DelegatingMethodHandle$Holder.delegate(Ljava/lang/Object;Ljava/lang/Object;Ljava/lang/Object;Ljava/lang/Object;Ljava/lang/Object;Ljava/lang/Object;)Ljava/lang/Object;+21 java.base@17.0.10
j  java.lang.invoke.Invokers$Holder.invokeExact_MT(Ljava/lang/Object;Ljava/lang/Object;Ljava/lang/Object;Ljava/lang/Object;Ljava/lang/Object;Ljava/lang/Object;Ljava/lang/Object;)Ljava/lang/Object;+26 java.base@17.0.10
j  java.lang.invoke.BootstrapMethodInvoker.invoke(Ljava/lang/Class;Ljava/lang/invoke/MethodHandle;Ljava/lang/String;Ljava/lang/Object;Ljava/lang/Object;Ljava/lang/Class;)Ljava/lang/Object;+157 java.base@17.0.10
j  java.lang.invoke.CallSite.makeSite(Ljava/lang/invoke/MethodHandle;Ljava/lang/String;Ljava/lang/invoke/MethodType;Ljava/lang/Object;Ljava/lang/Class;)Ljava/lang/invoke/CallSite;+8 java.base@17.0.10
j  java.lang.invoke.MethodHandleNatives.linkCallSiteImpl(Ljava/lang/Class;Ljava/lang/invoke/MethodHandle;Ljava/lang/String;Ljava/lang/invoke/MethodType;Ljava/lang/Object;[Ljava/lang/Object;)Ljava/lang/invoke/MemberName;+6 java.base@17.0.10
j  java.lang.invoke.MethodHandleNatives.linkCallSite(Ljava/lang/Object;ILjava/lang/Object;Ljava/lang/Object;Ljava/lang/Object;Ljava/lang/Object;[Ljava/lang/Object;)Ljava/lang/invoke/MemberName;+46 java.base@17.0.10
v  ~StubRoutines::call_stub
j  jdk.internal.net.http.HttpClientImpl.<init>(Ljdk/internal/net/http/HttpClientBuilderImpl;Ljdk/internal/net/http/HttpClientImpl$SingleFacadeFactory;)V+121 java.net.http@17.0.10
j  jdk.internal.net.http.HttpClientImpl.create(Ljdk/internal/net/http/HttpClientBuilderImpl;)Ljdk/internal/net/http/HttpClientFacade;+14 java.net.http@17.0.10
j  jdk.internal.net.http.HttpClientBuilderImpl.build()Ljava/net/http/HttpClient;+1 java.net.http@17.0.10
j  externalApp.ExternalAppUtil.sendIdeRequest(Ljava/lang/String;ILjava/lang/String;Ljava/lang/String;)LexternalApp/ExternalAppUtil$Result;+77
j  git4idea.http.GitAskPassApp.main([Ljava/lang/String;)V+37
v  ~StubRoutines::call_stub

---------------  P R O C E S S  ---------------

Threads class SMR info:
_java_thread_list=0x000001bdd1461240, length=13, elements={
0x000001bdadfcb050, 0x000001bdd1050e20, 0x000001bdd1051ca0, 0x000001bdd10a1ba0,
0x000001bdd10a3770, 0x000001bdd10a6140, 0x000001bdd10a7520, 0x000001bdd10c5f80,
0x000001bdd10e9b50, 0x000001bdd10ec170, 0x000001bdd1243490, 0x000001bdd12445d0,
0x000001bdd14ca9f0
}

Java Threads: ( => current thread )
=>0x000001bdadfcb050 JavaThread "main" [_thread_in_vm, id=22856, stack(0x0000004baaf00000,0x0000004bab000000)]
  0x000001bdd1050e20 JavaThread "Reference Handler" daemon [_thread_blocked, id=17232, stack(0x0000004bab600000,0x0000004bab700000)]
  0x000001bdd1051ca0 JavaThread "Finalizer" daemon [_thread_blocked, id=14912, stack(0x0000004bab700000,0x0000004bab800000)]
  0x000001bdd10a1ba0 JavaThread "Signal Dispatcher" daemon [_thread_blocked, id=28012, stack(0x0000004bab800000,0x0000004bab900000)]
  0x000001bdd10a3770 JavaThread "Attach Listener" daemon [_thread_blocked, id=11012, stack(0x0000004bab900000,0x0000004baba00000)]
  0x000001bdd10a6140 JavaThread "Service Thread" daemon [_thread_blocked, id=14276, stack(0x0000004baba00000,0x0000004babb00000)]
  0x000001bdd10a7520 JavaThread "Monitor Deflation Thread" daemon [_thread_blocked, id=3972, stack(0x0000004babb00000,0x0000004babc00000)]
  0x000001bdd10c5f80 JavaThread "C2 CompilerThread0" daemon [_thread_blocked, id=8784, stack(0x0000004babc00000,0x0000004babd00000)]
  0x000001bdd10e9b50 JavaThread "C1 CompilerThread0" daemon [_thread_blocked, id=16772, stack(0x0000004babd00000,0x0000004babe00000)]
  0x000001bdd10ec170 JavaThread "Sweeper thread" daemon [_thread_blocked, id=28532, stack(0x0000004babe00000,0x0000004babf00000)]
  0x000001bdd1243490 JavaThread "Notification Thread" daemon [_thread_blocked, id=1052, stack(0x0000004babf00000,0x0000004bac000000)]
  0x000001bdd12445d0 JavaThread "Common-Cleaner" daemon [_thread_blocked, id=19668, stack(0x0000004bac100000,0x0000004bac200000)]
  0x000001bdd14ca9f0 JavaThread "C2 CompilerThread1" daemon [_thread_blocked, id=24908, stack(0x0000004bac200000,0x0000004bac300000)]

Other Threads:
  0x000001bdd104f110 VMThread "VM Thread" [stack: 0x0000004bab500000,0x0000004bab600000] [id=29636]
  0x000001bdd1243970 WatcherThread [stack: 0x0000004bac000000,0x0000004bac100000] [id=15712]
  0x000001bdae036ab0 GCTaskThread "GC Thread#0" [stack: 0x0000004bab000000,0x0000004bab100000] [id=9556]
  0x000001bdae047780 ConcurrentGCThread "G1 Main Marker" [stack: 0x0000004bab100000,0x0000004bab200000] [id=14856]
  0x000001bdae0481a0 ConcurrentGCThread "G1 Conc#0" [stack: 0x0000004bab200000,0x0000004bab300000] [id=15772]
  0x000001bdcca275b0 ConcurrentGCThread "G1 Refine#0" [stack: 0x0000004bab300000,0x0000004bab400000] [id=7320]
  0x000001bdcca27df0 ConcurrentGCThread "G1 Service" [stack: 0x0000004bab400000,0x0000004bab500000] [id=29056]

Threads with active compile tasks:

VM state: not at safepoint (normal execution)

VM Mutex/Monitor currently owned by a thread:  ([mutex/lock_event])
[0x000001bdadfc5ac0] Metaspace_lock - owner thread: 0x000001bdadfcb050

Heap address: 0x0000000702800000, size: 4056 MB, Compressed Oops mode: Zero based, Oop shift amount: 3

CDS archive(s) not mapped
Compressed class space mapped at: 0x0000000800000000-0x0000000840000000, reserved size: 1073741824
Narrow klass base: 0x0000000800000000, Narrow klass shift: 0, Narrow klass range: 0x40000000

GC Precious Log:
 CPUs: 8 total, 8 available
 Memory: 16220M
 Large Page Support: Disabled
 NUMA Support: Disabled
 Compressed Oops: Enabled (Zero based)
 Heap Region Size: 2M
 Heap Min Capacity: 8M
 Heap Initial Capacity: 254M
 Heap Max Capacity: 4056M
 Pre-touch: Disabled
 Parallel Workers: 8
 Concurrent Workers: 2
 Concurrent Refinement Workers: 8
 Periodic GC: Disabled

Heap:
 garbage-first heap   total 260096K, used 6144K [0x0000000702800000, 0x0000000800000000)
  region size 2048K, 4 young (8192K), 0 survivors (0K)
 Metaspace       used 10744K, committed 10944K, reserved 1114112K
  class space    used 1023K, committed 1152K, reserved 1048576K

Heap Regions: E=young(eden), S=young(survivor), O=old, HS=humongous(starts), HC=humongous(continues), CS=collection set, F=free, OA=open archive, CA=closed archive, TAMS=top-at-mark-start (previous, next)
|   0|0x0000000702800000, 0x0000000702800000, 0x0000000702a00000|  0%| F|  |TAMS 0x0000000702800000, 0x0000000702800000| Untracked 
|   1|0x0000000702a00000, 0x0000000702a00000, 0x0000000702c00000|  0%| F|  |TAMS 0x0000000702a00000, 0x0000000702a00000| Untracked 
|   2|0x0000000702c00000, 0x0000000702c00000, 0x0000000702e00000|  0%| F|  |TAMS 0x0000000702c00000, 0x0000000702c00000| Untracked 
|   3|0x0000000702e00000, 0x0000000702e00000, 0x0000000703000000|  0%| F|  |TAMS 0x0000000702e00000, 0x0000000702e00000| Untracked 
|   4|0x0000000703000000, 0x0000000703000000, 0x0000000703200000|  0%| F|  |TAMS 0x0000000703000000, 0x0000000703000000| Untracked 
|   5|0x0000000703200000, 0x0000000703200000, 0x0000000703400000|  0%| F|  |TAMS 0x0000000703200000, 0x0000000703200000| Untracked 
|   6|0x0000000703400000, 0x0000000703400000, 0x0000000703600000|  0%| F|  |TAMS 0x0000000703400000, 0x0000000703400000| Untracked 
|   7|0x0000000703600000, 0x0000000703600000, 0x0000000703800000|  0%| F|  |TAMS 0x0000000703600000, 0x0000000703600000| Untracked 
|   8|0x0000000703800000, 0x0000000703800000, 0x0000000703a00000|  0%| F|  |TAMS 0x0000000703800000, 0x0000000703800000| Untracked 
|   9|0x0000000703a00000, 0x0000000703a00000, 0x0000000703c00000|  0%| F|  |TAMS 0x0000000703a00000, 0x0000000703a00000| Untracked 
|  10|0x0000000703c00000, 0x0000000703c00000, 0x0000000703e00000|  0%| F|  |TAMS 0x0000000703c00000, 0x0000000703c00000| Untracked 
|  11|0x0000000703e00000, 0x0000000703e00000, 0x0000000704000000|  0%| F|  |TAMS 0x0000000703e00000, 0x0000000703e00000| Untracked 
|  12|0x0000000704000000, 0x0000000704000000, 0x0000000704200000|  0%| F|  |TAMS 0x0000000704000000, 0x0000000704000000| Untracked 
|  13|0x0000000704200000, 0x0000000704200000, 0x0000000704400000|  0%| F|  |TAMS 0x0000000704200000, 0x0000000704200000| Untracked 
|  14|0x0000000704400000, 0x0000000704400000, 0x0000000704600000|  0%| F|  |TAMS 0x0000000704400000, 0x0000000704400000| Untracked 
|  15|0x0000000704600000, 0x0000000704600000, 0x0000000704800000|  0%| F|  |TAMS 0x0000000704600000, 0x0000000704600000| Untracked 
|  16|0x0000000704800000, 0x0000000704800000, 0x0000000704a00000|  0%| F|  |TAMS 0x0000000704800000, 0x0000000704800000| Untracked 
|  17|0x0000000704a00000, 0x0000000704a00000, 0x0000000704c00000|  0%| F|  |TAMS 0x0000000704a00000, 0x0000000704a00000| Untracked 
|  18|0x0000000704c00000, 0x0000000704c00000, 0x0000000704e00000|  0%| F|  |TAMS 0x0000000704c00000, 0x0000000704c00000| Untracked 
|  19|0x0000000704e00000, 0x0000000704e00000, 0x0000000705000000|  0%| F|  |TAMS 0x0000000704e00000, 0x0000000704e00000| Untracked 
|  20|0x0000000705000000, 0x0000000705000000, 0x0000000705200000|  0%| F|  |TAMS 0x0000000705000000, 0x0000000705000000| Untracked 
|  21|0x0000000705200000, 0x0000000705200000, 0x0000000705400000|  0%| F|  |TAMS 0x0000000705200000, 0x0000000705200000| Untracked 
|  22|0x0000000705400000, 0x0000000705400000, 0x0000000705600000|  0%| F|  |TAMS 0x0000000705400000, 0x0000000705400000| Untracked 
|  23|0x0000000705600000, 0x0000000705600000, 0x0000000705800000|  0%| F|  |TAMS 0x0000000705600000, 0x0000000705600000| Untracked 
|  24|0x0000000705800000, 0x0000000705800000, 0x0000000705a00000|  0%| F|  |TAMS 0x0000000705800000, 0x0000000705800000| Untracked 
|  25|0x0000000705a00000, 0x0000000705a00000, 0x0000000705c00000|  0%| F|  |TAMS 0x0000000705a00000, 0x0000000705a00000| Untracked 
|  26|0x0000000705c00000, 0x0000000705c00000, 0x0000000705e00000|  0%| F|  |TAMS 0x0000000705c00000, 0x0000000705c00000| Untracked 
|  27|0x0000000705e00000, 0x0000000705e00000, 0x0000000706000000|  0%| F|  |TAMS 0x0000000705e00000, 0x0000000705e00000| Untracked 
|  28|0x0000000706000000, 0x0000000706000000, 0x0000000706200000|  0%| F|  |TAMS 0x0000000706000000, 0x0000000706000000| Untracked 
|  29|0x0000000706200000, 0x0000000706200000, 0x0000000706400000|  0%| F|  |TAMS 0x0000000706200000, 0x0000000706200000| Untracked 
|  30|0x0000000706400000, 0x0000000706400000, 0x0000000706600000|  0%| F|  |TAMS 0x0000000706400000, 0x0000000706400000| Untracked 
|  31|0x0000000706600000, 0x0000000706600000, 0x0000000706800000|  0%| F|  |TAMS 0x0000000706600000, 0x0000000706600000| Untracked 
|  32|0x0000000706800000, 0x0000000706800000, 0x0000000706a00000|  0%| F|  |TAMS 0x0000000706800000, 0x0000000706800000| Untracked 
|  33|0x0000000706a00000, 0x0000000706a00000, 0x0000000706c00000|  0%| F|  |TAMS 0x0000000706a00000, 0x0000000706a00000| Untracked 
|  34|0x0000000706c00000, 0x0000000706c00000, 0x0000000706e00000|  0%| F|  |TAMS 0x0000000706c00000, 0x0000000706c00000| Untracked 
|  35|0x0000000706e00000, 0x0000000706e00000, 0x0000000707000000|  0%| F|  |TAMS 0x0000000706e00000, 0x0000000706e00000| Untracked 
|  36|0x0000000707000000, 0x0000000707000000, 0x0000000707200000|  0%| F|  |TAMS 0x0000000707000000, 0x0000000707000000| Untracked 
|  37|0x0000000707200000, 0x0000000707200000, 0x0000000707400000|  0%| F|  |TAMS 0x0000000707200000, 0x0000000707200000| Untracked 
|  38|0x0000000707400000, 0x0000000707400000, 0x0000000707600000|  0%| F|  |TAMS 0x0000000707400000, 0x0000000707400000| Untracked 
|  39|0x0000000707600000, 0x0000000707600000, 0x0000000707800000|  0%| F|  |TAMS 0x0000000707600000, 0x0000000707600000| Untracked 
|  40|0x0000000707800000, 0x0000000707800000, 0x0000000707a00000|  0%| F|  |TAMS 0x0000000707800000, 0x0000000707800000| Untracked 
|  41|0x0000000707a00000, 0x0000000707a00000, 0x0000000707c00000|  0%| F|  |TAMS 0x0000000707a00000, 0x0000000707a00000| Untracked 
|  42|0x0000000707c00000, 0x0000000707c00000, 0x0000000707e00000|  0%| F|  |TAMS 0x0000000707c00000, 0x0000000707c00000| Untracked 
|  43|0x0000000707e00000, 0x0000000707e00000, 0x0000000708000000|  0%| F|  |TAMS 0x0000000707e00000, 0x0000000707e00000| Untracked 
|  44|0x0000000708000000, 0x0000000708000000, 0x0000000708200000|  0%| F|  |TAMS 0x0000000708000000, 0x0000000708000000| Untracked 
|  45|0x0000000708200000, 0x0000000708200000, 0x0000000708400000|  0%| F|  |TAMS 0x0000000708200000, 0x0000000708200000| Untracked 
|  46|0x0000000708400000, 0x0000000708400000, 0x0000000708600000|  0%| F|  |TAMS 0x0000000708400000, 0x0000000708400000| Untracked 
|  47|0x0000000708600000, 0x0000000708600000, 0x0000000708800000|  0%| F|  |TAMS 0x0000000708600000, 0x0000000708600000| Untracked 
|  48|0x0000000708800000, 0x0000000708800000, 0x0000000708a00000|  0%| F|  |TAMS 0x0000000708800000, 0x0000000708800000| Untracked 
|  49|0x0000000708a00000, 0x0000000708a00000, 0x0000000708c00000|  0%| F|  |TAMS 0x0000000708a00000, 0x0000000708a00000| Untracked 
|  50|0x0000000708c00000, 0x0000000708c00000, 0x0000000708e00000|  0%| F|  |TAMS 0x0000000708c00000, 0x0000000708c00000| Untracked 
|  51|0x0000000708e00000, 0x0000000708e00000, 0x0000000709000000|  0%| F|  |TAMS 0x0000000708e00000, 0x0000000708e00000| Untracked 
|  52|0x0000000709000000, 0x0000000709000000, 0x0000000709200000|  0%| F|  |TAMS 0x0000000709000000, 0x0000000709000000| Untracked 
|  53|0x0000000709200000, 0x0000000709200000, 0x0000000709400000|  0%| F|  |TAMS 0x0000000709200000, 0x0000000709200000| Untracked 
|  54|0x0000000709400000, 0x0000000709400000, 0x0000000709600000|  0%| F|  |TAMS 0x0000000709400000, 0x0000000709400000| Untracked 
|  55|0x0000000709600000, 0x0000000709600000, 0x0000000709800000|  0%| F|  |TAMS 0x0000000709600000, 0x0000000709600000| Untracked 
|  56|0x0000000709800000, 0x0000000709800000, 0x0000000709a00000|  0%| F|  |TAMS 0x0000000709800000, 0x0000000709800000| Untracked 
|  57|0x0000000709a00000, 0x0000000709a00000, 0x0000000709c00000|  0%| F|  |TAMS 0x0000000709a00000, 0x0000000709a00000| Untracked 
|  58|0x0000000709c00000, 0x0000000709c00000, 0x0000000709e00000|  0%| F|  |TAMS 0x0000000709c00000, 0x0000000709c00000| Untracked 
|  59|0x0000000709e00000, 0x0000000709e00000, 0x000000070a000000|  0%| F|  |TAMS 0x0000000709e00000, 0x0000000709e00000| Untracked 
|  60|0x000000070a000000, 0x000000070a000000, 0x000000070a200000|  0%| F|  |TAMS 0x000000070a000000, 0x000000070a000000| Untracked 
|  61|0x000000070a200000, 0x000000070a200000, 0x000000070a400000|  0%| F|  |TAMS 0x000000070a200000, 0x000000070a200000| Untracked 
|  62|0x000000070a400000, 0x000000070a400000, 0x000000070a600000|  0%| F|  |TAMS 0x000000070a400000, 0x000000070a400000| Untracked 
|  63|0x000000070a600000, 0x000000070a600000, 0x000000070a800000|  0%| F|  |TAMS 0x000000070a600000, 0x000000070a600000| Untracked 
|  64|0x000000070a800000, 0x000000070a800000, 0x000000070aa00000|  0%| F|  |TAMS 0x000000070a800000, 0x000000070a800000| Untracked 
|  65|0x000000070aa00000, 0x000000070aa00000, 0x000000070ac00000|  0%| F|  |TAMS 0x000000070aa00000, 0x000000070aa00000| Untracked 
|  66|0x000000070ac00000, 0x000000070ac00000, 0x000000070ae00000|  0%| F|  |TAMS 0x000000070ac00000, 0x000000070ac00000| Untracked 
|  67|0x000000070ae00000, 0x000000070ae00000, 0x000000070b000000|  0%| F|  |TAMS 0x000000070ae00000, 0x000000070ae00000| Untracked 
|  68|0x000000070b000000, 0x000000070b000000, 0x000000070b200000|  0%| F|  |TAMS 0x000000070b000000, 0x000000070b000000| Untracked 
|  69|0x000000070b200000, 0x000000070b200000, 0x000000070b400000|  0%| F|  |TAMS 0x000000070b200000, 0x000000070b200000| Untracked 
|  70|0x000000070b400000, 0x000000070b400000, 0x000000070b600000|  0%| F|  |TAMS 0x000000070b400000, 0x000000070b400000| Untracked 
|  71|0x000000070b600000, 0x000000070b600000, 0x000000070b800000|  0%| F|  |TAMS 0x000000070b600000, 0x000000070b600000| Untracked 
|  72|0x000000070b800000, 0x000000070b800000, 0x000000070ba00000|  0%| F|  |TAMS 0x000000070b800000, 0x000000070b800000| Untracked 
|  73|0x000000070ba00000, 0x000000070ba00000, 0x000000070bc00000|  0%| F|  |TAMS 0x000000070ba00000, 0x000000070ba00000| Untracked 
|  74|0x000000070bc00000, 0x000000070bc00000, 0x000000070be00000|  0%| F|  |TAMS 0x000000070bc00000, 0x000000070bc00000| Untracked 
|  75|0x000000070be00000, 0x000000070be00000, 0x000000070c000000|  0%| F|  |TAMS 0x000000070be00000, 0x000000070be00000| Untracked 
|  76|0x000000070c000000, 0x000000070c000000, 0x000000070c200000|  0%| F|  |TAMS 0x000000070c000000, 0x000000070c000000| Untracked 
|  77|0x000000070c200000, 0x000000070c200000, 0x000000070c400000|  0%| F|  |TAMS 0x000000070c200000, 0x000000070c200000| Untracked 
|  78|0x000000070c400000, 0x000000070c400000, 0x000000070c600000|  0%| F|  |TAMS 0x000000070c400000, 0x000000070c400000| Untracked 
|  79|0x000000070c600000, 0x000000070c600000, 0x000000070c800000|  0%| F|  |TAMS 0x000000070c600000, 0x000000070c600000| Untracked 
|  80|0x000000070c800000, 0x000000070c800000, 0x000000070ca00000|  0%| F|  |TAMS 0x000000070c800000, 0x000000070c800000| Untracked 
|  81|0x000000070ca00000, 0x000000070ca00000, 0x000000070cc00000|  0%| F|  |TAMS 0x000000070ca00000, 0x000000070ca00000| Untracked 
|  82|0x000000070cc00000, 0x000000070cc00000, 0x000000070ce00000|  0%| F|  |TAMS 0x000000070cc00000, 0x000000070cc00000| Untracked 
|  83|0x000000070ce00000, 0x000000070ce00000, 0x000000070d000000|  0%| F|  |TAMS 0x000000070ce00000, 0x000000070ce00000| Untracked 
|  84|0x000000070d000000, 0x000000070d000000, 0x000000070d200000|  0%| F|  |TAMS 0x000000070d000000, 0x000000070d000000| Untracked 
|  85|0x000000070d200000, 0x000000070d200000, 0x000000070d400000|  0%| F|  |TAMS 0x000000070d200000, 0x000000070d200000| Untracked 
|  86|0x000000070d400000, 0x000000070d400000, 0x000000070d600000|  0%| F|  |TAMS 0x000000070d400000, 0x000000070d400000| Untracked 
|  87|0x000000070d600000, 0x000000070d600000, 0x000000070d800000|  0%| F|  |TAMS 0x000000070d600000, 0x000000070d600000| Untracked 
|  88|0x000000070d800000, 0x000000070d800000, 0x000000070da00000|  0%| F|  |TAMS 0x000000070d800000, 0x000000070d800000| Untracked 
|  89|0x000000070da00000, 0x000000070da00000, 0x000000070dc00000|  0%| F|  |TAMS 0x000000070da00000, 0x000000070da00000| Untracked 
|  90|0x000000070dc00000, 0x000000070dc00000, 0x000000070de00000|  0%| F|  |TAMS 0x000000070dc00000, 0x000000070dc00000| Untracked 
|  91|0x000000070de00000, 0x000000070de00000, 0x000000070e000000|  0%| F|  |TAMS 0x000000070de00000, 0x000000070de00000| Untracked 
|  92|0x000000070e000000, 0x000000070e000000, 0x000000070e200000|  0%| F|  |TAMS 0x000000070e000000, 0x000000070e000000| Untracked 
|  93|0x000000070e200000, 0x000000070e200000, 0x000000070e400000|  0%| F|  |TAMS 0x000000070e200000, 0x000000070e200000| Untracked 
|  94|0x000000070e400000, 0x000000070e400000, 0x000000070e600000|  0%| F|  |TAMS 0x000000070e400000, 0x000000070e400000| Untracked 
|  95|0x000000070e600000, 0x000000070e600000, 0x000000070e800000|  0%| F|  |TAMS 0x000000070e600000, 0x000000070e600000| Untracked 
|  96|0x000000070e800000, 0x000000070e800000, 0x000000070ea00000|  0%| F|  |TAMS 0x000000070e800000, 0x000000070e800000| Untracked 
|  97|0x000000070ea00000, 0x000000070ea00000, 0x000000070ec00000|  0%| F|  |TAMS 0x000000070ea00000, 0x000000070ea00000| Untracked 
|  98|0x000000070ec00000, 0x000000070ec00000, 0x000000070ee00000|  0%| F|  |TAMS 0x000000070ec00000, 0x000000070ec00000| Untracked 
|  99|0x000000070ee00000, 0x000000070ee00000, 0x000000070f000000|  0%| F|  |TAMS 0x000000070ee00000, 0x000000070ee00000| Untracked 
| 100|0x000000070f000000, 0x000000070f000000, 0x000000070f200000|  0%| F|  |TAMS 0x000000070f000000, 0x000000070f000000| Untracked 
| 101|0x000000070f200000, 0x000000070f200000, 0x000000070f400000|  0%| F|  |TAMS 0x000000070f200000, 0x000000070f200000| Untracked 
| 102|0x000000070f400000, 0x000000070f400000, 0x000000070f600000|  0%| F|  |TAMS 0x000000070f400000, 0x000000070f400000| Untracked 
| 103|0x000000070f600000, 0x000000070f600000, 0x000000070f800000|  0%| F|  |TAMS 0x000000070f600000, 0x000000070f600000| Untracked 
| 104|0x000000070f800000, 0x000000070f800000, 0x000000070fa00000|  0%| F|  |TAMS 0x000000070f800000, 0x000000070f800000| Untracked 
| 105|0x000000070fa00000, 0x000000070fa00000, 0x000000070fc00000|  0%| F|  |TAMS 0x000000070fa00000, 0x000000070fa00000| Untracked 
| 106|0x000000070fc00000, 0x000000070fc00000, 0x000000070fe00000|  0%| F|  |TAMS 0x000000070fc00000, 0x000000070fc00000| Untracked 
| 107|0x000000070fe00000, 0x000000070fe00000, 0x0000000710000000|  0%| F|  |TAMS 0x000000070fe00000, 0x000000070fe00000| Untracked 
| 108|0x0000000710000000, 0x0000000710000000, 0x0000000710200000|  0%| F|  |TAMS 0x0000000710000000, 0x0000000710000000| Untracked 
| 109|0x0000000710200000, 0x0000000710200000, 0x0000000710400000|  0%| F|  |TAMS 0x0000000710200000, 0x0000000710200000| Untracked 
| 110|0x0000000710400000, 0x0000000710400000, 0x0000000710600000|  0%| F|  |TAMS 0x0000000710400000, 0x0000000710400000| Untracked 
| 111|0x0000000710600000, 0x0000000710600000, 0x0000000710800000|  0%| F|  |TAMS 0x0000000710600000, 0x0000000710600000| Untracked 
| 112|0x0000000710800000, 0x0000000710800000, 0x0000000710a00000|  0%| F|  |TAMS 0x0000000710800000, 0x0000000710800000| Untracked 
| 113|0x0000000710a00000, 0x0000000710a00000, 0x0000000710c00000|  0%| F|  |TAMS 0x0000000710a00000, 0x0000000710a00000| Untracked 
| 114|0x0000000710c00000, 0x0000000710c00000, 0x0000000710e00000|  0%| F|  |TAMS 0x0000000710c00000, 0x0000000710c00000| Untracked 
| 115|0x0000000710e00000, 0x0000000710e00000, 0x0000000711000000|  0%| F|  |TAMS 0x0000000710e00000, 0x0000000710e00000| Untracked 
| 116|0x0000000711000000, 0x0000000711000000, 0x0000000711200000|  0%| F|  |TAMS 0x0000000711000000, 0x0000000711000000| Untracked 
| 117|0x0000000711200000, 0x0000000711200000, 0x0000000711400000|  0%| F|  |TAMS 0x0000000711200000, 0x0000000711200000| Untracked 
| 118|0x0000000711400000, 0x0000000711400000, 0x0000000711600000|  0%| F|  |TAMS 0x0000000711400000, 0x0000000711400000| Untracked 
| 119|0x0000000711600000, 0x0000000711600000, 0x0000000711800000|  0%| F|  |TAMS 0x0000000711600000, 0x0000000711600000| Untracked 
| 120|0x0000000711800000, 0x0000000711800000, 0x0000000711a00000|  0%| F|  |TAMS 0x0000000711800000, 0x0000000711800000| Untracked 
| 121|0x0000000711a00000, 0x0000000711a00000, 0x0000000711c00000|  0%| F|  |TAMS 0x0000000711a00000, 0x0000000711a00000| Untracked 
| 122|0x0000000711c00000, 0x0000000711c00000, 0x0000000711e00000|  0%| F|  |TAMS 0x0000000711c00000, 0x0000000711c00000| Untracked 
| 123|0x0000000711e00000, 0x0000000711e712c8, 0x0000000712000000| 22%| E|  |TAMS 0x0000000711e00000, 0x0000000711e00000| Complete 
| 124|0x0000000712000000, 0x0000000712200000, 0x0000000712200000|100%| E|CS|TAMS 0x0000000712000000, 0x0000000712000000| Complete 
| 125|0x0000000712200000, 0x0000000712400000, 0x0000000712400000|100%| E|CS|TAMS 0x0000000712200000, 0x0000000712200000| Complete 
| 126|0x0000000712400000, 0x0000000712600000, 0x0000000712600000|100%| E|CS|TAMS 0x0000000712400000, 0x0000000712400000| Complete 

Card table byte_map: [0x000001bdc1260000,0x000001bdc1a50000] _byte_map_base: 0x000001bdbda4c000

Marking Bits (Prev, Next): (CMBitMap*) 0x000001bdae0370d0, (CMBitMap*) 0x000001bdae037110
 Prev Bits: [0x000001bdc2240000, 0x000001bdc61a0000)
 Next Bits: [0x000001bdc61a0000, 0x000001bdca100000)

Polling page: 0x000001bdabfc0000

Metaspace:

Usage:
  Non-class:      9.49 MB used.
      Class:   1023.45 KB used.
       Both:     10.49 MB used.

Virtual space:
  Non-class space:       64.00 MB reserved,       9.56 MB ( 15%) committed,  1 nodes.
      Class space:        1.00 GB reserved,       1.12 MB ( <1%) committed,  1 nodes.
             Both:        1.06 GB reserved,      10.69 MB ( <1%) committed. 

Chunk freelists:
   Non-Class:  6.31 MB
       Class:  14.73 MB
        Both:  21.05 MB

MaxMetaspaceSize: unlimited
CompressedClassSpaceSize: 1.00 GB
Initial GC threshold: 21.00 MB
Current GC threshold: 21.00 MB
CDS: off
MetaspaceReclaimPolicy: balanced
 - commit_granule_bytes: 65536.
 - commit_granule_words: 8192.
 - virtual_space_node_default_size: 8388608.
 - enlarge_chunks_in_place: 1.
 - new_chunks_are_fully_committed: 0.
 - uncommit_free_chunks: 1.
 - use_allocation_guard: 0.
 - handle_deallocations: 1.


Internal statistics:

num_allocs_failed_limit: 0.
num_arena_births: 42.
num_arena_deaths: 0.
num_vsnodes_births: 2.
num_vsnodes_deaths: 0.
num_space_committed: 171.
num_space_uncommitted: 0.
num_chunks_returned_to_freelist: 0.
num_chunks_taken_from_freelist: 89.
num_chunk_merges: 0.
num_chunk_splits: 50.
num_chunks_enlarged: 29.
num_inconsistent_stats: 0.

CodeHeap 'non-profiled nmethods': size=120000Kb used=160Kb max_used=160Kb free=119839Kb
 bounds [0x000001bdb9210000, 0x000001bdb9480000, 0x000001bdc0740000]
CodeHeap 'profiled nmethods': size=120000Kb used=862Kb max_used=862Kb free=119137Kb
 bounds [0x000001bdb1740000, 0x000001bdb19b0000, 0x000001bdb8c70000]
CodeHeap 'non-nmethods': size=5760Kb used=1143Kb max_used=1159Kb free=4616Kb
 bounds [0x000001bdb8c70000, 0x000001bdb8ee0000, 0x000001bdb9210000]
 total_blobs=974 nmethods=542 adapters=345
 compilation: enabled
              stopped_count=0, restarted_count=0
 full_count=0

Compilation events (20 events):
Event: 0.411 Thread 0x000001bdd10e9b50  524       1       java.lang.invoke.MethodTypeForm::basicType (5 bytes)
Event: 0.411 Thread 0x000001bdd10e9b50 nmethod 524 0x000001bdb9236490 code [0x000001bdb9236620, 0x000001bdb92366f8]
Event: 0.412 Thread 0x000001bdd10e9b50  527       3       java.lang.invoke.MemberName::getReferenceKind (12 bytes)
Event: 0.412 Thread 0x000001bdd10e9b50 nmethod 527 0x000001bdb1813d10 code [0x000001bdb1813ea0, 0x000001bdb1813fb8]
Event: 0.412 Thread 0x000001bdd10e9b50  528       3       java.util.Optional::<init> (10 bytes)
Event: 0.412 Thread 0x000001bdd10e9b50 nmethod 528 0x000001bdb1814090 code [0x000001bdb1814220, 0x000001bdb18143d8]
Event: 0.412 Thread 0x000001bdd10c5f80  529       4       java.lang.String::substring (58 bytes)
Event: 0.413 Thread 0x000001bdd10e9b50  531       3       java.lang.invoke.MethodTypeForm::canonicalize (59 bytes)
Event: 0.413 Thread 0x000001bdd10e9b50 nmethod 531 0x000001bdb1814490 code [0x000001bdb1814660, 0x000001bdb1814988]
Event: 0.413 Thread 0x000001bdd10e9b50  532       3       java.lang.invoke.MethodType$ConcurrentWeakInternSet::add (66 bytes)
Event: 0.414 Thread 0x000001bdd10e9b50 nmethod 532 0x000001bdb1814a90 code [0x000001bdb1814d00, 0x000001bdb1815b28]
Event: 0.414 Thread 0x000001bdd10e9b50  536       3       java.lang.invoke.LambdaForm$BasicType::basicType (19 bytes)
Event: 0.414 Thread 0x000001bdd10e9b50 nmethod 536 0x000001bdb1815f90 code [0x000001bdb1816160, 0x000001bdb18163b8]
Event: 0.414 Thread 0x000001bdd10e9b50  535       3       java.lang.invoke.LambdaForm$Name::initIndex (26 bytes)
Event: 0.414 Thread 0x000001bdd10e9b50 nmethod 535 0x000001bdb1816510 code [0x000001bdb18166a0, 0x000001bdb1816858]
Event: 0.414 Thread 0x000001bdd10e9b50  538       3       java.lang.invoke.MemberName::getName (25 bytes)
Event: 0.414 Thread 0x000001bdd10e9b50 nmethod 538 0x000001bdb1816910 code [0x000001bdb1816ae0, 0x000001bdb1816e88]
Event: 0.414 Thread 0x000001bdd10e9b50  541       3       jdk.internal.org.objectweb.asm.ByteVector::<init> (13 bytes)
Event: 0.415 Thread 0x000001bdd10e9b50 nmethod 541 0x000001bdb1816f90 code [0x000001bdb1817140, 0x000001bdb18173b8]
Event: 0.415 Thread 0x000001bdd10e9b50  542       3       jdk.internal.org.objectweb.asm.ByteVector::putByteArray (49 bytes)

GC Heap History (0 events):
No events

Dll operation events (1 events):
Event: 0.006 Loaded shared library D:\Intellij\IntelliJ IDEA Community Edition 2023.3.4\jbr\bin\java.dll

Deoptimization events (0 events):
No events

Classes unloaded (0 events):
No events

Classes redefined (0 events):
No events

Internal exceptions (15 events):
Event: 0.202 Thread 0x000001bdadfcb050 Exception <a 'sun/nio/fs/WindowsException'{0x0000000712355ca8}> (0x0000000712355ca8) 
thrown [s\src\hotspot\share\prims\jni.cpp, line 517]
Event: 0.217 Thread 0x000001bdadfcb050 Exception <a 'java/lang/NoSuchMethodError'{0x0000000712381418}: 'int java.lang.invoke.DirectMethodHandle$Holder.invokeStaticInit(java.lang.Object, java.lang.Object, java.lang.Object, java.lang.Object)'> (0x0000000712381418) 
thrown [s\src\hotspot\share\interpreter\linkResolver.cpp, line 771]
Event: 0.219 Thread 0x000001bdadfcb050 Exception <a 'java/lang/NoSuchMethodError'{0x000000071238c078}: 'java.lang.Object java.lang.invoke.DirectMethodHandle$Holder.invokeInterface(java.lang.Object, java.lang.Object)'> (0x000000071238c078) 
thrown [s\src\hotspot\share\interpreter\linkResolver.cpp, line 771]
Event: 0.220 Thread 0x000001bdadfcb050 Exception <a 'java/lang/IncompatibleClassChangeError'{0x000000071238f998}: Found class java.lang.Object, but interface was expected> (0x000000071238f998) 
thrown [s\src\hotspot\share\interpreter\linkResolver.cpp, line 838]
Event: 0.220 Thread 0x000001bdadfcb050 Exception <a 'java/lang/NoSuchMethodError'{0x0000000712392d48}: 'void java.lang.invoke.DirectMethodHandle$Holder.invokeStatic(java.lang.Object, java.lang.Object)'> (0x0000000712392d48) 
thrown [s\src\hotspot\share\interpreter\linkResolver.cpp, line 771]
Event: 0.221 Thread 0x000001bdadfcb050 Exception <a 'java/lang/NoSuchMethodError'{0x0000000712396660}: 'void java.lang.invoke.DirectMethodHandle$Holder.invokeStaticInit(java.lang.Object, java.lang.Object)'> (0x0000000712396660) 
thrown [s\src\hotspot\share\interpreter\linkResolver.cpp, line 771]
Event: 0.223 Thread 0x000001bdadfcb050 Exception <a 'java/lang/NoSuchMethodError'{0x000000071239ced8}: 'int java.lang.invoke.DirectMethodHandle$Holder.invokeStaticInit(java.lang.Object, java.lang.Object)'> (0x000000071239ced8) 
thrown [s\src\hotspot\share\interpreter\linkResolver.cpp, line 771]
Event: 0.265 Thread 0x000001bdadfcb050 Exception <a 'java/lang/NoSuchMethodError'{0x0000000712083ad8}: 'java.lang.Object java.lang.invoke.DirectMethodHandle$Holder.invokeStaticInit(java.lang.Object, int, int, int, int)'> (0x0000000712083ad8) 
thrown [s\src\hotspot\share\interpreter\linkResolver.cpp, line 771]
Event: 0.366 Thread 0x000001bdadfcb050 Exception <a 'java/lang/NoSuchMethodError'{0x0000000712170598}: 'java.lang.Object java.lang.invoke.DirectMethodHandle$Holder.invokeStaticInit(java.lang.Object, java.lang.Object, int, int, int, int)'> (0x0000000712170598) 
thrown [s\src\hotspot\share\interpreter\linkResolver.cpp, line 771]
Event: 0.377 Thread 0x000001bdadfcb050 Exception <a 'java/lang/NoSuchMethodError'{0x00000007121c2a28}: 'java.lang.Object java.lang.invoke.DirectMethodHandle$Holder.invokeStatic(java.lang.Object, java.lang.Object, int)'> (0x00000007121c2a28) 
thrown [s\src\hotspot\share\interpreter\linkResolver.cpp, line 771]
Event: 0.378 Thread 0x000001bdadfcb050 Exception <a 'java/lang/NoSuchMethodError'{0x00000007121dc988}: 'java.lang.Object java.lang.invoke.DirectMethodHandle$Holder.invokeStaticInit(java.lang.Object, java.lang.Object, int)'> (0x00000007121dc988) 
thrown [s\src\hotspot\share\interpreter\linkResolver.cpp, line 771]
Event: 0.379 Thread 0x000001bdadfcb050 Exception <a 'java/lang/NoSuchMethodError'{0x00000007121e2d38}: 'java.lang.Object java.lang.invoke.DirectMethodHandle$Holder.newInvokeSpecial(java.lang.Object, java.lang.Object, int)'> (0x00000007121e2d38) 
thrown [s\src\hotspot\share\interpreter\linkResolver.cpp, line 771]
Event: 0.382 Thread 0x000001bdadfcb050 Exception <a 'java/lang/NoSuchMethodError'{0x00000007121f2480}: 'int java.lang.invoke.DirectMethodHandle$Holder.invokeStaticInit(java.lang.Object, java.lang.Object, java.lang.Object)'> (0x00000007121f2480) 
thrown [s\src\hotspot\share\interpreter\linkResolver.cpp, line 771]
Event: 0.385 Thread 0x000001bdadfcb050 Exception <a 'java/lang/NoSuchMethodError'{0x0000000711e02bf0}: 'int java.lang.invoke.DirectMethodHandle$Holder.invokeSpecial(java.lang.Object, java.lang.Object, java.lang.Object)'> (0x0000000711e02bf0) 
thrown [s\src\hotspot\share\interpreter\linkResolver.cpp, line 771]
Event: 0.387 Thread 0x000001bdadfcb050 Exception <a 'java/lang/NoSuchMethodError'{0x0000000711e0afd0}: 'int java.lang.invoke.DirectMethodHandle$Holder.invokeSpecialIFC(java.lang.Object, java.lang.Object, java.lang.Object)'> (0x0000000711e0afd0) 
thrown [s\src\hotspot\share\interpreter\linkResolver.cpp, line 771]

VM Operations (6 events):
Event: 0.098 Executing VM operation: HandshakeAllThreads
Event: 0.098 Executing VM operation: HandshakeAllThreads done
Event: 0.112 Executing VM operation: HandshakeAllThreads
Event: 0.112 Executing VM operation: HandshakeAllThreads done
Event: 0.275 Executing VM operation: HandshakeAllThreads
Event: 0.276 Executing VM operation: HandshakeAllThreads done

Events (20 events):
Event: 0.408 loading class jdk/internal/logger/LazyLoggers$LazyLoggerWrapper done
Event: 0.408 loading class jdk/internal/logger/LazyLoggers$JdkLazyLogger done
Event: 0.408 loading class jdk/internal/logger/LazyLoggers$LazyLoggerAccessor
Event: 0.408 loading class jdk/internal/logger/LazyLoggers$LoggerAccessor
Event: 0.408 loading class jdk/internal/logger/LazyLoggers$LoggerAccessor done
Event: 0.408 loading class jdk/internal/logger/LazyLoggers$LazyLoggerAccessor done
Event: 0.409 loading class jdk/internal/logger/BootstrapLogger$RedirectedLoggers
Event: 0.409 loading class jdk/internal/logger/BootstrapLogger$RedirectedLoggers done
Event: 0.409 loading class jdk/internal/logger/SurrogateLogger
Event: 0.409 loading class jdk/internal/logger/SimpleConsoleLogger
Event: 0.409 loading class sun/util/logging/PlatformLogger$ConfigurableBridge$LoggerConfiguration
Event: 0.409 loading class sun/util/logging/PlatformLogger$ConfigurableBridge$LoggerConfiguration done
Event: 0.409 loading class jdk/internal/logger/SimpleConsoleLogger done
Event: 0.409 loading class jdk/internal/logger/SurrogateLogger done
Event: 0.410 loading class sun/util/logging/PlatformLogger
Event: 0.410 loading class sun/util/logging/PlatformLogger done
Event: 0.410 loading class sun/util/logging/PlatformLogger$Level
Event: 0.410 loading class sun/util/logging/PlatformLogger$Level done
Event: 0.413 loading class java/lang/invoke/MethodHandleImpl$AsVarargsCollector
Event: 0.413 loading class java/lang/invoke/MethodHandleImpl$AsVarargsCollector done


Dynamic libraries:
0x00007ff7bdea0000 - 0x00007ff7bdeaa000 	D:\Intellij\IntelliJ IDEA Community Edition 2023.3.4\jbr\bin\java.exe
0x00007ff977750000 - 0x00007ff977967000 	C:\Windows\SYSTEM32\ntdll.dll
0x00007ff976ca0000 - 0x00007ff976d64000 	C:\Windows\System32\KERNEL32.DLL
0x00007ff974e90000 - 0x00007ff975237000 	C:\Windows\System32\KERNELBASE.dll
0x00007ff974b30000 - 0x00007ff974c41000 	C:\Windows\System32\ucrtbase.dll
0x00007ff9436e0000 - 0x00007ff9436fb000 	D:\Intellij\IntelliJ IDEA Community Edition 2023.3.4\jbr\bin\VCRUNTIME140.dll
0x00007ff943700000 - 0x00007ff943717000 	D:\Intellij\IntelliJ IDEA Community Edition 2023.3.4\jbr\bin\jli.dll
0x00007ff9756c0000 - 0x00007ff97586e000 	C:\Windows\System32\USER32.dll
0x00007ff9752c0000 - 0x00007ff9752e6000 	C:\Windows\System32\win32u.dll
0x00007ff95c670000 - 0x00007ff95c903000 	C:\Windows\WinSxS\amd64_microsoft.windows.common-controls_6595b64144ccf1df_6.0.22621.3527_none_270e469b73872a76\COMCTL32.dll
0x00007ff975e10000 - 0x00007ff975e39000 	C:\Windows\System32\GDI32.dll
0x00007ff9771c0000 - 0x00007ff977267000 	C:\Windows\System32\msvcrt.dll
0x00007ff9752f0000 - 0x00007ff975409000 	C:\Windows\System32\gdi32full.dll
0x00007ff974df0000 - 0x00007ff974e8a000 	C:\Windows\System32\msvcp_win.dll
0x00007ff975870000 - 0x00007ff9758a1000 	C:\Windows\System32\IMM32.DLL
0x00007ff9406a0000 - 0x00007ff9406ac000 	D:\Intellij\IntelliJ IDEA Community Edition 2023.3.4\jbr\bin\vcruntime140_1.dll
0x00007ff8e66f0000 - 0x00007ff8e677d000 	D:\Intellij\IntelliJ IDEA Community Edition 2023.3.4\jbr\bin\msvcp140.dll
0x00007ff8dff20000 - 0x00007ff8e0ba3000 	D:\Intellij\IntelliJ IDEA Community Edition 2023.3.4\jbr\bin\server\jvm.dll
0x00007ff9767d0000 - 0x00007ff976882000 	C:\Windows\System32\ADVAPI32.dll
0x00007ff976720000 - 0x00007ff9767c8000 	C:\Windows\System32\sechost.dll
0x00007ff974c50000 - 0x00007ff974c78000 	C:\Windows\System32\bcrypt.dll
0x00007ff975480000 - 0x00007ff975595000 	C:\Windows\System32\RPCRT4.dll
0x00007ff96c0c0000 - 0x00007ff96c0c9000 	C:\Windows\SYSTEM32\WSOCK32.dll
0x00007ff9738b0000 - 0x00007ff9738fd000 	C:\Windows\SYSTEM32\POWRPROF.dll
0x00007ff96cd20000 - 0x00007ff96cd54000 	C:\Windows\SYSTEM32\WINMM.dll
0x00007ff975d90000 - 0x00007ff975e01000 	C:\Windows\System32\WS2_32.dll
0x00007ff96a590000 - 0x00007ff96a59a000 	C:\Windows\SYSTEM32\VERSION.dll
0x00007ff973890000 - 0x00007ff9738a3000 	C:\Windows\SYSTEM32\UMPDC.dll
0x00007ff973b40000 - 0x00007ff973b58000 	C:\Windows\SYSTEM32\kernel.appcore.dll
0x00007ff95d860000 - 0x00007ff95d86a000 	D:\Intellij\IntelliJ IDEA Community Edition 2023.3.4\jbr\bin\jimage.dll
0x00007ff971cf0000 - 0x00007ff971f23000 	C:\Windows\SYSTEM32\DBGHELP.DLL
0x00007ff976e30000 - 0x00007ff9771b8000 	C:\Windows\System32\combase.dll
0x00007ff976bc0000 - 0x00007ff976c97000 	C:\Windows\System32\OLEAUT32.dll
0x00007ff953d90000 - 0x00007ff953dc2000 	C:\Windows\SYSTEM32\dbgcore.DLL
0x00007ff975240000 - 0x00007ff9752b9000 	C:\Windows\System32\bcryptPrimitives.dll
0x00007ff94d6b0000 - 0x00007ff94d6d5000 	D:\Intellij\IntelliJ IDEA Community Edition 2023.3.4\jbr\bin\java.dll
0x00007ff95d840000 - 0x00007ff95d858000 	D:\Intellij\IntelliJ IDEA Community Edition 2023.3.4\jbr\bin\zip.dll
0x00007ff975ec0000 - 0x00007ff97671c000 	C:\Windows\System32\SHELL32.dll
0x00007ff972970000 - 0x00007ff973266000 	C:\Windows\SYSTEM32\windows.storage.dll
0x00007ff972830000 - 0x00007ff97296e000 	C:\Windows\SYSTEM32\wintypes.dll
0x00007ff976890000 - 0x00007ff976985000 	C:\Windows\System32\SHCORE.dll
0x00007ff977270000 - 0x00007ff9772ce000 	C:\Windows\System32\shlwapi.dll
0x00007ff9749a0000 - 0x00007ff9749c1000 	C:\Windows\SYSTEM32\profapi.dll
0x00007ff94d690000 - 0x00007ff94d6a9000 	D:\Intellij\IntelliJ IDEA Community Edition 2023.3.4\jbr\bin\net.dll
0x00007ff96d980000 - 0x00007ff96dab6000 	C:\Windows\SYSTEM32\WINHTTP.dll
0x00007ff973fb0000 - 0x00007ff974019000 	C:\Windows\system32\mswsock.dll
0x00007ff94c230000 - 0x00007ff94c246000 	D:\Intellij\IntelliJ IDEA Community Edition 2023.3.4\jbr\bin\nio.dll
0x00007ff94c220000 - 0x00007ff94c22e000 	D:\Intellij\IntelliJ IDEA Community Edition 2023.3.4\jbr\bin\sunmscapi.dll
0x00007ff974c80000 - 0x00007ff974de7000 	C:\Windows\System32\CRYPT32.dll
0x00007ff9743f0000 - 0x00007ff97441e000 	C:\Windows\SYSTEM32\ncrypt.dll
0x00007ff9743b0000 - 0x00007ff9743e7000 	C:\Windows\SYSTEM32\NTASN1.dll
0x00007ff9741d0000 - 0x00007ff9741eb000 	C:\Windows\SYSTEM32\CRYPTSP.dll
0x00007ff973aa0000 - 0x00007ff973ad5000 	C:\Windows\system32\rsaenh.dll
0x00007ff974050000 - 0x00007ff974078000 	C:\Windows\SYSTEM32\USERENV.dll
0x00007ff9741f0000 - 0x00007ff9741fc000 	C:\Windows\SYSTEM32\CRYPTBASE.dll
0x00007ff973540000 - 0x00007ff97356d000 	C:\Windows\SYSTEM32\IPHLPAPI.DLL
0x00007ff976e20000 - 0x00007ff976e29000 	C:\Windows\System32\NSI.dll
0x00007ff96d910000 - 0x00007ff96d929000 	C:\Windows\SYSTEM32\dhcpcsvc6.DLL
0x00007ff96d8f0000 - 0x00007ff96d90f000 	C:\Windows\SYSTEM32\dhcpcsvc.DLL
0x00007ff9735b0000 - 0x00007ff9736a9000 	C:\Windows\SYSTEM32\DNSAPI.dll

dbghelp: loaded successfully - version: 4.0.5 - missing functions: none
symbol engine: initialized successfully - sym options: 0x614 - pdb path: .;D:\Intellij\IntelliJ IDEA Community Edition 2023.3.4\jbr\bin;C:\Windows\SYSTEM32;C:\Windows\WinSxS\amd64_microsoft.windows.common-controls_6595b64144ccf1df_6.0.22621.3527_none_270e469b73872a76;D:\Intellij\IntelliJ IDEA Community Edition 2023.3.4\jbr\bin\server

VM Arguments:
java_command: git4idea.http.GitAskPassApp Username for 'https://github.com': 
java_class_path (initial): D:/Intellij/IntelliJ IDEA Community Edition 2023.3.4/plugins/vcs-git/lib/git4idea-rt.jar;D:/Intellij/IntelliJ IDEA Community Edition 2023.3.4/lib/externalProcess-rt.jar
Launcher Type: SUN_STANDARD

[Global flags]
     intx CICompilerCount                          = 4                                         {product} {ergonomic}
     uint ConcGCThreads                            = 2                                         {product} {ergonomic}
     uint G1ConcRefinementThreads                  = 8                                         {product} {ergonomic}
   size_t G1HeapRegionSize                         = 2097152                                   {product} {ergonomic}
    uintx GCDrainStackTargetSize                   = 64                                        {product} {ergonomic}
   size_t InitialHeapSize                          = 266338304                                 {product} {ergonomic}
   size_t MarkStackSize                            = 4194304                                   {product} {ergonomic}
   size_t MaxHeapSize                              = 4253024256                                {product} {ergonomic}
   size_t MaxNewSize                               = 2550136832                                {product} {ergonomic}
   size_t MinHeapDeltaBytes                        = 2097152                                   {product} {ergonomic}
   size_t MinHeapSize                              = 8388608                                   {product} {ergonomic}
    uintx NonNMethodCodeHeapSize                   = 5839372                                {pd product} {ergonomic}
    uintx NonProfiledCodeHeapSize                  = 122909434                              {pd product} {ergonomic}
    uintx ProfiledCodeHeapSize                     = 122909434                              {pd product} {ergonomic}
    uintx ReservedCodeCacheSize                    = 251658240                              {pd product} {ergonomic}
     bool SegmentedCodeCache                       = true                                      {product} {ergonomic}
   size_t SoftMaxHeapSize                          = 4253024256                             {manageable} {ergonomic}
     bool UseCompressedClassPointers               = true                           {product lp64_product} {ergonomic}
     bool UseCompressedOops                        = true                           {product lp64_product} {ergonomic}
     bool UseG1GC                                  = true                                      {product} {ergonomic}
     bool UseLargePagesIndividualAllocation        = false                                  {pd product} {ergonomic}

Logging:
Log output configuration:
 #0: stdout all=warning uptime,level,tags
 #1: stderr all=off uptime,level,tags

Environment Variables:
PATH=C:\Program Files\Git\mingw64\libexec\git-core;C:\Program Files\Git\mingw64\libexec\git-core;C:\Program Files\Git\mingw64\bin;C:\Program Files\Git\usr\bin;C:\Users\Phu\bin;C:\Program Files\Common Files\Oracle\Java\javapath;C:\Program Files (x86)\Common Files\Oracle\Java\java8path;C:\Program Files (x86)\Common Files\Oracle\Java\javapath;C:\Program Files\Microsoft MPI\Bin;C:\Windows\system32;C:\Windows;C:\Windows\System32\Wbem;C:\Windows\System32\WindowsPowerShell\v1.0;C:\Windows\System32\OpenSSH;C:\Program Files\Azure Data Studio\bin;C:\Program Files\dotnet;C:\Program Files\Microsoft SQL Server\Client SDK\ODBC\170\Tools\Binn;C:\Program Files (x86)\Microsoft SQL Server\160\DTS\Binn;C:\Program Files (x86)\Microsoft SQL Server\160\Tools\Binn;C:\Program Files\Microsoft SQL Server\160\Tools\Binn;C:\Program Files\Microsoft SQL Server\160\DTS\Binn;C:\Program Files\Git\usr\bin\git.exe;C:\Program Files\Git\cmd;C:\Program Files\nodejs;C:\Program Files\Java\jdk-21\bin;C:\Program Files\Java\apache-maven-3.8.8\bin;C:\Program Files\Cloudflare\Cloudflare WARP;C:\Users\Phu\Desktop\mongosh-2.2.3-win32-x64\bin;C:\Program Files\Docker\Docker\resources\bin;C:\Program Files\Microsoft SQL Server\150\Tools\Binn;C:\Users\Phu\AppData\Local\Microsoft\WindowsApps;C:\Program Files\Azure Data Studio\bin;C:\Users\Phu\.dotnet\tools;C:\Users\Phu\AppData\Local\Programs\Microsoft VS Code\bin;C:\Users\Phu\AppData\Roaming\npm
USERNAME=Phu
DISPLAY=:0.0
LC_ALL=en_US.UTF-8
TERM=xterm-256color
TMPDIR=C:\Users\Phu\AppData\Local\Temp
OS=Windows_NT
PROCESSOR_IDENTIFIER=Intel64 Family 6 Model 165 Stepping 2, GenuineIntel
TMP=C:\Users\Phu\AppData\Local\Temp
TEMP=C:\Users\Phu\AppData\Local\Temp



Periodic native trim disabled

JNI global refs:
JNI global refs: 18, weak refs: 0

JNI global refs memory usage: 843, weak refs: 209

OOME stack traces (most recent first):
Classloader memory used:
Loader bootstrap                                                                       : 1299K
Loader jdk.internal.loader.ClassLoaders$PlatformClassLoader                            : 42614B
Loader jdk.internal.loader.ClassLoaders$AppClassLoader                                 : 1808B


---------------  S Y S T E M  ---------------

OS:
 Windows 11 , 64 bit Build 22621 (10.0.22621.3527)
OS uptime: 3 days 5:22 hours
Hyper-V role detected

CPU: total 8 (initial active 8) (4 cores per cpu, 2 threads per core) family 6 model 165 stepping 2 microcode 0xe0, cx8, cmov, fxsr, ht, mmx, 3dnowpref, sse, sse2, sse3, ssse3, sse4.1, sse4.2, popcnt, lzcnt, tsc, tscinvbit, avx, avx2, aes, erms, clmul, bmi1, bmi2, adx, fma, vzeroupper, clflush, clflushopt, hv
Processor Information for all 8 processors :
  Max Mhz: 2496, Current Mhz: 2496, Mhz Limit: 2496

Memory: 4k page, system-wide physical 16220M (1551M free)
TotalPageFile size 41163M (AvailPageFile size 0M)
current process WorkingSet (physical memory assigned to process): 53M, peak: 53M
current process commit charge ("private bytes"): 346M, peak: 348M

vm_info: OpenJDK 64-Bit Server VM (17.0.10+1-b1087.17) for windows-amd64 JRE (17.0.10+1-b1087.17), built on 2024-01-19 by "builduser" with MS VC++ 16.10 / 16.11 (VS2019)

END.
