#
# There is insufficient memory for the Java Runtime Environment to continue.
# Native memory allocation (malloc) failed to allocate 593696 bytes for Chunk::new
# Possible reasons:
#   The system is out of physical RAM or swap space
#   The process is running with CompressedOops enabled, and the Java Heap may be blocking the growth of the native heap
# Possible solutions:
#   Reduce memory load on the system
#   Increase physical memory or swap space
#   Check if swap backing store is full
#   Decrease Java heap size (-Xmx/-Xms)
#   Decrease number of Java threads
#   Decrease Java thread stack sizes (-Xss)
#   Set larger code cache with -XX:ReservedCodeCacheSize=
#   JVM is running with Zero Based Compressed Oops mode in which the Java heap is
#     placed in the first 32GB address space. The Java Heap base address is the
#     maximum limit for the native heap growth. Please use -XX:HeapBaseMinAddress
#     to set the Java Heap base and to place the Java Heap above 32GB virtual address.
# This output file may be truncated or incomplete.
#
#  Out of Memory Error (arena.cpp:168), pid=8164, tid=21716
#
# JRE version: Java(TM) SE Runtime Environment (21.0.2+13) (build 21.0.2+13-LTS-58)
# Java VM: Java HotSpot(TM) 64-Bit Server VM (21.0.2+13-LTS-58, mixed mode, sharing, tiered, compressed oops, compressed class ptrs, g1 gc, windows-amd64)
# No core dump will be written. Minidumps are not enabled by default on client versions of Windows
#

---------------  S U M M A R Y ------------

Command Line: -javaagent:D:\Intellij\IntelliJ IDEA Community Edition 2023.3.4\lib\idea_rt.jar=50216:D:\Intellij\IntelliJ IDEA Community Edition 2023.3.4\bin -Dfile.encoding=UTF-8 -Dsun.stdout.encoding=UTF-8 -Dsun.stderr.encoding=UTF-8 com.NTTT.UserService.UserServiceApplication

Host: Intel(R) Core(TM) i5-10300H CPU @ 2.50GHz, 8 cores, 15G,  Windows 11 , 64 bit Build 22621 (10.0.22621.3527)
Time: Tue May 14 22:25:15 2024 SE Asia Standard Time elapsed time: 11731.758884 seconds (0d 3h 15m 31s)

---------------  T H R E A D  ---------------

Current thread (0x00000180ddbb9e80):  JavaThread "C2 CompilerThread0" daemon [_thread_in_native, id=21716, stack(0x0000003d08000000,0x0000003d08100000) (1024K)]


Current CompileTask:
C2:11731758 17491       4       java.lang.invoke.MethodType::makeImpl (109 bytes)

Stack: [0x0000003d08000000,0x0000003d08100000]
Native frames: (J=compiled Java code, j=interpreted, Vv=VM code, C=native code)
V  [jvm.dll+0x6cade9]
V  [jvm.dll+0x8569c1]
V  [jvm.dll+0x858d2e]
V  [jvm.dll+0x859413]
V  [jvm.dll+0x280e56]
V  [jvm.dll+0xc3f3d]
V  [jvm.dll+0xc4473]
V  [jvm.dll+0x2f437f]
V  [jvm.dll+0x5f5056]
V  [jvm.dll+0x252d7f]
V  [jvm.dll+0x24b637]
V  [jvm.dll+0x2490a3]
V  [jvm.dll+0x1c9634]
V  [jvm.dll+0x258859]
V  [jvm.dll+0x256e3a]
V  [jvm.dll+0x3ef6c6]
V  [jvm.dll+0x7ff568]
V  [jvm.dll+0x6c953d]
C  [ucrtbase.dll+0x29333]
C  [KERNEL32.DLL+0x1257d]
C  [ntdll.dll+0x5aa48]


---------------  P R O C E S S  ---------------

Threads class SMR info:
_java_thread_list=0x0000018127aaf5a0, length=54, elements={
0x00000180ddba37e0, 0x00000180ddba4700, 0x00000180ddba7760, 0x00000180ddba8e40,
0x00000180ddbadec0, 0x00000180ddbb0cd0, 0x00000180ddbb9e80, 0x00000180ddbbb930,
0x00000180ddb6b940, 0x0000018123339230, 0x00000181233398a0, 0x0000018125b5c600,
0x0000018123155350, 0x0000018126eea820, 0x0000018125460b30, 0x00000181277139f0,
0x0000018130b71510, 0x00000181295d6de0, 0x0000018130b70e80, 0x0000018130b71ba0,
0x0000018130b72230, 0x00000181284e9ad0, 0x000001812a18d700, 0x000001812a18e420,
0x000001812a18d070, 0x000001812a18dd90, 0x0000018130448290, 0x00000181304461c0,
0x0000018130446ee0, 0x00000181304454a0, 0x0000018130445b30, 0x0000018130447c00,
0x0000018130447570, 0x000001812f835400, 0x000001812994b130, 0x000001812994cb70,
0x0000018130448920, 0x0000018129d517a0, 0x00000181295d7470, 0x0000018127713360,
0x000001812f8346e0, 0x00000181284eae80, 0x0000018130446850, 0x0000018127711290,
0x000001813044f0e0, 0x000001812688dfa0, 0x00000181230080c0, 0x0000018123009470,
0x000001812300b540, 0x0000018128e7e970, 0x0000018127714da0, 0x0000018127710570,
0x0000018128e80a40, 0x0000018129952af0
}
_to_delete_list=0x0000018130430d20, length=52, elements={
0x00000180ddba37e0, 0x00000180ddba4700, 0x00000180ddba7760, 0x00000180ddba8e40,
0x00000180ddbadec0, 0x00000180ddbb0cd0, 0x00000180ddbb9e80, 0x00000180ddbbb930,
0x00000180ddb6b940, 0x0000018123339230, 0x00000181233398a0, 0x0000018125b5c600,
0x0000018123155350, 0x0000018126eea820, 0x0000018125460b30, 0x00000181277139f0,
0x0000018130b71510, 0x00000181295d6de0, 0x0000018130b70e80, 0x0000018130b71ba0,
0x0000018130b72230, 0x00000181284e9ad0, 0x000001812a18d700, 0x000001812a18e420,
0x000001812a18d070, 0x000001812a18dd90, 0x0000018130448290, 0x00000181304461c0,
0x0000018130446ee0, 0x00000181304454a0, 0x0000018130445b30, 0x0000018130447c00,
0x0000018130447570, 0x000001812f835400, 0x000001812994b130, 0x000001812994cb70,
0x0000018130448920, 0x0000018129d517a0, 0x00000181295d7470, 0x0000018127713360,
0x000001812f8346e0, 0x00000181284eae80, 0x0000018130446850, 0x0000018127711290,
0x000001813044f0e0, 0x000001812688dfa0, 0x00000181230080c0, 0x0000018123009470,
0x000001812300b540, 0x0000018128e7e970, 0x0000018127714da0, 0x0000018127710570
}

Java Threads: ( => current thread )
  0x00000180ddba37e0 JavaThread "Reference Handler"          daemon [_thread_blocked, id=22184, stack(0x0000003d07a00000,0x0000003d07b00000) (1024K)]
  0x00000180ddba4700 JavaThread "Finalizer"                  daemon [_thread_blocked, id=20080, stack(0x0000003d07b00000,0x0000003d07c00000) (1024K)]
  0x00000180ddba7760 JavaThread "Signal Dispatcher"          daemon [_thread_blocked, id=22556, stack(0x0000003d07c00000,0x0000003d07d00000) (1024K)]
  0x00000180ddba8e40 JavaThread "Attach Listener"            daemon [_thread_blocked, id=28040, stack(0x0000003d07d00000,0x0000003d07e00000) (1024K)]
  0x00000180ddbadec0 JavaThread "Service Thread"             daemon [_thread_blocked, id=19772, stack(0x0000003d07e00000,0x0000003d07f00000) (1024K)]
  0x00000180ddbb0cd0 JavaThread "Monitor Deflation Thread"   daemon [_thread_blocked, id=23464, stack(0x0000003d07f00000,0x0000003d08000000) (1024K)]
=>0x00000180ddbb9e80 JavaThread "C2 CompilerThread0"         daemon [_thread_in_native, id=21716, stack(0x0000003d08000000,0x0000003d08100000) (1024K)]
  0x00000180ddbbb930 JavaThread "C1 CompilerThread0"         daemon [_thread_blocked, id=28528, stack(0x0000003d08100000,0x0000003d08200000) (1024K)]
  0x00000180ddb6b940 JavaThread "Common-Cleaner"             daemon [_thread_blocked, id=18336, stack(0x0000003d08200000,0x0000003d08300000) (1024K)]
  0x0000018123339230 JavaThread "Monitor Ctrl-Break"         daemon [_thread_in_native, id=27276, stack(0x0000003d08300000,0x0000003d08400000) (1024K)]
  0x00000181233398a0 JavaThread "Notification Thread"        daemon [_thread_blocked, id=24740, stack(0x0000003d08400000,0x0000003d08500000) (1024K)]
  0x0000018125b5c600 JavaThread "Catalina-utility-1"                [_thread_blocked, id=25772, stack(0x0000003d08f00000,0x0000003d09000000) (1024K)]
  0x0000018123155350 JavaThread "Catalina-utility-2"                [_thread_blocked, id=18760, stack(0x0000003d09000000,0x0000003d09100000) (1024K)]
  0x0000018126eea820 JavaThread "container-0"                       [_thread_blocked, id=22824, stack(0x0000003d09100000,0x0000003d09200000) (1024K)]
  0x0000018125460b30 JavaThread "HikariPool-1 housekeeper"   daemon [_thread_blocked, id=16176, stack(0x0000003d09400000,0x0000003d09500000) (1024K)]
  0x00000181277139f0 JavaThread "spring.cloud.inetutils"     daemon [_thread_blocked, id=1196, stack(0x0000003d09600000,0x0000003d09700000) (1024K)]
  0x0000018130b71510 JavaThread "AsyncResolver-bootstrap-0"  daemon [_thread_blocked, id=18216, stack(0x0000003d09500000,0x0000003d09600000) (1024K)]
  0x00000181295d6de0 JavaThread "idle-connection-evictor-1"  daemon [_thread_blocked, id=15236, stack(0x0000003d09700000,0x0000003d09800000) (1024K)]
  0x0000018130b70e80 JavaThread "DiscoveryClient-0"          daemon [_thread_blocked, id=7092, stack(0x0000003d09800000,0x0000003d09900000) (1024K)]
  0x0000018130b71ba0 JavaThread "DiscoveryClient-1"          daemon [_thread_blocked, id=15512, stack(0x0000003d09900000,0x0000003d09a00000) (1024K)]
  0x0000018130b72230 JavaThread "DiscoveryClient-InstanceInfoReplicator-0" daemon [_thread_blocked, id=23932, stack(0x0000003d09a00000,0x0000003d09b00000) (1024K)]
  0x00000181284e9ad0 JavaThread "http-nio-8080-exec-1"       daemon [_thread_blocked, id=27108, stack(0x0000003d09b00000,0x0000003d09c00000) (1024K)]
  0x000001812a18d700 JavaThread "http-nio-8080-exec-2"       daemon [_thread_blocked, id=14288, stack(0x0000003d09c00000,0x0000003d09d00000) (1024K)]
  0x000001812a18e420 JavaThread "http-nio-8080-exec-3"       daemon [_thread_blocked, id=4500, stack(0x0000003d09d00000,0x0000003d09e00000) (1024K)]
  0x000001812a18d070 JavaThread "http-nio-8080-exec-4"       daemon [_thread_blocked, id=22024, stack(0x0000003d09e00000,0x0000003d09f00000) (1024K)]
  0x000001812a18dd90 JavaThread "http-nio-8080-exec-5"       daemon [_thread_blocked, id=11320, stack(0x0000003d09f00000,0x0000003d0a000000) (1024K)]
  0x0000018130448290 JavaThread "http-nio-8080-exec-6"       daemon [_thread_blocked, id=1568, stack(0x0000003d0a000000,0x0000003d0a100000) (1024K)]
  0x00000181304461c0 JavaThread "http-nio-8080-exec-7"       daemon [_thread_blocked, id=3588, stack(0x0000003d0a100000,0x0000003d0a200000) (1024K)]
  0x0000018130446ee0 JavaThread "http-nio-8080-exec-8"       daemon [_thread_blocked, id=26132, stack(0x0000003d0a200000,0x0000003d0a300000) (1024K)]
  0x00000181304454a0 JavaThread "http-nio-8080-exec-9"       daemon [_thread_blocked, id=16528, stack(0x0000003d0a300000,0x0000003d0a400000) (1024K)]
  0x0000018130445b30 JavaThread "http-nio-8080-exec-10"      daemon [_thread_blocked, id=20248, stack(0x0000003d0a400000,0x0000003d0a500000) (1024K)]
  0x0000018130447c00 JavaThread "http-nio-8080-Poller"       daemon [_thread_in_native, id=14972, stack(0x0000003d0a500000,0x0000003d0a600000) (1024K)]
  0x0000018130447570 JavaThread "http-nio-8080-Acceptor"     daemon [_thread_in_native, id=25592, stack(0x0000003d0a600000,0x0000003d0a700000) (1024K)]
  0x000001812f835400 JavaThread "grpc-nio-worker-ELG-1-1"    daemon [_thread_in_native, id=27240, stack(0x0000003d08500000,0x0000003d08600000) (1024K)]
  0x000001812994b130 JavaThread "grpc-nio-worker-ELG-1-2"    daemon [_thread_in_native, id=18756, stack(0x0000003d0a700000,0x0000003d0a800000) (1024K)]
  0x000001812994cb70 JavaThread "grpc-nio-worker-ELG-1-3"    daemon [_thread_in_native, id=15348, stack(0x0000003d0a800000,0x0000003d0a900000) (1024K)]
  0x0000018130448920 JavaThread "grpc-nio-worker-ELG-1-4"    daemon [_thread_in_native, id=2468, stack(0x0000003d0a900000,0x0000003d0aa00000) (1024K)]
  0x0000018129d517a0 JavaThread "axon-connector-8164@DESKTOP-SPOIOQD-0"        [_thread_blocked, id=18328, stack(0x0000003d0aa00000,0x0000003d0ab00000) (1024K)]
  0x00000181295d7470 JavaThread "axon-connector-8164@DESKTOP-SPOIOQD-1"        [_thread_blocked, id=2820, stack(0x0000003d0ab00000,0x0000003d0ac00000) (1024K)]
  0x0000018127713360 JavaThread "grpc-default-executor-1"    daemon [_thread_blocked, id=28744, stack(0x0000003d0ac00000,0x0000003d0ad00000) (1024K)]
  0x000001812f8346e0 JavaThread "EventProcessor[com.NTTT.UserService.Command.Event]-0"        [_thread_in_vm, id=6832, stack(0x0000003d0ae00000,0x0000003d0af00000) (1024K)] _threads_hazard_ptr=0x0000018127aaf5a0
  0x00000181284eae80 JavaThread "DestroyJavaVM"                     [_thread_blocked, id=21612, stack(0x0000003d07200000,0x0000003d07300000) (1024K)]
  0x0000018130446850 JavaThread "DiscoveryClient-HeartbeatExecutor-0" daemon [_thread_blocked, id=19488, stack(0x0000003d0b000000,0x0000003d0b100000) (1024K)]
  0x0000018127711290 JavaThread "DiscoveryClient-CacheRefreshExecutor-0" daemon [_thread_blocked, id=24496, stack(0x0000003d0b100000,0x0000003d0b200000) (1024K)]
  0x000001813044f0e0 JavaThread "AsyncResolver-bootstrap-executor-0" daemon [_thread_blocked, id=23836, stack(0x0000003d06f00000,0x0000003d07000000) (1024K)]
  0x000001812688dfa0 JavaThread "mssql-jdbc-shared-timer-core-21" daemon [_thread_blocked, id=15428, stack(0x0000003d07100000,0x0000003d07200000) (1024K)]
  0x00000181230080c0 JavaThread "grpc-nio-worker-ELG-1-5"    daemon [_thread_in_native, id=13328, stack(0x0000003d07000000,0x0000003d07100000) (1024K)]
  0x0000018123009470 JavaThread "grpc-nio-worker-ELG-1-6"    daemon [_thread_in_native, id=3112, stack(0x0000003d08600000,0x0000003d08700000) (1024K)]
  0x000001812300b540 JavaThread "grpc-nio-worker-ELG-1-7"    daemon [_thread_in_native, id=28864, stack(0x0000003d09200000,0x0000003d09300000) (1024K)]
  0x0000018128e7e970 JavaThread "grpc-nio-worker-ELG-1-8"    daemon [_thread_in_native, id=30760, stack(0x0000003d09300000,0x0000003d09400000) (1024K)]
  0x0000018127714da0 JavaThread "grpc-default-executor-2"    daemon [_thread_blocked, id=14396, stack(0x0000003d0ad00000,0x0000003d0ae00000) (1024K)]
  0x0000018127710570 JavaThread "grpc-default-executor-3"    daemon [_thread_in_vm, id=8504, stack(0x0000003d0b200000,0x0000003d0b300000) (1024K)]
  0x0000018128e80a40 JavaThread "grpc-default-executor-4"    daemon [_thread_blocked, id=32668, stack(0x0000003d0b300000,0x0000003d0b400000) (1024K)]
  0x0000018129952af0 JavaThread "C2 CompilerThread1"         daemon [_thread_in_native, id=9044, stack(0x0000003d0b400000,0x0000003d0b500000) (1024K)]
Total: 54

Other Threads:
  0x00000180ddb82640 VMThread "VM Thread"                           [id=12504, stack(0x0000003d07900000,0x0000003d07a00000) (1024K)]
  0x00000180ddb69d50 WatcherThread "VM Periodic Task Thread"        [id=5180, stack(0x0000003d07800000,0x0000003d07900000) (1024K)]
  0x00000180bc8ee760 WorkerThread "GC Thread#0"                     [id=1292, stack(0x0000003d07300000,0x0000003d07400000) (1024K)]
  0x0000018123d76d00 WorkerThread "GC Thread#1"                     [id=28748, stack(0x0000003d08700000,0x0000003d08800000) (1024K)]
  0x0000018123eee8f0 WorkerThread "GC Thread#2"                     [id=19236, stack(0x0000003d08800000,0x0000003d08900000) (1024K)]
  0x0000018123eeec90 WorkerThread "GC Thread#3"                     [id=7540, stack(0x0000003d08900000,0x0000003d08a00000) (1024K)]
  0x0000018123eef030 WorkerThread "GC Thread#4"                     [id=25820, stack(0x0000003d08a00000,0x0000003d08b00000) (1024K)]
  0x0000018123fe82d0 WorkerThread "GC Thread#5"                     [id=25128, stack(0x0000003d08b00000,0x0000003d08c00000) (1024K)]
  0x00000181242598c0 WorkerThread "GC Thread#6"                     [id=9880, stack(0x0000003d08c00000,0x0000003d08d00000) (1024K)]
  0x000001812425aa80 WorkerThread "GC Thread#7"                     [id=2132, stack(0x0000003d08d00000,0x0000003d08e00000) (1024K)]
  0x00000180beb0d470 ConcurrentGCThread "G1 Main Marker"            [id=11416, stack(0x0000003d07400000,0x0000003d07500000) (1024K)]
  0x00000180beb0de80 WorkerThread "G1 Conc#0"                       [id=2000, stack(0x0000003d07500000,0x0000003d07600000) (1024K)]
  0x0000018124c9e190 WorkerThread "G1 Conc#1"                       [id=26256, stack(0x0000003d08e00000,0x0000003d08f00000) (1024K)]
  0x00000180dda407e0 ConcurrentGCThread "G1 Refine#0"               [id=28628, stack(0x0000003d07600000,0x0000003d07700000) (1024K)]
  0x00000180dda41500 ConcurrentGCThread "G1 Service"                [id=19760, stack(0x0000003d07700000,0x0000003d07800000) (1024K)]
Total: 15

Threads with active compile tasks:
C2 CompilerThread0  11731791 17491       4       java.lang.invoke.MethodType::makeImpl (109 bytes)
C2 CompilerThread1  11731791 17493       4       java.lang.invoke.MethodType$ConcurrentWeakInternSet::get (47 bytes)
Total: 2

VM state: not at safepoint (normal execution)

VM Mutex/Monitor currently owned by a thread: None

Heap address: 0x0000000702800000, size: 4056 MB, Compressed Oops mode: Zero based, Oop shift amount: 3

CDS archive(s) mapped at: [0x00000180de000000-0x00000180dec90000-0x00000180dec90000), size 13172736, SharedBaseAddress: 0x00000180de000000, ArchiveRelocationMode: 1.
Compressed class space mapped at: 0x00000180df000000-0x000001811f000000, reserved size: 1073741824
Narrow klass base: 0x00000180de000000, Narrow klass shift: 0, Narrow klass range: 0x100000000

GC Precious Log:
 CardTable entry size: 512
 Card Set container configuration: InlinePtr #cards 4 size 8 Array Of Cards #cards 16 size 48 Howl #buckets 8 coarsen threshold 3686 Howl Bitmap #cards 512 size 80 coarsen threshold 460 Card regions per heap region 1 cards per card region 4096
 CPUs: 8 total, 8 available
 Memory: 16220M
 Large Page Support: Disabled
 NUMA Support: Disabled
 Compressed Oops: Enabled (Zero based)
 Heap Region Size: 2M
 Heap Min Capacity: 8M
 Heap Initial Capacity: 254M
 Heap Max Capacity: 4056M
 Pre-touch: Disabled
 Parallel Workers: 8
 Concurrent Workers: 2
 Concurrent Refinement Workers: 8
 Periodic GC: Disabled

Heap:
 garbage-first heap   total 129024K, used 89986K [0x0000000702800000, 0x0000000800000000)
  region size 2048K, 14 young (28672K), 1 survivors (2048K)
 Metaspace       used 125576K, committed 126784K, reserved 1179648K
  class space    used 16259K, committed 16832K, reserved 1048576K

Heap Regions: E=young(eden), S=young(survivor), O=old, HS=humongous(starts), HC=humongous(continues), CS=collection set, F=free, TAMS=top-at-mark-start, PB=parsable bottom
|   0|0x0000000702800000, 0x0000000702a00000, 0x0000000702a00000|100%| O|  |TAMS 0x0000000702800000| PB 0x0000000702800000| Untracked 
|   1|0x0000000702a00000, 0x0000000702c00000, 0x0000000702c00000|100%| O|  |TAMS 0x0000000702a00000| PB 0x0000000702a00000| Untracked 
|   2|0x0000000702c00000, 0x0000000702e00000, 0x0000000702e00000|100%| O|  |TAMS 0x0000000702c00000| PB 0x0000000702c00000| Untracked 
|   3|0x0000000702e00000, 0x0000000703000000, 0x0000000703000000|100%| O|  |TAMS 0x0000000702e00000| PB 0x0000000702e00000| Untracked 
|   4|0x0000000703000000, 0x0000000703200000, 0x0000000703200000|100%| O|  |TAMS 0x0000000703000000| PB 0x0000000703000000| Untracked 
|   5|0x0000000703200000, 0x0000000703400000, 0x0000000703400000|100%| O|  |TAMS 0x0000000703200000| PB 0x0000000703200000| Untracked 
|   6|0x0000000703400000, 0x0000000703600000, 0x0000000703600000|100%| O|  |TAMS 0x0000000703400000| PB 0x0000000703400000| Untracked 
|   7|0x0000000703600000, 0x0000000703800000, 0x0000000703800000|100%| O|  |TAMS 0x0000000703600000| PB 0x0000000703600000| Untracked 
|   8|0x0000000703800000, 0x0000000703800000, 0x0000000703a00000|  0%| F|  |TAMS 0x0000000703800000| PB 0x0000000703800000| Untracked 
|   9|0x0000000703a00000, 0x0000000703c00000, 0x0000000703c00000|100%| O|  |TAMS 0x0000000703a00000| PB 0x0000000703a00000| Untracked 
|  10|0x0000000703c00000, 0x0000000703e00000, 0x0000000703e00000|100%| O|Cm|TAMS 0x0000000703c00000| PB 0x0000000703c00000| Complete 
|  11|0x0000000703e00000, 0x0000000703e00000, 0x0000000704000000|  0%| F|  |TAMS 0x0000000703e00000| PB 0x0000000703e00000| Untracked 
|  12|0x0000000704000000, 0x0000000704200000, 0x0000000704200000|100%| O|  |TAMS 0x0000000704000000| PB 0x0000000704000000| Untracked 
|  13|0x0000000704200000, 0x0000000704400000, 0x0000000704400000|100%| O|  |TAMS 0x0000000704200000| PB 0x0000000704200000| Untracked 
|  14|0x0000000704400000, 0x0000000704600000, 0x0000000704600000|100%| O|  |TAMS 0x0000000704400000| PB 0x0000000704400000| Untracked 
|  15|0x0000000704600000, 0x0000000704800000, 0x0000000704800000|100%| O|  |TAMS 0x0000000704600000| PB 0x0000000704600000| Untracked 
|  16|0x0000000704800000, 0x0000000704a00000, 0x0000000704a00000|100%| O|  |TAMS 0x0000000704800000| PB 0x0000000704800000| Untracked 
|  17|0x0000000704a00000, 0x0000000704c00000, 0x0000000704c00000|100%| O|  |TAMS 0x0000000704a00000| PB 0x0000000704a00000| Untracked 
|  18|0x0000000704c00000, 0x0000000704e00000, 0x0000000704e00000|100%| O|  |TAMS 0x0000000704c00000| PB 0x0000000704c00000| Untracked 
|  19|0x0000000704e00000, 0x0000000705000000, 0x0000000705000000|100%| O|Cm|TAMS 0x0000000704e00000| PB 0x0000000704e00000| Complete 
|  20|0x0000000705000000, 0x0000000705200000, 0x0000000705200000|100%| O|  |TAMS 0x0000000705000000| PB 0x0000000705000000| Untracked 
|  21|0x0000000705200000, 0x000000070527d940, 0x0000000705400000| 24%| O|  |TAMS 0x0000000705200000| PB 0x0000000705200000| Untracked 
|  22|0x0000000705400000, 0x0000000705600000, 0x0000000705600000|100%| O|  |TAMS 0x0000000705400000| PB 0x0000000705400000| Untracked 
|  23|0x0000000705600000, 0x0000000705600000, 0x0000000705800000|  0%| F|  |TAMS 0x0000000705600000| PB 0x0000000705600000| Untracked 
|  24|0x0000000705800000, 0x0000000705a00000, 0x0000000705a00000|100%| O|  |TAMS 0x0000000705800000| PB 0x0000000705800000| Untracked 
|  25|0x0000000705a00000, 0x0000000705c00000, 0x0000000705c00000|100%| O|  |TAMS 0x0000000705a00000| PB 0x0000000705a00000| Untracked 
|  26|0x0000000705c00000, 0x0000000705c00000, 0x0000000705e00000|  0%| F|  |TAMS 0x0000000705c00000| PB 0x0000000705c00000| Untracked 
|  27|0x0000000705e00000, 0x0000000705f63030, 0x0000000706000000| 69%| S|CS|TAMS 0x0000000705e00000| PB 0x0000000705e00000| Complete 
|  28|0x0000000706000000, 0x0000000706000000, 0x0000000706200000|  0%| F|  |TAMS 0x0000000706000000| PB 0x0000000706000000| Untracked 
|  29|0x0000000706200000, 0x0000000706200000, 0x0000000706400000|  0%| F|  |TAMS 0x0000000706200000| PB 0x0000000706200000| Untracked 
|  30|0x0000000706400000, 0x0000000706600000, 0x0000000706600000|100%| O|  |TAMS 0x0000000706400000| PB 0x0000000706400000| Untracked 
|  31|0x0000000706600000, 0x0000000706800000, 0x0000000706800000|100%| O|  |TAMS 0x0000000706600000| PB 0x0000000706600000| Untracked 
|  32|0x0000000706800000, 0x0000000706a00000, 0x0000000706a00000|100%| O|  |TAMS 0x0000000706800000| PB 0x0000000706800000| Untracked 
|  33|0x0000000706a00000, 0x0000000706c00000, 0x0000000706c00000|100%| O|  |TAMS 0x0000000706a00000| PB 0x0000000706a00000| Untracked 
|  34|0x0000000706c00000, 0x0000000706e00000, 0x0000000706e00000|100%| O|  |TAMS 0x0000000706c00000| PB 0x0000000706c00000| Untracked 
|  35|0x0000000706e00000, 0x0000000707000000, 0x0000000707000000|100%| O|  |TAMS 0x0000000706e00000| PB 0x0000000706e00000| Untracked 
|  36|0x0000000707000000, 0x0000000707200000, 0x0000000707200000|100%| O|  |TAMS 0x0000000707000000| PB 0x0000000707000000| Untracked 
|  37|0x0000000707200000, 0x0000000707400000, 0x0000000707400000|100%| O|  |TAMS 0x0000000707200000| PB 0x0000000707200000| Untracked 
|  38|0x0000000707400000, 0x0000000707400000, 0x0000000707600000|  0%| F|  |TAMS 0x0000000707400000| PB 0x0000000707400000| Untracked 
|  39|0x0000000707600000, 0x0000000707600000, 0x0000000707800000|  0%| F|  |TAMS 0x0000000707600000| PB 0x0000000707600000| Untracked 
|  40|0x0000000707800000, 0x0000000707800000, 0x0000000707a00000|  0%| F|  |TAMS 0x0000000707800000| PB 0x0000000707800000| Untracked 
|  41|0x0000000707a00000, 0x0000000707a00000, 0x0000000707c00000|  0%| F|  |TAMS 0x0000000707a00000| PB 0x0000000707a00000| Untracked 
|  42|0x0000000707c00000, 0x0000000707c00000, 0x0000000707e00000|  0%| F|  |TAMS 0x0000000707c00000| PB 0x0000000707c00000| Untracked 
|  43|0x0000000707e00000, 0x0000000707e00000, 0x0000000708000000|  0%| F|  |TAMS 0x0000000707e00000| PB 0x0000000707e00000| Untracked 
|  44|0x0000000708000000, 0x0000000708000000, 0x0000000708200000|  0%| F|  |TAMS 0x0000000708000000| PB 0x0000000708000000| Untracked 
|  45|0x0000000708200000, 0x0000000708200000, 0x0000000708400000|  0%| F|  |TAMS 0x0000000708200000| PB 0x0000000708200000| Untracked 
|  46|0x0000000708400000, 0x0000000708400000, 0x0000000708600000|  0%| F|  |TAMS 0x0000000708400000| PB 0x0000000708400000| Untracked 
|  47|0x0000000708600000, 0x0000000708600000, 0x0000000708800000|  0%| F|  |TAMS 0x0000000708600000| PB 0x0000000708600000| Untracked 
|  48|0x0000000708800000, 0x0000000708800000, 0x0000000708a00000|  0%| F|  |TAMS 0x0000000708800000| PB 0x0000000708800000| Untracked 
|  49|0x0000000708a00000, 0x0000000708b22fe0, 0x0000000708c00000| 56%| E|  |TAMS 0x0000000708a00000| PB 0x0000000708a00000| Complete 
|  50|0x0000000708c00000, 0x0000000708e00000, 0x0000000708e00000|100%| E|CS|TAMS 0x0000000708c00000| PB 0x0000000708c00000| Complete 
|  51|0x0000000708e00000, 0x0000000709000000, 0x0000000709000000|100%| E|CS|TAMS 0x0000000708e00000| PB 0x0000000708e00000| Complete 
|  52|0x0000000709000000, 0x0000000709200000, 0x0000000709200000|100%| E|CS|TAMS 0x0000000709000000| PB 0x0000000709000000| Complete 
|  53|0x0000000709200000, 0x0000000709400000, 0x0000000709400000|100%| E|CS|TAMS 0x0000000709200000| PB 0x0000000709200000| Complete 
|  54|0x0000000709400000, 0x0000000709600000, 0x0000000709600000|100%| E|CS|TAMS 0x0000000709400000| PB 0x0000000709400000| Complete 
|  55|0x0000000709600000, 0x0000000709800000, 0x0000000709800000|100%| E|CS|TAMS 0x0000000709600000| PB 0x0000000709600000| Complete 
|  56|0x0000000709800000, 0x0000000709a00000, 0x0000000709a00000|100%| E|CS|TAMS 0x0000000709800000| PB 0x0000000709800000| Complete 
|  93|0x000000070e200000, 0x000000070e400000, 0x000000070e400000|100%| E|CS|TAMS 0x000000070e200000| PB 0x000000070e200000| Complete 
|  94|0x000000070e400000, 0x000000070e600000, 0x000000070e600000|100%| E|CS|TAMS 0x000000070e400000| PB 0x000000070e400000| Complete 
|  95|0x000000070e600000, 0x000000070e800000, 0x000000070e800000|100%| E|CS|TAMS 0x000000070e600000| PB 0x000000070e600000| Complete 
|  96|0x000000070e800000, 0x000000070ea00000, 0x000000070ea00000|100%| E|CS|TAMS 0x000000070e800000| PB 0x000000070e800000| Complete 
| 126|0x0000000712400000, 0x0000000712600000, 0x0000000712600000|100%| E|CS|TAMS 0x0000000712400000| PB 0x0000000712400000| Complete 
|2027|0x00000007ffe00000, 0x0000000800000000, 0x0000000800000000|100%| O|  |TAMS 0x00000007ffe00000| PB 0x00000007ffe00000| Untracked 

Card table byte_map: [0x00000180d6a00000,0x00000180d71f0000] _byte_map_base: 0x00000180d31ec000

Marking Bits: (CMBitMap*) 0x00000180beafcc60
 Bits: [0x00000180d71f0000, 0x00000180db150000)

Polling page: 0x00000180be240000

Metaspace:

Usage:
  Non-class:    106.76 MB used.
      Class:     15.88 MB used.
       Both:    122.64 MB used.

Virtual space:
  Non-class space:      128.00 MB reserved,     107.38 MB ( 84%) committed,  2 nodes.
      Class space:        1.00 GB reserved,      16.44 MB (  2%) committed,  1 nodes.
             Both:        1.12 GB reserved,     123.81 MB ( 11%) committed. 

Chunk freelists:
   Non-Class:  4.23 MB
       Class:  15.78 MB
        Both:  20.01 MB

MaxMetaspaceSize: unlimited
CompressedClassSpaceSize: 1.00 GB
Initial GC threshold: 21.00 MB
Current GC threshold: 206.25 MB
CDS: on
 - commit_granule_bytes: 65536.
 - commit_granule_words: 8192.
 - virtual_space_node_default_size: 8388608.
 - enlarge_chunks_in_place: 1.
 - use_allocation_guard: 0.


Internal statistics:

num_allocs_failed_limit: 9.
num_arena_births: 1560.
num_arena_deaths: 630.
num_vsnodes_births: 3.
num_vsnodes_deaths: 0.
num_space_committed: 1981.
num_space_uncommitted: 0.
num_chunks_returned_to_freelist: 703.
num_chunks_taken_from_freelist: 6088.
num_chunk_merges: 191.
num_chunk_splits: 4442.
num_chunks_enlarged: 3616.
num_inconsistent_stats: 0.

CodeHeap 'non-profiled nmethods': size=120000Kb used=6997Kb max_used=9558Kb free=113002Kb
 bounds [0x00000180ce9b0000, 0x00000180cf310000, 0x00000180d5ee0000]
CodeHeap 'profiled nmethods': size=120000Kb used=10262Kb max_used=24153Kb free=109737Kb
 bounds [0x00000180c6ee0000, 0x00000180c8680000, 0x00000180ce410000]
CodeHeap 'non-nmethods': size=5760Kb used=1899Kb max_used=1981Kb free=3860Kb
 bounds [0x00000180ce410000, 0x00000180ce680000, 0x00000180ce9b0000]
 total_blobs=6628 nmethods=5744 adapters=785
 compilation: enabled
              stopped_count=0, restarted_count=0
 full_count=0

Compilation events (20 events):
Event: 11731.720 Thread 0x00000180ddbbb930 17497       3       java.lang.invoke.LambdaProxyClassArchive::find (63 bytes)
Event: 11731.721 Thread 0x00000180ddbbb930 nmethod 17497 0x00000180c7cf4390 code [0x00000180c7cf45c0, 0x00000180c7cf4d88]
Event: 11731.721 Thread 0x00000180ddbbb930 17492       1       io.grpc.netty.shaded.io.netty.util.AsciiString::array (5 bytes)
Event: 11731.721 Thread 0x00000180ddbbb930 nmethod 17492 0x00000180cec32490 code [0x00000180cec32620, 0x00000180cec326f0]
Event: 11731.722 Thread 0x00000180ddbbb930 17500       2       java.lang.invoke.LambdaFormEditor::lambdaFormEditor (12 bytes)
Event: 11731.722 Thread 0x00000180ddbbb930 nmethod 17500 0x00000180c74e1f90 code [0x00000180c74e2140, 0x00000180c74e2310]
Event: 11731.723 Thread 0x00000180ddbbb930 17501       3       io.grpc.netty.shaded.io.netty.channel.ChannelOutboundBuffer::nioBuffers (317 bytes)
Event: 11731.726 Thread 0x00000180ddbbb930 nmethod 17501 0x00000180c71cb190 code [0x00000180c71cb5a0, 0x00000180c71cd908]
Event: 11731.726 Thread 0x00000180ddbbb930 17503       3       java.lang.invoke.AbstractValidatingLambdaMetafactory::validateMetafactoryArgs (607 bytes)
Event: 11731.732 Thread 0x00000180ddbbb930 nmethod 17503 0x00000180c824b710 code [0x00000180c824c1e0, 0x00000180c8253d10]
Event: 11731.732 Thread 0x00000180ddbbb930 17504   !   3       java.lang.invoke.InnerClassLambdaMetafactory::buildCallSite (150 bytes)
Event: 11731.734 Thread 0x00000180ddbbb930 nmethod 17504 0x00000180c770a490 code [0x00000180c770a8a0, 0x00000180c770c2a8]
Event: 11731.734 Thread 0x00000180ddbbb930 17502       3       io.grpc.netty.shaded.io.netty.util.concurrent.FastThreadLocal::get (24 bytes)
Event: 11731.734 Thread 0x00000180ddbbb930 nmethod 17502 0x00000180c7576190 code [0x00000180c7576360, 0x00000180c75765f0]
Event: 11731.736 Thread 0x00000180ddbbb930 17505       3       java.lang.invoke.VarHandle::fullFence (7 bytes)
Event: 11731.736 Thread 0x00000180ddbbb930 nmethod 17505 0x00000180c6fac710 code [0x00000180c6fac8a0, 0x00000180c6fac9b0]
Event: 11731.739 Thread 0x00000180ddbbb930 17506   !   3       java.util.jar.Attributes::read (494 bytes)
Event: 11731.742 Thread 0x00000180ddbbb930 nmethod 17506 0x00000180c7b4b790 code [0x00000180c7b4bf20, 0x00000180c7b4fc60]
Event: 11731.743 Thread 0x00000180ddbbb930 17507   !   3       java.util.concurrent.LinkedTransferQueue$DualNode::await (249 bytes)
Event: 11731.746 Thread 0x00000180ddbbb930 nmethod 17507 0x00000180c74f4410 code [0x00000180c74f4860, 0x00000180c74f6c28]

GC Heap History (20 events):
Event: 4893.673 GC heap before
{Heap before GC invocations=43 (full 0):
 garbage-first heap   total 126976K, used 115173K [0x0000000702800000, 0x0000000800000000)
  region size 2048K, 23 young (47104K), 1 survivors (2048K)
 Metaspace       used 124694K, committed 126272K, reserved 1179648K
  class space    used 16221K, committed 16832K, reserved 1048576K
}
Event: 4893.677 GC heap after
{Heap after GC invocations=44 (full 0):
 garbage-first heap   total 126976K, used 70049K [0x0000000702800000, 0x0000000800000000)
  region size 2048K, 1 young (2048K), 1 survivors (2048K)
 Metaspace       used 124694K, committed 126272K, reserved 1179648K
  class space    used 16221K, committed 16832K, reserved 1048576K
}
Event: 5373.208 GC heap before
{Heap before GC invocations=44 (full 0):
 garbage-first heap   total 126976K, used 115105K [0x0000000702800000, 0x0000000800000000)
  region size 2048K, 23 young (47104K), 1 survivors (2048K)
 Metaspace       used 124791K, committed 126272K, reserved 1179648K
  class space    used 16222K, committed 16832K, reserved 1048576K
}
Event: 5373.231 GC heap after
{Heap after GC invocations=45 (full 0):
 garbage-first heap   total 129024K, used 66410K [0x0000000702800000, 0x0000000800000000)
  region size 2048K, 1 young (2048K), 1 survivors (2048K)
 Metaspace       used 124791K, committed 126272K, reserved 1179648K
  class space    used 16222K, committed 16832K, reserved 1048576K
}
Event: 5980.775 GC heap before
{Heap before GC invocations=45 (full 0):
 garbage-first heap   total 129024K, used 117610K [0x0000000702800000, 0x0000000800000000)
  region size 2048K, 26 young (53248K), 1 survivors (2048K)
 Metaspace       used 124930K, committed 126400K, reserved 1179648K
  class space    used 16224K, committed 16832K, reserved 1048576K
}
Event: 5980.787 GC heap after
{Heap after GC invocations=46 (full 0):
 garbage-first heap   total 129024K, used 66630K [0x0000000702800000, 0x0000000800000000)
  region size 2048K, 1 young (2048K), 1 survivors (2048K)
 Metaspace       used 124930K, committed 126400K, reserved 1179648K
  class space    used 16224K, committed 16832K, reserved 1048576K
}
Event: 6586.900 GC heap before
{Heap before GC invocations=46 (full 0):
 garbage-first heap   total 129024K, used 117830K [0x0000000702800000, 0x0000000800000000)
  region size 2048K, 26 young (53248K), 1 survivors (2048K)
 Metaspace       used 125014K, committed 126464K, reserved 1179648K
  class space    used 16224K, committed 16832K, reserved 1048576K
}
Event: 6586.906 GC heap after
{Heap after GC invocations=47 (full 0):
 garbage-first heap   total 129024K, used 66640K [0x0000000702800000, 0x0000000800000000)
  region size 2048K, 1 young (2048K), 1 survivors (2048K)
 Metaspace       used 125014K, committed 126464K, reserved 1179648K
  class space    used 16224K, committed 16832K, reserved 1048576K
}
Event: 7155.906 GC heap before
{Heap before GC invocations=48 (full 0):
 garbage-first heap   total 129024K, used 115792K [0x0000000702800000, 0x0000000800000000)
  region size 2048K, 26 young (53248K), 1 survivors (2048K)
 Metaspace       used 125085K, committed 126464K, reserved 1179648K
  class space    used 16225K, committed 16832K, reserved 1048576K
}
Event: 7155.916 GC heap after
{Heap after GC invocations=49 (full 0):
 garbage-first heap   total 129024K, used 66571K [0x0000000702800000, 0x0000000800000000)
  region size 2048K, 1 young (2048K), 1 survivors (2048K)
 Metaspace       used 125085K, committed 126464K, reserved 1179648K
  class space    used 16225K, committed 16832K, reserved 1048576K
}
Event: 7752.263 GC heap before
{Heap before GC invocations=49 (full 0):
 garbage-first heap   total 129024K, used 117771K [0x0000000702800000, 0x0000000800000000)
  region size 2048K, 26 young (53248K), 1 survivors (2048K)
 Metaspace       used 125240K, committed 126528K, reserved 1179648K
  class space    used 16225K, committed 16832K, reserved 1048576K
}
Event: 7752.272 GC heap after
{Heap after GC invocations=50 (full 0):
 garbage-first heap   total 129024K, used 65624K [0x0000000702800000, 0x0000000800000000)
  region size 2048K, 1 young (2048K), 1 survivors (2048K)
 Metaspace       used 125240K, committed 126528K, reserved 1179648K
  class space    used 16225K, committed 16832K, reserved 1048576K
}
Event: 8358.714 GC heap before
{Heap before GC invocations=50 (full 0):
 garbage-first heap   total 129024K, used 116824K [0x0000000702800000, 0x0000000800000000)
  region size 2048K, 26 young (53248K), 1 survivors (2048K)
 Metaspace       used 125302K, committed 126528K, reserved 1179648K
  class space    used 16226K, committed 16832K, reserved 1048576K
}
Event: 8358.718 GC heap after
{Heap after GC invocations=51 (full 0):
 garbage-first heap   total 129024K, used 66001K [0x0000000702800000, 0x0000000800000000)
  region size 2048K, 1 young (2048K), 1 survivors (2048K)
 Metaspace       used 125302K, committed 126528K, reserved 1179648K
  class space    used 16226K, committed 16832K, reserved 1048576K
}
Event: 8919.796 GC heap before
{Heap before GC invocations=52 (full 0):
 garbage-first heap   total 129024K, used 117201K [0x0000000702800000, 0x0000000800000000)
  region size 2048K, 26 young (53248K), 1 survivors (2048K)
 Metaspace       used 125357K, committed 126656K, reserved 1179648K
  class space    used 16226K, committed 16832K, reserved 1048576K
}
Event: 8919.800 GC heap after
{Heap after GC invocations=53 (full 0):
 garbage-first heap   total 129024K, used 65958K [0x0000000702800000, 0x0000000800000000)
  region size 2048K, 1 young (2048K), 1 survivors (2048K)
 Metaspace       used 125357K, committed 126656K, reserved 1179648K
  class space    used 16226K, committed 16832K, reserved 1048576K
}
Event: 9517.324 GC heap before
{Heap before GC invocations=53 (full 0):
 garbage-first heap   total 129024K, used 117158K [0x0000000702800000, 0x0000000800000000)
  region size 2048K, 26 young (53248K), 1 survivors (2048K)
 Metaspace       used 125377K, committed 126656K, reserved 1179648K
  class space    used 16226K, committed 16832K, reserved 1048576K
}
Event: 9517.337 GC heap after
{Heap after GC invocations=54 (full 0):
 garbage-first heap   total 129024K, used 64981K [0x0000000702800000, 0x0000000800000000)
  region size 2048K, 1 young (2048K), 1 survivors (2048K)
 Metaspace       used 125377K, committed 126656K, reserved 1179648K
  class space    used 16226K, committed 16832K, reserved 1048576K
}
Event: 10126.885 GC heap before
{Heap before GC invocations=54 (full 0):
 garbage-first heap   total 129024K, used 116181K [0x0000000702800000, 0x0000000800000000)
  region size 2048K, 26 young (53248K), 1 survivors (2048K)
 Metaspace       used 125428K, committed 126720K, reserved 1179648K
  class space    used 16226K, committed 16832K, reserved 1048576K
}
Event: 10126.888 GC heap after
{Heap after GC invocations=55 (full 0):
 garbage-first heap   total 129024K, used 65410K [0x0000000702800000, 0x0000000800000000)
  region size 2048K, 1 young (2048K), 1 survivors (2048K)
 Metaspace       used 125428K, committed 126720K, reserved 1179648K
  class space    used 16226K, committed 16832K, reserved 1048576K
}

Dll operation events (14 events):
Event: 0.020 Loaded shared library C:\Program Files\Java\jdk-21\bin\java.dll
Event: 0.071 Loaded shared library C:\Program Files\Java\jdk-21\bin\jsvml.dll
Event: 0.257 Loaded shared library C:\Program Files\Java\jdk-21\bin\zip.dll
Event: 0.265 Loaded shared library C:\Program Files\Java\jdk-21\bin\instrument.dll
Event: 0.271 Loaded shared library C:\Program Files\Java\jdk-21\bin\net.dll
Event: 0.273 Loaded shared library C:\Program Files\Java\jdk-21\bin\nio.dll
Event: 0.277 Loaded shared library C:\Program Files\Java\jdk-21\bin\zip.dll
Event: 0.532 Loaded shared library D:\Intellij\IntelliJ IDEA Community Edition 2023.3.4\bin\breakgen64.dll
Event: 0.552 Loaded shared library C:\Program Files\Java\jdk-21\bin\extnet.dll
Event: 0.589 Loaded shared library C:\Program Files\Java\jdk-21\bin\jimage.dll
Event: 2.621 Loaded shared library C:\Program Files\Java\jdk-21\bin\sunmscapi.dll
Event: 5.765 Loaded shared library C:\Program Files\Java\jdk-21\bin\verify.dll
Event: 7.681 Loaded shared library C:\Program Files\Java\jdk-21\bin\management.dll
Event: 7.685 Loaded shared library C:\Program Files\Java\jdk-21\bin\management_ext.dll

Deoptimization events (20 events):
Event: 11731.703 Thread 0x00000181295d7470 Uncommon trap: trap_request=0xffffff45 fr.pc=0x00000180ce9e7d88 relative=0x00000000000008c8
Event: 11731.703 Thread 0x00000181295d7470 Uncommon trap: reason=unstable_if action=reinterpret pc=0x00000180ce9e7d88 method=com.google.protobuf.CodedOutputStream$AbstractBufferedEncoder.bufferUInt32NoTag(I)V @ 16 c2
Event: 11731.703 Thread 0x00000181295d7470 DEOPT PACKING pc=0x00000180ce9e7d88 sp=0x0000003d0abfe110
Event: 11731.703 Thread 0x00000181295d7470 DEOPT UNPACKING pc=0x00000180ce4646a2 sp=0x0000003d0abfe0d0 mode 2
Event: 11731.710 Thread 0x00000181295d7470 Uncommon trap: trap_request=0xffffffde fr.pc=0x00000180cef1c488 relative=0x0000000000000668
Event: 11731.710 Thread 0x00000181295d7470 Uncommon trap: reason=class_check action=maybe_recompile pc=0x00000180cef1c488 method=io.axoniq.axonserver.connector.impl.AbstractAxonServerChannel.sendInstruction(Ljava/lang/Object;Ljava/util/function/Function;Lio/grpc/stub/StreamObserver;)Ljava/util/con
Event: 11731.710 Thread 0x00000181295d7470 DEOPT PACKING pc=0x00000180cef1c488 sp=0x0000003d0abfeca0
Event: 11731.710 Thread 0x00000181295d7470 DEOPT UNPACKING pc=0x00000180ce4646a2 sp=0x0000003d0abfec98 mode 2
Event: 11731.710 Thread 0x00000181295d7470 Uncommon trap: trap_request=0xffffff45 fr.pc=0x00000180cebbc318 relative=0x00000000000000f8
Event: 11731.710 Thread 0x00000181295d7470 Uncommon trap: reason=unstable_if action=reinterpret pc=0x00000180cebbc318 method=com.google.protobuf.CodedOutputStream$AbstractBufferedEncoder.bufferUInt32NoTag(I)V @ 16 c2
Event: 11731.710 Thread 0x00000181295d7470 DEOPT PACKING pc=0x00000180cebbc318 sp=0x0000003d0abfe130
Event: 11731.710 Thread 0x00000181295d7470 DEOPT UNPACKING pc=0x00000180ce4646a2 sp=0x0000003d0abfe0c8 mode 2
Event: 11731.735 Thread 0x0000018128e80a40 Uncommon trap: trap_request=0xffffffde fr.pc=0x00000180cee90938 relative=0x00000000000001f8
Event: 11731.735 Thread 0x0000018128e80a40 Uncommon trap: reason=class_check action=maybe_recompile pc=0x00000180cee90938 method=java.util.concurrent.CompletableFuture.postComplete()V @ 76 c2
Event: 11731.736 Thread 0x0000018128e80a40 DEOPT PACKING pc=0x00000180cee90938 sp=0x0000003d0b3fec90
Event: 11731.736 Thread 0x0000018128e80a40 DEOPT UNPACKING pc=0x00000180ce4646a2 sp=0x0000003d0b3fec28 mode 2
Event: 11731.750 Thread 0x00000181295d7470 Uncommon trap: trap_request=0xffffffde fr.pc=0x00000180cee90938 relative=0x00000000000001f8
Event: 11731.750 Thread 0x00000181295d7470 Uncommon trap: reason=class_check action=maybe_recompile pc=0x00000180cee90938 method=java.util.concurrent.CompletableFuture.postComplete()V @ 76 c2
Event: 11731.750 Thread 0x00000181295d7470 DEOPT PACKING pc=0x00000180cee90938 sp=0x0000003d0abfe9a0
Event: 11731.750 Thread 0x00000181295d7470 DEOPT UNPACKING pc=0x00000180ce4646a2 sp=0x0000003d0abfe938 mode 2

Classes loaded (20 events):
Event: 20.771 Loading class com/sun/jmx/interceptor/DefaultMBeanServerInterceptor$ListenerWrapper
Event: 20.772 Loading class com/sun/jmx/interceptor/DefaultMBeanServerInterceptor$ListenerWrapper done
Event: 20.772 Loading class javax/management/NotificationBroadcasterSupport$ListenerInfo
Event: 20.772 Loading class javax/management/NotificationBroadcasterSupport$ListenerInfo done
Event: 20.777 Loading class java/util/IdentityHashMap$KeySpliterator
Event: 20.777 Loading class java/util/IdentityHashMap$IdentityHashMapSpliterator
Event: 20.777 Loading class java/util/IdentityHashMap$IdentityHashMapSpliterator done
Event: 20.777 Loading class java/util/IdentityHashMap$KeySpliterator done
Event: 1070.532 Loading class java/util/concurrent/locks/ReentrantReadWriteLock$Sync$HoldCounter
Event: 1070.533 Loading class java/util/concurrent/locks/ReentrantReadWriteLock$Sync$HoldCounter done
Event: 1766.850 Loading class sun/security/ssl/Alert
Event: 1766.854 Loading class sun/security/ssl/Alert done
Event: 1766.854 Loading class sun/security/ssl/Alert$AlertConsumer
Event: 1766.856 Loading class sun/security/ssl/Alert$AlertConsumer done
Event: 1766.856 Loading class sun/security/ssl/Alert$Level
Event: 1766.856 Loading class sun/security/ssl/Alert$Level done
Event: 1766.857 Loading class javax/crypto/AEADBadTagException
Event: 1766.857 Loading class javax/crypto/AEADBadTagException done
Event: 11731.724 Loading class java/util/concurrent/CompletableFuture$CoCompletion
Event: 11731.750 Loading class java/util/concurrent/CompletableFuture$CoCompletion done

Classes unloaded (20 events):
Event: 4358.152 Thread 0x00000180ddb82640 Unloading class 0x00000180df08d000 'java/lang/invoke/LambdaForm$MH+0x00000180df08d000'
Event: 4358.152 Thread 0x00000180ddb82640 Unloading class 0x00000180df01b800 'java/lang/invoke/LambdaForm$MH+0x00000180df01b800'
Event: 4358.152 Thread 0x00000180ddb82640 Unloading class 0x00000180df01b000 'java/lang/invoke/LambdaForm$MH+0x00000180df01b000'
Event: 4358.152 Thread 0x00000180ddb82640 Unloading class 0x00000180df01a800 'java/lang/invoke/LambdaForm$MH+0x00000180df01a800'
Event: 4358.152 Thread 0x00000180ddb82640 Unloading class 0x00000180df01a400 'java/lang/invoke/LambdaForm$MH+0x00000180df01a400'
Event: 4358.152 Thread 0x00000180ddb82640 Unloading class 0x00000180df019400 'java/lang/invoke/LambdaForm$MH+0x00000180df019400'
Event: 4358.152 Thread 0x00000180ddb82640 Unloading class 0x00000180df018800 'java/lang/invoke/LambdaForm$MH+0x00000180df018800'
Event: 4358.152 Thread 0x00000180ddb82640 Unloading class 0x00000180df018400 'java/lang/invoke/LambdaForm$MH+0x00000180df018400'
Event: 4358.152 Thread 0x00000180ddb82640 Unloading class 0x00000180df017c00 'java/lang/invoke/LambdaForm$MH+0x00000180df017c00'
Event: 4358.152 Thread 0x00000180ddb82640 Unloading class 0x00000180df017800 'java/lang/invoke/LambdaForm$MH+0x00000180df017800'
Event: 4358.152 Thread 0x00000180ddb82640 Unloading class 0x00000180df017400 'java/lang/invoke/LambdaForm$MH+0x00000180df017400'
Event: 4358.152 Thread 0x00000180ddb82640 Unloading class 0x00000180df016800 'java/lang/invoke/LambdaForm$MH+0x00000180df016800'
Event: 4358.152 Thread 0x00000180ddb82640 Unloading class 0x00000180df015800 'java/lang/invoke/LambdaForm$MH+0x00000180df015800'
Event: 4358.152 Thread 0x00000180ddb82640 Unloading class 0x00000180df014c00 'java/lang/invoke/LambdaForm$MH+0x00000180df014c00'
Event: 4358.152 Thread 0x00000180ddb82640 Unloading class 0x00000180df014400 'java/lang/invoke/LambdaForm$MH+0x00000180df014400'
Event: 4358.152 Thread 0x00000180ddb82640 Unloading class 0x00000180df014000 'java/lang/invoke/LambdaForm$MH+0x00000180df014000'
Event: 4358.152 Thread 0x00000180ddb82640 Unloading class 0x00000180df002400 'java/lang/invoke/LambdaForm$MH+0x00000180df002400'
Event: 4358.152 Thread 0x00000180ddb82640 Unloading class 0x00000180df002000 'java/lang/invoke/LambdaForm$MH+0x00000180df002000'
Event: 4358.152 Thread 0x00000180ddb82640 Unloading class 0x00000180df001c00 'java/lang/invoke/LambdaForm$MH+0x00000180df001c00'
Event: 4358.152 Thread 0x00000180ddb82640 Unloading class 0x00000180df001400 'java/lang/invoke/LambdaForm$MH+0x00000180df001400'

Classes redefined (0 events):
No events

Internal exceptions (20 events):
Event: 5398.626 Thread 0x0000018123155350 Implicit null exception at 0x00000180cec3c6e0 to 0x00000180cec3c9d0
Event: 5399.620 Thread 0x0000018123155350 Implicit null exception at 0x00000180cec3c6e0 to 0x00000180cec3c9d0
Event: 5400.618 Thread 0x0000018125b5c600 Implicit null exception at 0x00000180cecdcf60 to 0x00000180cecdd240
Event: 5464.406 Thread 0x000001812f8346e0 Implicit null exception at 0x00000180cf1a1940 to 0x00000180cf1a3424
Event: 5583.017 Thread 0x000001812f8346e0 Implicit null exception at 0x00000180cf19fa20 to 0x00000180cf1a09a4
Event: 5595.179 Thread 0x000001812f8346e0 Implicit null exception at 0x00000180cf2cc02a to 0x00000180cf2cd97c
Event: 11725.922 Thread 0x00000181295d7470 Implicit null exception at 0x00000180cee51540 to 0x00000180cee53938
Event: 11726.132 Thread 0x0000018129d517a0 Implicit null exception at 0x00000180ce9d3c20 to 0x00000180ce9d3e80
Event: 11726.136 Thread 0x0000018129d517a0 Implicit null exception at 0x00000180cebbf320 to 0x00000180cebbf431
Event: 11726.141 Thread 0x0000018127713360 Implicit null exception at 0x00000180ce9f7d26 to 0x00000180ce9f90d8
Event: 11726.151 Thread 0x0000018129d517a0 Implicit null exception at 0x00000180cedfb360 to 0x00000180cedfbc50
Event: 11726.160 Thread 0x0000018129d517a0 Implicit null exception at 0x00000180cebf5a2e to 0x00000180cebf6194
Event: 11726.192 Thread 0x0000018127713360 Exception <a 'java/lang/NoSuchMethodError'{0x0000000708d232f0}: 'int java.lang.invoke.DelegatingMethodHandle$Holder.reinvoke_L(java.lang.Object)'> (0x0000000708d232f0) 
thrown [s\open\src\hotspot\share\interpreter\linkResolver.cpp, line 773]
Event: 11726.207 Thread 0x0000018127713360 Implicit null exception at 0x00000180cef46020 to 0x00000180cef48b60
Event: 11726.246 Thread 0x00000181230080c0 Implicit null exception at 0x00000180cea9ec4c to 0x00000180cea9ff70
Event: 11726.442 Thread 0x0000018128e7e970 Implicit null exception at 0x00000180cead2120 to 0x00000180cead3604
Event: 11727.095 Thread 0x0000018128e7e970 Implicit null exception at 0x00000180cf10fee0 to 0x00000180cf10ff3c
Event: 11731.318 Thread 0x00000181295d7470 Implicit null exception at 0x00000180cf2344aa to 0x00000180cf2356d8
Event: 11731.322 Thread 0x0000018127714da0 Exception <a 'java/lang/NoSuchMethodError'{0x0000000708de11e0}: 'java.lang.Object java.lang.invoke.Invokers$Holder.invoke_MT(java.lang.Object, java.lang.Object, java.lang.Object, java.lang.Object, java.lang.Object)'> (0x0000000708de11e0) 
thrown [s\open\src\hotspot\share\interpreter\linkResolver.cpp, line 773]
Event: 11731.468 Thread 0x0000018129d517a0 Implicit null exception at 0x00000180cef1f00c to 0x00000180cef1fb00

ZGC Phase Switch (0 events):
No events

VM Operations (20 events):
Event: 10281.377 Executing VM operation: RendezvousGCThreads
Event: 10281.377 Executing VM operation: RendezvousGCThreads done
Event: 10288.443 Executing VM operation: Cleanup
Event: 10288.443 Executing VM operation: Cleanup done
Event: 10341.590 Executing VM operation: HandshakeAllThreads (HandshakeForDeflation)
Event: 10341.590 Executing VM operation: HandshakeAllThreads (HandshakeForDeflation) done
Event: 10341.590 Executing VM operation: RendezvousGCThreads
Event: 10341.590 Executing VM operation: RendezvousGCThreads done
Event: 11725.760 Executing VM operation: HandshakeAllThreads (HandshakeForDeflation)
Event: 11725.875 Executing VM operation: HandshakeAllThreads (HandshakeForDeflation) done
Event: 11725.888 Executing VM operation: RendezvousGCThreads
Event: 11725.888 Executing VM operation: RendezvousGCThreads done
Event: 11726.893 Executing VM operation: Cleanup
Event: 11727.084 Executing VM operation: Cleanup done
Event: 11728.088 Executing VM operation: Cleanup
Event: 11728.089 Executing VM operation: Cleanup done
Event: 11730.107 Executing VM operation: Cleanup
Event: 11730.107 Executing VM operation: Cleanup done
Event: 11731.113 Executing VM operation: Cleanup
Event: 11731.319 Executing VM operation: Cleanup done

Events (20 events):
Event: 10126.956 Thread 0x00000180ddb82640 flushing nmethod 0x00000180ce9be610
Event: 10126.956 Thread 0x00000180ddb82640 flushing nmethod 0x00000180ce9be310
Event: 10126.956 Thread 0x00000180ddb82640 flushing nmethod 0x00000180ce9c2290
Event: 10126.956 Thread 0x00000180ddb82640 flushing nmethod 0x00000180ce9b2490
Event: 11726.139 Thread 0x00000181230080c0 Thread added: 0x00000181230080c0
Event: 11726.166 Thread 0x0000018123009470 Thread added: 0x0000018123009470
Event: 11726.177 Thread 0x000001812300b540 Thread added: 0x000001812300b540
Event: 11726.209 Thread 0x0000018128e7e970 Thread added: 0x0000018128e7e970
Event: 11726.434 Thread 0x0000018129954630 Thread added: 0x0000018129954630
Event: 11726.445 Thread 0x0000018129956170 Thread added: 0x0000018129956170
Event: 11727.663 Thread 0x0000018129956170 Thread exited: 0x0000018129956170
Event: 11727.663 Thread 0x0000018129954630 Thread exited: 0x0000018129954630
Event: 11729.222 Thread 0x0000018129950210 Thread added: 0x0000018129950210
Event: 11729.729 Thread 0x0000018129950210 Thread exited: 0x0000018129950210
Event: 11730.237 Thread 0x0000018129952420 Thread added: 0x0000018129952420
Event: 11730.740 Thread 0x0000018129952420 Thread exited: 0x0000018129952420
Event: 11731.110 Thread 0x0000018127714da0 Thread added: 0x0000018127714da0
Event: 11731.110 Thread 0x0000018127710570 Thread added: 0x0000018127710570
Event: 11731.468 Thread 0x0000018128e80a40 Thread added: 0x0000018128e80a40
Event: 11731.722 Thread 0x0000018129952af0 Thread added: 0x0000018129952af0


Dynamic libraries:
0x00007ff6e87d0000 - 0x00007ff6e87e0000 	C:\Program Files\Java\jdk-21\bin\java.exe
0x00007ff977750000 - 0x00007ff977967000 	C:\Windows\SYSTEM32\ntdll.dll
0x00007ff976ca0000 - 0x00007ff976d64000 	C:\Windows\System32\KERNEL32.DLL
0x00007ff974e90000 - 0x00007ff975237000 	C:\Windows\System32\KERNELBASE.dll
0x00007ff974b30000 - 0x00007ff974c41000 	C:\Windows\System32\ucrtbase.dll
0x00007ff95fdb0000 - 0x00007ff95fdcb000 	C:\Program Files\Java\jdk-21\bin\VCRUNTIME140.dll
0x00007ff95aae0000 - 0x00007ff95aaf9000 	C:\Program Files\Java\jdk-21\bin\jli.dll
0x00007ff9767d0000 - 0x00007ff976882000 	C:\Windows\System32\ADVAPI32.dll
0x00007ff9771c0000 - 0x00007ff977267000 	C:\Windows\System32\msvcrt.dll
0x00007ff976720000 - 0x00007ff9767c8000 	C:\Windows\System32\sechost.dll
0x00007ff974c50000 - 0x00007ff974c78000 	C:\Windows\System32\bcrypt.dll
0x00007ff975480000 - 0x00007ff975595000 	C:\Windows\System32\RPCRT4.dll
0x00007ff9756c0000 - 0x00007ff97586e000 	C:\Windows\System32\USER32.dll
0x00007ff9752c0000 - 0x00007ff9752e6000 	C:\Windows\System32\win32u.dll
0x00007ff975e10000 - 0x00007ff975e39000 	C:\Windows\System32\GDI32.dll
0x00007ff9752f0000 - 0x00007ff975409000 	C:\Windows\System32\gdi32full.dll
0x00007ff974df0000 - 0x00007ff974e8a000 	C:\Windows\System32\msvcp_win.dll
0x00007ff96a590000 - 0x00007ff96a59a000 	C:\Windows\SYSTEM32\VERSION.dll
0x00007ff95c670000 - 0x00007ff95c903000 	C:\Windows\WinSxS\amd64_microsoft.windows.common-controls_6595b64144ccf1df_6.0.22621.3527_none_270e469b73872a76\COMCTL32.dll
0x00007ff975870000 - 0x00007ff9758a1000 	C:\Windows\System32\IMM32.DLL
0x00007ff96cee0000 - 0x00007ff96ceec000 	C:\Program Files\Java\jdk-21\bin\vcruntime140_1.dll
0x00007ff932040000 - 0x00007ff9320ce000 	C:\Program Files\Java\jdk-21\bin\msvcp140.dll
0x00007ff91efc0000 - 0x00007ff91fcd7000 	C:\Program Files\Java\jdk-21\bin\server\jvm.dll
0x00007ff975d90000 - 0x00007ff975e01000 	C:\Windows\System32\WS2_32.dll
0x00007ff9738b0000 - 0x00007ff9738fd000 	C:\Windows\SYSTEM32\POWRPROF.dll
0x00007ff96cd20000 - 0x00007ff96cd54000 	C:\Windows\SYSTEM32\WINMM.dll
0x00007ff973890000 - 0x00007ff9738a3000 	C:\Windows\SYSTEM32\UMPDC.dll
0x00007ff973b40000 - 0x00007ff973b58000 	C:\Windows\SYSTEM32\kernel.appcore.dll
0x00007ff9627f0000 - 0x00007ff9627fa000 	C:\Program Files\Java\jdk-21\bin\jimage.dll
0x00007ff971cf0000 - 0x00007ff971f23000 	C:\Windows\SYSTEM32\DBGHELP.DLL
0x00007ff976e30000 - 0x00007ff9771b8000 	C:\Windows\System32\combase.dll
0x00007ff976bc0000 - 0x00007ff976c97000 	C:\Windows\System32\OLEAUT32.dll
0x00007ff953d90000 - 0x00007ff953dc2000 	C:\Windows\SYSTEM32\dbgcore.DLL
0x00007ff975240000 - 0x00007ff9752b9000 	C:\Windows\System32\bcryptPrimitives.dll
0x00007ff962860000 - 0x00007ff96286f000 	C:\Program Files\Java\jdk-21\bin\instrument.dll
0x00007ff95a720000 - 0x00007ff95a73f000 	C:\Program Files\Java\jdk-21\bin\java.dll
0x00007ff975ec0000 - 0x00007ff97671c000 	C:\Windows\System32\SHELL32.dll
0x00007ff972970000 - 0x00007ff973266000 	C:\Windows\SYSTEM32\windows.storage.dll
0x00007ff972830000 - 0x00007ff97296e000 	C:\Windows\SYSTEM32\wintypes.dll
0x00007ff976890000 - 0x00007ff976985000 	C:\Windows\System32\SHCORE.dll
0x00007ff977270000 - 0x00007ff9772ce000 	C:\Windows\System32\shlwapi.dll
0x00007ff9749a0000 - 0x00007ff9749c1000 	C:\Windows\SYSTEM32\profapi.dll
0x00007ff931bf0000 - 0x00007ff931cc7000 	C:\Program Files\Java\jdk-21\bin\jsvml.dll
0x00007ff950b00000 - 0x00007ff950b18000 	C:\Program Files\Java\jdk-21\bin\zip.dll
0x00007ff95fda0000 - 0x00007ff95fdb0000 	C:\Program Files\Java\jdk-21\bin\net.dll
0x00007ff96d980000 - 0x00007ff96dab6000 	C:\Windows\SYSTEM32\WINHTTP.dll
0x00007ff973fb0000 - 0x00007ff974019000 	C:\Windows\system32\mswsock.dll
0x00007ff958a40000 - 0x00007ff958a56000 	C:\Program Files\Java\jdk-21\bin\nio.dll
0x00007ff960e20000 - 0x00007ff960e3a000 	D:\Intellij\IntelliJ IDEA Community Edition 2023.3.4\bin\breakgen64.dll
0x00007ff95e6f0000 - 0x00007ff95e6f9000 	C:\Program Files\Java\jdk-21\bin\extnet.dll
0x00007ff973540000 - 0x00007ff97356d000 	C:\Windows\SYSTEM32\IPHLPAPI.DLL
0x00007ff976e20000 - 0x00007ff976e29000 	C:\Windows\System32\NSI.dll
0x00007ff9735b0000 - 0x00007ff9736a9000 	C:\Windows\SYSTEM32\DNSAPI.dll
0x00007ff95e100000 - 0x00007ff95e10a000 	C:\Windows\System32\rasadhlp.dll
0x00007ff96cf50000 - 0x00007ff96cfd3000 	C:\Windows\System32\fwpuclnt.dll
0x00007ff95aad0000 - 0x00007ff95aade000 	C:\Program Files\Java\jdk-21\bin\sunmscapi.dll
0x00007ff974c80000 - 0x00007ff974de7000 	C:\Windows\System32\CRYPT32.dll
0x00007ff9743f0000 - 0x00007ff97441e000 	C:\Windows\SYSTEM32\ncrypt.dll
0x00007ff9743b0000 - 0x00007ff9743e7000 	C:\Windows\SYSTEM32\NTASN1.dll
0x00007ff95d100000 - 0x00007ff95d110000 	C:\Program Files\Java\jdk-21\bin\verify.dll
0x00007ff9741d0000 - 0x00007ff9741eb000 	C:\Windows\SYSTEM32\CRYPTSP.dll
0x00007ff973aa0000 - 0x00007ff973ad5000 	C:\Windows\system32\rsaenh.dll
0x00007ff974050000 - 0x00007ff974078000 	C:\Windows\SYSTEM32\USERENV.dll
0x00007ff9741f0000 - 0x00007ff9741fc000 	C:\Windows\SYSTEM32\CRYPTBASE.dll
0x00007ff971970000 - 0x00007ff97197a000 	C:\Program Files\Java\jdk-21\bin\management.dll
0x00007ff971960000 - 0x00007ff97196b000 	C:\Program Files\Java\jdk-21\bin\management_ext.dll
0x00007ff975630000 - 0x00007ff975638000 	C:\Windows\System32\PSAPI.DLL
0x00007ff94ddc0000 - 0x00007ff94ddd7000 	C:\Windows\system32\napinsp.dll
0x00007ff94dd70000 - 0x00007ff94dd8b000 	C:\Windows\system32\pnrpnsp.dll
0x00007ff94dc70000 - 0x00007ff94dc81000 	C:\Windows\System32\winrnr.dll
0x00007ff96c920000 - 0x00007ff96c935000 	C:\Windows\system32\wshbth.dll
0x00007ff94dc40000 - 0x00007ff94dc61000 	C:\Windows\system32\nlansp_c.dll
0x00007ff9627b0000 - 0x00007ff9627b8000 	C:\Windows\system32\wshunix.dll

dbghelp: loaded successfully - version: 4.0.5 - missing functions: none
symbol engine: initialized successfully - sym options: 0x614 - pdb path: .;C:\Program Files\Java\jdk-21\bin;C:\Windows\SYSTEM32;C:\Windows\WinSxS\amd64_microsoft.windows.common-controls_6595b64144ccf1df_6.0.22621.3527_none_270e469b73872a76;C:\Program Files\Java\jdk-21\bin\server;D:\Intellij\IntelliJ IDEA Community Edition 2023.3.4\bin

VM Arguments:
jvm_args: -javaagent:D:\Intellij\IntelliJ IDEA Community Edition 2023.3.4\lib\idea_rt.jar=50216:D:\Intellij\IntelliJ IDEA Community Edition 2023.3.4\bin -Dfile.encoding=UTF-8 -Dsun.stdout.encoding=UTF-8 -Dsun.stderr.encoding=UTF-8 
java_command: com.NTTT.UserService.UserServiceApplication
java_class_path (initial): C:\Users\Phu\Desktop\NTT-Source-Code\Back-End\UserService\target\classes;C:\Users\Phu\.m2\repository\org\springframework\boot\spring-boot-starter-web\3.2.5\spring-boot-starter-web-3.2.5.jar;C:\Users\Phu\.m2\repository\org\springframework\boot\spring-boot-starter\3.2.5\spring-boot-starter-3.2.5.jar;C:\Users\Phu\.m2\repository\org\springframework\boot\spring-boot\3.2.5\spring-boot-3.2.5.jar;C:\Users\Phu\.m2\repository\org\springframework\boot\spring-boot-autoconfigure\3.2.5\spring-boot-autoconfigure-3.2.5.jar;C:\Users\Phu\.m2\repository\org\springframework\boot\spring-boot-starter-logging\3.2.5\spring-boot-starter-logging-3.2.5.jar;C:\Users\Phu\.m2\repository\org\apache\logging\log4j\log4j-to-slf4j\2.21.1\log4j-to-slf4j-2.21.1.jar;C:\Users\Phu\.m2\repository\org\apache\logging\log4j\log4j-api\2.21.1\log4j-api-2.21.1.jar;C:\Users\Phu\.m2\repository\org\slf4j\jul-to-slf4j\2.0.13\jul-to-slf4j-2.0.13.jar;C:\Users\Phu\.m2\repository\jakarta\annotation\jakarta.annotation-api\2.1.1\jakarta.annotation-api-2.1.1.jar;C:\Users\Phu\.m2\repository\org\yaml\snakeyaml\2.2\snakeyaml-2.2.jar;C:\Users\Phu\.m2\repository\org\springframework\boot\spring-boot-starter-json\3.2.5\spring-boot-starter-json-3.2.5.jar;C:\Users\Phu\.m2\repository\com\fasterxml\jackson\datatype\jackson-datatype-jdk8\2.15.4\jackson-datatype-jdk8-2.15.4.jar;C:\Users\Phu\.m2\repository\com\fasterxml\jackson\datatype\jackson-datatype-jsr310\2.15.4\jackson-datatype-jsr310-2.15.4.jar;C:\Users\Phu\.m2\repository\com\fasterxml\jackson\module\jackson-module-parameter-names\2.15.4\jackson-module-parameter-names-2.15.4.jar;C:\Users\Phu\.m2\repository\org\springframework\boot\spring-boot-starter-tomcat\3.2.5\spring-boot-starter-tomcat-3.2.5.jar;C:\Users\Phu\.m2\repository\org\apache\tomcat\embed\tomcat-embed-core\10.1.20\tomcat-embed-core-10.1.20.jar;C:\Users\Phu\.m2\repository\org\apache\tomcat\embed\tomcat-embed-websocket\10.1.20\tomcat-embed-websocket-10.1.20.jar;C:\Users\Phu\.m2\repository\org\springframework\spring-web\6.1.6\spring-web-6.1.6.jar;C:\Users\Phu\.m2\repository\org\springframework\spring-beans\6.1.6\spring-beans-6.1.6.jar;C:\Users\Phu\.m2\repository\org\springframework\spring-webmvc\6.1.6\spring-webmvc-6.1.6.jar;C:\Users\Phu\.m2\repository\org\springframework\spring-aop\6.1.6\spring-aop-6.1.6.jar;C:\Users\Phu\.m2\repository\org\springframework\spring-expression\6.1.6\spring-expression-6.1.6.jar;C:\Users\Phu\.m2\repository\org\springframework\boot\spring-boot-starter-validation\3.2.5\spring-boot-starter-validation-3.2.5.jar;C:\Users\Phu\.m2\repository\org\apache\tomcat\embed\tomcat-embed-el\10.1.20\tomcat-embed-el-10.1.20.jar;C:\Users\Phu\.m2\repository\org\hibernate\validator\hibernate-validator\8.0.1.Final\hibernate-validator-8.0.1.Final.jar;C:\Users\Phu\.m2\repository\jakarta\validation\jakarta.validation-api\3.0.2\jakarta.validation-api-3.0.2.jar;C:\Users\Phu\.m2\repository\org\jboss\logging\jboss-logging\3.5.3.Final\jboss-logging-3.5.3.Final.jar;C:\Users\Phu\.m2\repository\com\fasterxml\classmate\1.6.0\classmate-1.6.0.jar;C:\Users\Phu\.m2\repository\org\projectlombok\lombok\1.18.32\lombok-1.18.32.jar;C:\Users\Phu\.m2\repository\io\jsonwebtoken\jjwt-impl\0.12.3\jjwt-impl-0.12.3.jar;C:\Users\Phu\.m2\repository\io\jsonwebtoken\jjwt-api\0.12.3\jjwt-api-0.12.3.jar;C:\Users\Phu\.m2\repository\io\jsonwebtoken\jjwt-jackson\0.12.3\jjwt-jackson-0.12.3.jar;C:\Users\Phu\.m2\repository\com\fasterxml\jackson\core\jackson-databind\2.15.4\jackson-databind-2.15.4.jar;C:\Users\Phu\.m2\repository\com\fasterxml\jackson\core\jackson-annotations\2.15.4\jackson-annotations-2.15.4.jar;C:\Users\Phu\.m2\repository\com\fasterxml\jackson\core\jackson-core\2.15.4\jackson-core-2.15.4.jar;C:\Users\Phu\.m2\repository\org\slf4j\slf4j-api\2.0.13\slf4j-api-2.0.13.jar;C:\Users\Phu\.m2\repository\jakarta\xml\bind\jakarta.xml.bind-api\4.0.2\jakarta.xml.bind-api-4.0.2.jar;C:\Users\Phu\.m2\repository\jakarta\activation\jakarta.activation-api\2.1.3\jakarta.activation-api-2.1.3.jar;C:\Users\Phu\.m2\repository\net\bytebuddy\byte-buddy\1.14.13\byte-buddy-1.14.13.jar;C:\Users\Phu\.m2\repository\org\springframework\spring-core\6.1.6\spring-core-6.1.6.jar;C:\Users\Phu\.m2\repository\org\springframework\spring-jcl\6.1.6\spring-jcl-6.1.6.jar;C:\Users\Phu\.m2\repository\com\microsoft\sqlserver\mssql-jdbc\12.4.2.jre11\mssql-jdbc-12.4.2.jre11.jar;C:\Users\Phu\.m2\repository\org\springframework\cloud\spring-cloud-starter-netflix-eureka-client\4.1.1\spring-cloud-starter-netflix-eureka-client-4.1.1.jar;C:\Users\Phu\.m2\repository\org\springframework\cloud\spring-cloud-starter\4.1.2\spring-cloud-starter-4.1.2.jar;C:\Users\Phu\.m2\repository\org\springframework\cloud\spring-cloud-context\4.1.2\spring-cloud-context-4.1.2.jar;C:\Users\Phu\.m2\repository\org\springframework\security\spring-security-rsa\1.1.2\spring-security-rsa-1.1.2.jar;C:\Users\Phu\.m2\repository\org\bouncycastle\bcprov-jdk18on\1.77\bcprov-jdk18on-1.77.jar;C:\Users\Phu\.m2\repository\org\springframework\cloud\spring-cloud-netflix-eureka-client\4.1.1\spring-cloud-netflix-eureka-client-4.1.1.jar;C:\Users\Phu\.m2\repository\org\apache\httpcomponents\client5\httpclient5\5.2.3\httpclient5-5.2.3.jar;C:\Users\Phu\.m2\repository\org\apache\httpcomponents\core5\httpcore5\5.2.4\httpcore5-5.2.4.jar;C:\Users\Phu\.m2\repository\org\apache\httpcomponents\core5\httpcore5-h2\5.2.4\httpcore5-h2-5.2.4.jar;C:\Users\Phu\.m2\repository\com\netflix\eureka\eureka-client\2.0.2\eureka-client-2.0.2.jar;C:\Users\Phu\.m2\repository\com\netflix\netflix-commons\netflix-eventbus\0.3.0\netflix-eventbus-0.3.0.jar;C:\Users\Phu\.m2\repository\com\netflix\netflix-commons\netflix-infix\0.3.0\netflix-infix-0.3.0.jar;C:\Users\Phu\.m2\repository\commons-jxpath\commons-jxpath\1.3\commons-jxpath-1.3.jar;C:\Users\Phu\.m2\repository\joda-time\joda-time\2.3\joda-time-2.3.jar;C:\Users\Phu\.m2\repository\org\antlr\antlr-runtime\3.4\antlr-runtime-3.4.jar;C:\Users\Phu\.m2\repository\org\antlr\stringtemplate\3.2.1\stringtemplate-3.2.1.jar;C:\Users\Phu\.m2\repository\antlr\antlr\2.7.7\antlr-2.7.7.jar;C:\Users\Phu\.m2\repository\com\google\code\gson\gson\2.10.1\gson-2.10.1.jar;C:\Users\Phu\.m2\repository\org\apache\commons\commons-math\2.2\commons-math-2.2.jar;C:\Users\Phu\.m2\repository\com\thoughtworks\xstream\xstream\1.4.19\xstream-1.4.19.jar;C:\Users\Phu\.m2\repository\io\github\x-stream\mxparser\1.2.2\mxparser-1.2.2.jar;C:\Users\Phu\.m2\repository\xmlpull\xmlpull\1.1.3.1\xmlpull-1.1.3.1.jar;C:\Users\Phu\.m2\repository\jakarta\ws\rs\jakarta.ws.rs-api\3.1.0\jakarta.ws.rs-api-3.1.0.jar;C:\Users\Phu\.m2\repository\jakarta\inject\jakarta.inject-api\2.0.1\jakarta.inject-api-2.0.1.jar;C:\Users\Phu\.m2\repository\com\netflix\servo\servo-core\0.12.21\servo-core-0.12.21.jar;C:\Users\Phu\.m2\repository\org\apache\httpcomponents\httpclient\4.5.3\httpclient-4.5.3.jar;C:\Users\Phu\.m2\repository\org\apache\httpcomponents\httpcore\4.4.16\httpcore-4.4.16.jar;C:\Users\Phu\.m2\repository\commons-codec\commons-codec\1.16.1\commons-codec-1.16.1.jar;C:\Users\Phu\.m2\repository\commons-configuration\commons-configuration\1.10\commons-configuration-1.10.jar;C:\Users\Phu\.m2\repository\commons-lang\commons-lang\2.6\commons-lang-2.6.jar;C:\Users\Phu\.m2\repository\org\codehaus\jettison\jettison\1.5.4\jettison-1.5.4.jar;C:\Users\Phu\.m2\repository\com\netflix\eureka\eureka-core\2.0.2\eureka-core-2.0.2.jar;C:\Users\Phu\.m2\repository\com\fasterxml\woodstox\woodstox-core\6.2.1\woodstox-core-6.2.1.jar;C:\Users\Phu\.m2\repository\org\codehaus\woodstox\stax2-api\4.2.1\stax2-api-4.2.1.jar;C:\Users\Phu\.m2\repository\org\springframework\cloud\spring-cloud-starter-loadbalancer\4.1.2\spring-cloud-starter-loadbalancer-4.1.2.jar;C:\Users\Phu\.m2\repository\org\springframework\cloud\spring-cloud-loadbalancer\4.1.2\spring-cloud-loadbalancer-4.1.2.jar;C:\Users\Phu\.m2\repository\io\projectreactor\addons\reactor-extra\3.5.1\reactor-extra-3.5.1.jar;C:\Users\Phu\.m2\repository\org\springframework\boot\spring-boot-starter-cache\3.2.5\spring-boot-starter-cache-3.2.5.jar;C:\Users\Phu\.m2\repository\org\springframework\spring-context-support\6.1.6\spring-context-support-6.1.6.jar;C:\Users\Phu\.m2\repository\com\stoyanr\evictor\1.0.0\evictor-1.0.0.jar;C:\Users\Phu\.m2\repository\org\springframework\cloud\spring-cloud-starter-openfeign\4.1.1\spring-cloud-starter-openfeign-4.1.1.jar;C:\Users\Phu\.m2\repository\org\springframework\cloud\spring-cloud-openfeign-core\4.1.1\spring-cloud-openfeign-core-4.1.1.jar;C:\Users\Phu\.m2\repository\io\github\openfeign\form\feign-form-spring\3.8.0\feign-form-spring-3.8.0.jar;C:\Users\Phu\.m2\repository\io\github\openfeign\form\feign-form\3.8.0\feign-form-3.8.0.jar;C:\Users\Phu\.m2\repository\commons-fileupload\commons-fileupload\1.5\commons-fileupload-1.5.jar;C:\Users\Phu\.m2\repository\org\springframework\cloud\spring-cloud-commons\4.1.2\spring-cloud-commons-4.1.2.jar;C:\Users\Phu\.m2\repository\org\springframework\security\spring-security-crypto\6.2.4\spring-security-crypto-6.2.4.jar;C:\Users\Phu\.m2\repository\io\github\openfeign\feign-core\13.2.1\feign-core-13.2.1.jar;C:\Users\Phu\.m2\repository\io\github\openfeign\feign-slf4j\13.2.1\feign-slf4j-13.2.1.jar;C:\Users\Phu\.m2\repository\org\modelmapper\modelmapper\3.1.1\modelmapper-3.1.1.jar;C:\Users\Phu\.m2\repository\org\axonframework\axon-spring-boot-starter\4.9.3\axon-spring-boot-starter-4.9.3.jar;C:\Users\Phu\.m2\repository\org\axonframework\axon-spring-boot-autoconfigure\4.9.3\axon-spring-boot-autoconfigure-4.9.3.jar;C:\Users\Phu\.m2\repository\org\axonframework\axon-server-connector\4.9.3\axon-server-connector-4.9.3.jar;C:\Users\Phu\.m2\repository\io\axoniq\axonserver-connector-java\2023.2.0\axonserver-connector-java-2023.2.0.jar;C:\Users\Phu\.m2\repository\io\grpc\grpc-protobuf\1.59.1\grpc-protobuf-1.59.1.jar;C:\Users\Phu\.m2\repository\io\grpc\grpc-api\1.59.1\grpc-api-1.59.1.jar;C:\Users\Phu\.m2\repository\com\google\protobuf\protobuf-java\3.24.0\protobuf-java-3.24.0.jar;C:\Users\Phu\.m2\repository\com\google\api\grpc\proto-google-common-protos\2.22.0\proto-google-common-protos-2.22.0.jar;C:\Users\Phu\.m2\repository\io\grpc\grpc-protobuf-lite\1.59.1\grpc-protobuf-lite-1.59.1.jar;C:\Users\Phu\.m2\repository\io\grpc\grpc-stub\1.59.1\grpc-stub-1.59.1.jar;C:\Users\Phu\.m2\repository\io\grpc\grpc-netty-shaded\1.59.1\grpc-netty-shaded-1.59.1.jar;C:\Users\Phu\.m2\repository\io\perfmark\perfmark-api\0.26.0\perfmark-api-0.26.0.jar;C:\Users\Phu\.m2\repository\io\grpc\grpc-core\1.59.1\grpc-core-1.59.1.jar;C:\Users\Phu\.m2\repository\com\google\android\annotations\4.1.1.4\annotations-4.1.1.4.jar;C:\Users\Phu\.m2\repository\org\codehaus\mojo\animal-sniffer-annotations\1.23\animal-sniffer-annotations-1.23.jar;C:\Users\Phu\.m2\repository\io\grpc\grpc-context\1.59.1\grpc-context-1.59.1.jar;C:\Users\Phu\.m2\repository\io\grpc\grpc-util\1.59.1\grpc-util-1.59.1.jar;C:\Users\Phu\.m2\repository\org\axonframework\axon-spring\4.9.3\axon-spring-4.9.3.jar;C:\Users\Phu\.m2\repository\org\axonframework\axon-configuration\4.9.3\axon-configuration-4.9.3.jar;C:\Users\Phu\.m2\repository\org\axonframework\axon-disruptor\4.9.3\axon-disruptor-4.9.3.jar;C:\Users\Phu\.m2\repository\com\lmax\disruptor\3.4.4\disruptor-3.4.4.jar;C:\Users\Phu\.m2\repository\org\axonframework\axon-eventsourcing\4.9.3\axon-eventsourcing-4.9.3.jar;C:\Users\Phu\.m2\repository\org\axonframework\axon-modelling\4.9.3\axon-modelling-4.9.3.jar;C:\Users\Phu\.m2\repository\org\axonframework\axon-messaging\4.9.3\axon-messaging-4.9.3.jar;C:\Users\Phu\.m2\repository\org\reactivestreams\reactive-streams\1.0.4\reactive-streams-1.0.4.jar;C:\Users\Phu\.m2\repository\com\google\guava\guava\32.1.2-jre\guava-32.1.2-jre.jar;C:\Users\Phu\.m2\repository\com\google\guava\failureaccess\1.0.1\failureaccess-1.0.1.jar;C:\Users\Phu\.m2\repository\com\google\guava\listenablefuture\9999.0-empty-to-avoid-conflict-with-guava\listenablefuture-9999.0-empty-to-avoid-conflict-with-guava.jar;C:\Users\Phu\.m2\repository\com\google\code\findbugs\jsr305\3.0.2\jsr305-3.0.2.jar;C:\Users\Phu\.m2\repository\org\checkerframework\checker-qual\3.33.0\checker-qual-3.33.0.jar;C:\Users\Phu\.m2\repository\com\google\errorprone\error_prone_annotations\2.18.0\error_prone_annotations-2.18.0.jar;C:\Users\Phu\.m2\repository\com\google\j2objc\j2objc-annotations\2.8\j2objc-annotations-2.8.jar;C:\Users\Phu\.m2\repository\org\springframework\boot\spring-boot-starter-actuator\3.2.5\spring-boot-starter-actuator-3.2.5.jar;C:\Users\Phu\.m2\repository\org\springframework\boot\spring-boot-actuator-autoconfigure\3.2.5\spring-boot-actuator-autoconfigure-3.2.5.jar;C:\Users\Phu\.m2\repository\org\springframework\boot\spring-boot-actuator\3.2.5\spring-boot-actuator-3.2.5.jar;C:\Users\Phu\.m2\repository\io\micrometer\micrometer-observation\1.12.5\micrometer-observation-1.12.5.jar;C:\Users\Phu\.m2\repository\io\micrometer\micrometer-commons\1.12.5\micrometer-commons-1.12.5.jar;C:\Users\Phu\.m2\repository\io\micrometer\micrometer-jakarta9\1.12.5\micrometer-jakarta9-1.12.5.jar;C:\Users\Phu\.m2\repository\io\micrometer\micrometer-core\1.12.5\micrometer-core-1.12.5.jar;C:\Users\Phu\.m2\repository\org\hdrhistogram\HdrHistogram\2.1.12\HdrHistogram-2.1.12.jar;C:\Users\Phu\.m2\repository\org\latencyutils\LatencyUtils\2.0.3\LatencyUtils-2.0.3.jar;C:\Users\Phu\.m2\repository\org\springframework\boot\spring-boot-starter-data-jpa\3.2.5\spring-boot-starter-data-jpa-3.2.5.jar;C:\Users\Phu\.m2\repository\org\springframework\boot\spring-boot-starter-aop\3.2.5\spring-boot-starter-aop-3.2.5.jar;C:\Users\Phu\.m2\repository\org\aspectj\aspectjweaver\1.9.22\aspectjweaver-1.9.22.jar;C:\Users\Phu\.m2\repository\org\springframework\boot\spring-boot-starter-jdbc\3.2.5\spring-boot-starter-jdbc-3.2.5.jar;C:\Users\Phu\.m2\repository\com\zaxxer\HikariCP\5.0.1\HikariCP-5.0.1.jar;C:\Users\Phu\.m2\repository\org\springframework\spring-jdbc\6.1.6\spring-jdbc-6.1.6.jar;C:\Users\Phu\.m2\repository\org\hibernate\orm\hibernate-core\6.4.4.Final\hibernate-core-6.4.4.Final.jar;C:\Users\Phu\.m2\repository\jakarta\persistence\jakarta.persistence-api\3.1.0\jakarta.persistence-api-3.1.0.jar;C:\Users\Phu\.m2\repository\jakarta\transaction\jakarta.transaction-api\2.0.1\jakarta.transaction-api-2.0.1.jar;C:\Users\Phu\.m2\repository\org\hibernate\common\hibernate-commons-annotations\6.0.6.Final\hibernate-commons-annotations-6.0.6.Final.jar;C:\Users\Phu\.m2\repository\io\smallrye\jandex\3.1.2\jandex-3.1.2.jar;C:\Users\Phu\.m2\repository\org\glassfish\jaxb\jaxb-runtime\4.0.5\jaxb-runtime-4.0.5.jar;C:\Users\Phu\.m2\repository\org\glassfish\jaxb\jaxb-core\4.0.5\jaxb-core-4.0.5.jar;C:\Users\Phu\.m2\repository\org\eclipse\angus\angus-activation\2.0.2\angus-activation-2.0.2.jar;C:\Users\Phu\.m2\repository\org\glassfish\jaxb\txw2\4.0.5\txw2-4.0.5.jar;C:\Users\Phu\.m2\repository\com\sun\istack\istack-commons-runtime\4.1.2\istack-commons-runtime-4.1.2.jar;C:\Users\Phu\.m2\repository\org\antlr\antlr4-runtime\4.13.0\antlr4-runtime-4.13.0.jar;C:\Users\Phu\.m2\repository\org\springframework\data\spring-data-jpa\3.2.5\spring-data-jpa-3.2.5.jar;C:\Users\Phu\.m2\repository\org\springframework\data\spring-data-commons\3.2.5\spring-data-commons-3.2.5.jar;C:\Users\Phu\.m2\repository\org\springframework\spring-orm\6.1.6\spring-orm-6.1.6.jar;C:\Users\Phu\.m2\repository\org\springframework\spring-aspects\6.1.6\spring-aspects-6.1.6.jar;C:\Users\Phu\.m2\repository\org\springframework\cloud\spring-cloud-stream\3.2.4\spring-cloud-stream-3.2.4.jar;C:\Users\Phu\.m2\repository\org\springframework\spring-messaging\6.1.6\spring-messaging-6.1.6.jar;C:\Users\Phu\.m2\repository\org\springframework\integration\spring-integration-core\6.2.4\spring-integration-core-6.2.4.jar;C:\Users\Phu\.m2\repository\io\projectreactor\reactor-core\3.6.5\reactor-core-3.6.5.jar;C:\Users\Phu\.m2\repository\org\springframework\integration\spring-integration-jmx\6.2.4\spring-integration-jmx-6.2.4.jar;C:\Users\Phu\.m2\repository\org\springframework\retry\spring-retry\2.0.5\spring-retry-2.0.5.jar;C:\Users\Phu\.m2\repository\org\springframework\cloud\spring-cloud-function-context\4.1.1\spring-cloud-function-context-4.1.1.jar;C:\Users\Phu\.m2\repository\net\jodah\typetools\0.6.2\typetools-0.6.2.jar;C:\Users\Phu\.m2\repository\org\springframework\cloud\spring-cloud-function-core\4.1.1\spring-cloud-function-core-4.1.1.jar;C:\Users\Phu\.m2\repository\org\springframework\cloud\spring-cloud-stream-binder-kafka\4.1.1\spring-cloud-stream-binder-kafka-4.1.1.jar;C:\Users\Phu\.m2\repository\org\springframework\cloud\spring-cloud-stream-binder-kafka-core\4.1.1\spring-cloud-stream-binder-kafka-core-4.1.1.jar;C:\Users\Phu\.m2\repository\org\springframework\integration\spring-integration-kafka\6.2.4\spring-integration-kafka-6.2.4.jar;C:\Users\Phu\.m2\repository\org\springframework\kafka\spring-kafka\3.1.4\spring-kafka-3.1.4.jar;C:\Users\Phu\.m2\repository\org\springframework\spring-context\6.1.6\spring-context-6.1.6.jar;C:\Users\Phu\.m2\repository\org\springframework\spring-tx\6.1.6\spring-tx-6.1.6.jar;C:\Users\Phu\.m2\repository\org\apache\kafka\kafka-clients\3.6.2\kafka-clients-3.6.2.jar;C:\Users\Phu\.m2\repository\com\github\luben\zstd-jni\1.5.5-1\zstd-jni-1.5.5-1.jar;C:\Users\Phu\.m2\repository\org\lz4\lz4-java\1.8.0\lz4-java-1.8.0.jar;C:\Users\Phu\.m2\repository\org\xerial\snappy\snappy-java\1.1.10.5\snappy-java-1.1.10.5.jar;C:\Users\Phu\.m2\repository\ch\qos\logback\logback-core\1.4.14\logback-core-1.4.14.jar;C:\Users\Phu\.m2\repository\ch\qos\logback\logback-classic\1.4.14\logback-classic-1.4.14.jar;C:\Users\Phu\.m2\repository\commons-io\commons-io\2.11.0\commons-io-2.11.0.jar
Launcher Type: SUN_STANDARD

[Global flags]
     intx CICompilerCount                          = 4                                         {product} {ergonomic}
     uint ConcGCThreads                            = 2                                         {product} {ergonomic}
     uint G1ConcRefinementThreads                  = 8                                         {product} {ergonomic}
   size_t G1HeapRegionSize                         = 2097152                                   {product} {ergonomic}
    uintx GCDrainStackTargetSize                   = 64                                        {product} {ergonomic}
   size_t InitialHeapSize                          = 266338304                                 {product} {ergonomic}
   size_t MarkStackSize                            = 4194304                                   {product} {ergonomic}
   size_t MaxHeapSize                              = 4253024256                                {product} {ergonomic}
   size_t MaxNewSize                               = 2550136832                                {product} {ergonomic}
   size_t MinHeapDeltaBytes                        = 2097152                                   {product} {ergonomic}
   size_t MinHeapSize                              = 8388608                                   {product} {ergonomic}
    uintx NonNMethodCodeHeapSize                   = 5839372                                {pd product} {ergonomic}
    uintx NonProfiledCodeHeapSize                  = 122909434                              {pd product} {ergonomic}
    uintx ProfiledCodeHeapSize                     = 122909434                              {pd product} {ergonomic}
    uintx ReservedCodeCacheSize                    = 251658240                              {pd product} {ergonomic}
     bool SegmentedCodeCache                       = true                                      {product} {ergonomic}
   size_t SoftMaxHeapSize                          = 4253024256                             {manageable} {ergonomic}
     bool UseCompressedOops                        = true                           {product lp64_product} {ergonomic}
     bool UseG1GC                                  = true                                      {product} {ergonomic}
     bool UseLargePagesIndividualAllocation        = false                                  {pd product} {ergonomic}

Logging:
Log output configuration:
 #0: stdout all=warning uptime,level,tags foldmultilines=false
 #1: stderr all=off uptime,level,tags foldmultilines=false

Environment Variables:
PATH=C:\Program Files\Common Files\Oracle\Java\javapath;C:\Program Files (x86)\Common Files\Oracle\Java\java8path;C:\Program Files (x86)\Common Files\Oracle\Java\javapath;C:\Program Files\Microsoft MPI\Bin\;C:\Windows\system32;C:\Windows;C:\Windows\System32\Wbem;C:\Windows\System32\WindowsPowerShell\v1.0\;C:\Windows\System32\OpenSSH\;C:\Program Files\Azure Data Studio\bin;C:\Program Files\dotnet\;C:\Program Files\Microsoft SQL Server\Client SDK\ODBC\170\Tools\Binn\;C:\Program Files (x86)\Microsoft SQL Server\160\DTS\Binn\;C:\Program Files (x86)\Microsoft SQL Server\160\Tools\Binn\;C:\Program Files\Microsoft SQL Server\160\Tools\Binn\;C:\Program Files\Microsoft SQL Server\160\DTS\Binn\;C:\Program Files\Git\bin\git.exe;C:\Program Files\Git\cmd;C:\Program Files\nodejs\;C:\Program Files\Java\jdk-21\bin;C:\Program Files\Java\apache-maven-3.8.8\bin;C:\Program Files\Cloudflare\Cloudflare WARP\;C:\Users\Phu\Desktop\mongosh-2.2.3-win32-x64\bin;;C:\Program Files\Docker\Docker\resources\bin;C:\Program Files\Microsoft SQL Server\150\Tools\Binn\;C:\Users\Phu\AppData\Local\Microsoft\WindowsApps;;C:\Program Files\Azure Data Studio\bin;C:\Users\Phu\.dotnet\tools;C:\Users\Phu\AppData\Local\Programs\Microsoft VS Code\bin;C:\Users\Phu\AppData\Roaming\npm
USERNAME=Phu
OS=Windows_NT
PROCESSOR_IDENTIFIER=Intel64 Family 6 Model 165 Stepping 2, GenuineIntel
TMP=C:\Users\Phu\AppData\Local\Temp
TEMP=C:\Users\Phu\AppData\Local\Temp




Periodic native trim disabled

---------------  S Y S T E M  ---------------

OS:
 Windows 11 , 64 bit Build 22621 (10.0.22621.3527)
OS uptime: 4 days 14:07 hours
Hyper-V role detected

CPU: total 8 (initial active 8) (4 cores per cpu, 2 threads per core) family 6 model 165 stepping 2 microcode 0xe0, cx8, cmov, fxsr, ht, mmx, 3dnowpref, sse, sse2, sse3, ssse3, sse4.1, sse4.2, popcnt, lzcnt, tsc, tscinvbit, avx, avx2, aes, erms, clmul, bmi1, bmi2, adx, fma, vzeroupper, clflush, clflushopt, hv, rdtscp, f16c
Processor Information for all 8 processors :
  Max Mhz: 2496, Current Mhz: 2496, Mhz Limit: 2496

Memory: 4k page, system-wide physical 16220M (433M free)
TotalPageFile size 41163M (AvailPageFile size 51M)
current process WorkingSet (physical memory assigned to process): 247M, peak: 446M
current process commit charge ("private bytes"): 468M, peak: 509M

vm_info: Java HotSpot(TM) 64-Bit Server VM (21.0.2+13-LTS-58) for windows-amd64 JRE (21.0.2+13-LTS-58), built on 2024-01-05T18:32:24Z by "mach5one" with MS VC++ 17.1 (VS2022)

END.
